[0.466s] Invoking command in '/home/jliang/ros_ws/build/console_bridge_vendor': CMAKE_PREFIX_PATH=${CMAKE_PREFIX_PATH}:/home/jliang/ros_ws/install/tf2_tools:/home/jliang/ros_ws/install/examples_tf2_py:/home/jliang/ros_ws/install/tf2_ros_py:/home/jliang/ros_ws/install/ros2plugin:/home/jliang/ros_ws/install/ravage_ros:/home/jliang/ros_ws/install/sensor_msgs_py:/home/jliang/ros_ws/install/rosidl_cli CONDA_PROMPT_MODIFIER=(ros_humble) /home/jliang/miniforge3/envs/ros_humble/bin/cmake --build /home/jliang/ros_ws/build/console_bridge_vendor -- -j48 -l48
[0.512s] Invoked command in '/home/jliang/ros_ws/build/console_bridge_vendor' returned '0': CMAKE_PREFIX_PATH=${CMAKE_PREFIX_PATH}:/home/jliang/ros_ws/install/tf2_tools:/home/jliang/ros_ws/install/examples_tf2_py:/home/jliang/ros_ws/install/tf2_ros_py:/home/jliang/ros_ws/install/ros2plugin:/home/jliang/ros_ws/install/ravage_ros:/home/jliang/ros_ws/install/sensor_msgs_py:/home/jliang/ros_ws/install/rosidl_cli CONDA_PROMPT_MODIFIER=(ros_humble) /home/jliang/miniforge3/envs/ros_humble/bin/cmake --build /home/jliang/ros_ws/build/console_bridge_vendor -- -j48 -l48
[0.515s] Invoking command in '/home/jliang/ros_ws/build/console_bridge_vendor': CMAKE_PREFIX_PATH=${CMAKE_PREFIX_PATH}:/home/jliang/ros_ws/install/tf2_tools:/home/jliang/ros_ws/install/examples_tf2_py:/home/jliang/ros_ws/install/tf2_ros_py:/home/jliang/ros_ws/install/ros2plugin:/home/jliang/ros_ws/install/ravage_ros:/home/jliang/ros_ws/install/sensor_msgs_py:/home/jliang/ros_ws/install/rosidl_cli CONDA_PROMPT_MODIFIER=(ros_humble) /home/jliang/miniforge3/envs/ros_humble/bin/cmake --install /home/jliang/ros_ws/build/console_bridge_vendor
[0.521s] -- Install configuration: "Release"
[0.522s] -- Execute custom install script
[0.522s] -- Up-to-date symlink: /home/jliang/ros_ws/install/console_bridge_vendor/share/ament_index/resource_index/package_run_dependencies/console_bridge_vendor
[0.522s] -- Up-to-date symlink: /home/jliang/ros_ws/install/console_bridge_vendor/share/ament_index/resource_index/parent_prefix_path/console_bridge_vendor
[0.522s] -- Up-to-date symlink: /home/jliang/ros_ws/install/console_bridge_vendor/share/console_bridge_vendor/environment/ament_prefix_path.sh
[0.523s] -- Up-to-date symlink: /home/jliang/ros_ws/install/console_bridge_vendor/share/console_bridge_vendor/environment/ament_prefix_path.dsv
[0.523s] -- Up-to-date symlink: /home/jliang/ros_ws/install/console_bridge_vendor/share/console_bridge_vendor/environment/path.sh
[0.523s] -- Up-to-date symlink: /home/jliang/ros_ws/install/console_bridge_vendor/share/console_bridge_vendor/environment/path.dsv
[0.523s] -- Up-to-date symlink: /home/jliang/ros_ws/install/console_bridge_vendor/share/console_bridge_vendor/local_setup.bash
[0.523s] -- Up-to-date symlink: /home/jliang/ros_ws/install/console_bridge_vendor/share/console_bridge_vendor/local_setup.sh
[0.523s] -- Up-to-date symlink: /home/jliang/ros_ws/install/console_bridge_vendor/share/console_bridge_vendor/local_setup.zsh
[0.523s] -- Up-to-date symlink: /home/jliang/ros_ws/install/console_bridge_vendor/share/console_bridge_vendor/local_setup.dsv
[0.523s] -- Symlinking: /home/jliang/ros_ws/install/console_bridge_vendor/share/console_bridge_vendor/package.dsv
[0.531s] -- Up-to-date symlink: /home/jliang/ros_ws/install/console_bridge_vendor/share/ament_index/resource_index/packages/console_bridge_vendor
[0.531s] -- Up-to-date symlink: /home/jliang/ros_ws/install/console_bridge_vendor/share/console_bridge_vendor/cmake/console_bridge_vendorConfig.cmake
[0.532s] -- Up-to-date symlink: /home/jliang/ros_ws/install/console_bridge_vendor/share/console_bridge_vendor/cmake/console_bridge_vendorConfig-version.cmake
[0.532s] -- Up-to-date symlink: /home/jliang/ros_ws/install/console_bridge_vendor/share/console_bridge_vendor/package.xml
[0.555s] Invoked command in '/home/jliang/ros_ws/build/console_bridge_vendor' returned '0': CMAKE_PREFIX_PATH=${CMAKE_PREFIX_PATH}:/home/jliang/ros_ws/install/tf2_tools:/home/jliang/ros_ws/install/examples_tf2_py:/home/jliang/ros_ws/install/tf2_ros_py:/home/jliang/ros_ws/install/ros2plugin:/home/jliang/ros_ws/install/ravage_ros:/home/jliang/ros_ws/install/sensor_msgs_py:/home/jliang/ros_ws/install/rosidl_cli CONDA_PROMPT_MODIFIER=(ros_humble) /home/jliang/miniforge3/envs/ros_humble/bin/cmake --install /home/jliang/ros_ws/build/console_bridge_vendor
