[0mCMake Deprecation Warning at CMakeLists.txt:1 (cmake_minimum_required):
  Compatibility with CMake < 3.10 will be removed from a future version of
  CMake.

  Update the VERSION argument <min> value.  Or, use the <min>...<max> syntax
  to tell CMake that the project requires at least <min> but has been updated
  to work with policies introduced by <max> or earlier.

[0m
-- The C compiler identification is GNU 14.3.0
-- The CXX compiler identification is GNU 14.3.0
-- Detecting C compiler ABI info
-- Detecting C compiler ABI info - done
-- Check for working C compiler: /home/jliang/miniforge3/envs/ros_humble/bin/x86_64-conda-linux-gnu-cc - skipped
-- Detecting C compile features
-- Detecting C compile features - done
-- Detecting CXX compiler ABI info
-- Detecting CXX compiler ABI info - done
-- Check for working CXX compiler: /home/jliang/miniforge3/envs/ros_humble/bin/x86_64-conda-linux-gnu-c++ - skipped
-- Detecting CXX compile features
-- Detecting CXX compile features - done
-- Found ament_cmake: 1.3.3 (/home/jliang/miniforge3/envs/ros_humble/share/ament_cmake/cmake)
-- Found Python3: /home/jliang/miniforge3/envs/ros_humble/bin/python (found version "3.10.19") found components: Interpreter
-- Override CMake install command with custom implementation using symlinks instead of copying resources
-- Found ament_index_cpp: 1.4.0 (/home/jliang/miniforge3/envs/ros_humble/share/ament_index_cpp/cmake)
-- Found class_loader: 2.2.0 (/home/jliang/miniforge3/envs/ros_humble/share/class_loader/cmake)
-- Found tinyxml2_vendor: 0.7.5 (/home/jliang/miniforge3/envs/ros_humble/share/tinyxml2_vendor/cmake)
-- Found TinyXML2 via Config file: /home/jliang/miniforge3/envs/ros_humble/lib/cmake/tinyxml2
-- Configuring done (1.0s)
[33mCMake Warning:
  Manually-specified variables were not used by the project:

    PYTHON_EXECUTABLE
    ROS_DISTRO

[0m
-- Generating done (0.0s)
-- Build files have been written to: /home/jliang/ros_ws/build/pluginlib
[ 50%] [32mBuilding CXX object CMakeFiles/list_plugins.dir/src/list_plugins.cpp.o[0m
[100%] [1m[32mLinking CXX executable list_plugins[0m
[100%] Built target list_plugins
