[1.058s] Invoking command in '/home/jliang/ros_ws/build/rosidl_cli': CONDA_PROMPT_MODIFIER=(ros_humble) PYTHONPATH=/home/jliang/ros_ws/build/rosidl_cli/prefix_override:/home/jliang/miniforge3/envs/ros_humble/lib/python3.10/site-packages/colcon_core/task/python/colcon_distutils_commands:/home/jliang/ros_ws/install/rosidl_cli/lib/python3.10/site-packages:${PYTHONPATH} /home/jliang/miniforge3/envs/ros_humble/bin/python3.10 -W ignore:setup.py install is deprecated -W ignore:easy_install command is deprecated setup.py develop --editable --build-directory /home/jliang/ros_ws/build/rosidl_cli/build --no-deps symlink_data
[1.562s] running develop
[1.824s] running egg_info
[1.824s] creating rosidl_cli.egg-info
[1.866s] writing rosidl_cli.egg-info/PKG-INFO
[1.910s] writing dependency_links to rosidl_cli.egg-info/dependency_links.txt
[2.021s] writing entry points to rosidl_cli.egg-info/entry_points.txt
[2.096s] writing requirements to rosidl_cli.egg-info/requires.txt
[2.134s] writing top-level names to rosidl_cli.egg-info/top_level.txt
[2.134s] writing manifest file 'rosidl_cli.egg-info/SOURCES.txt'
[2.185s] reading manifest file 'rosidl_cli.egg-info/SOURCES.txt'
[2.186s] writing manifest file 'rosidl_cli.egg-info/SOURCES.txt'
[2.232s] running build_ext
[2.232s] Creating /home/jliang/ros_ws/install/rosidl_cli/lib/python3.10/site-packages/rosidl-cli.egg-link (link to .)
[2.233s] Installing rosidl script to /home/jliang/ros_ws/install/rosidl_cli/bin
[2.233s] 
[2.233s] Installed /home/jliang/ros_ws/build/rosidl_cli
[2.233s] running symlink_data
[2.233s] creating /home/jliang/ros_ws/install/rosidl_cli/share/ament_index
[2.233s] creating /home/jliang/ros_ws/install/rosidl_cli/share/ament_index/resource_index
[2.233s] creating /home/jliang/ros_ws/install/rosidl_cli/share/ament_index/resource_index/packages
[2.233s] symbolically linking /home/jliang/ros_ws/build/rosidl_cli/resource/rosidl_cli -> /home/jliang/ros_ws/install/rosidl_cli/share/ament_index/resource_index/packages
[2.233s] symbolically linking /home/jliang/ros_ws/build/rosidl_cli/package.xml -> /home/jliang/ros_ws/install/rosidl_cli/share/rosidl_cli
[2.233s] symbolically linking /home/jliang/ros_ws/build/rosidl_cli/resource/package.dsv -> /home/jliang/ros_ws/install/rosidl_cli/share/rosidl_cli
[2.233s] creating /home/jliang/ros_ws/install/rosidl_cli/share/rosidl_cli/environment
[2.233s] symbolically linking /home/jliang/ros_ws/build/rosidl_cli/completion/rosidl-argcomplete.bash -> /home/jliang/ros_ws/install/rosidl_cli/share/rosidl_cli/environment
[2.234s] symbolically linking /home/jliang/ros_ws/build/rosidl_cli/completion/rosidl-argcomplete.zsh -> /home/jliang/ros_ws/install/rosidl_cli/share/rosidl_cli/environment
[2.257s] Invoked command in '/home/jliang/ros_ws/build/rosidl_cli' returned '0': CONDA_PROMPT_MODIFIER=(ros_humble) PYTHONPATH=/home/jliang/ros_ws/build/rosidl_cli/prefix_override:/home/jliang/miniforge3/envs/ros_humble/lib/python3.10/site-packages/colcon_core/task/python/colcon_distutils_commands:/home/jliang/ros_ws/install/rosidl_cli/lib/python3.10/site-packages:${PYTHONPATH} /home/jliang/miniforge3/envs/ros_humble/bin/python3.10 -W ignore:setup.py install is deprecated -W ignore:easy_install command is deprecated setup.py develop --editable --build-directory /home/jliang/ros_ws/build/rosidl_cli/build --no-deps symlink_data
