[100%] Built target rcl_logging_spdlog
-- Install configuration: "Release"
-- Execute custom install script
-- Up-to-date symlink: /home/jliang/ros_ws/install/rcl_logging_spdlog/share/ament_index/resource_index/package_run_dependencies/rcl_logging_spdlog
-- Up-to-date symlink: /home/jliang/ros_ws/install/rcl_logging_spdlog/share/ament_index/resource_index/parent_prefix_path/rcl_logging_spdlog
-- Up-to-date symlink: /home/jliang/ros_ws/install/rcl_logging_spdlog/share/rcl_logging_spdlog/environment/ament_prefix_path.sh
-- Up-to-date symlink: /home/jliang/ros_ws/install/rcl_logging_spdlog/share/rcl_logging_spdlog/environment/ament_prefix_path.dsv
-- Up-to-date symlink: /home/jliang/ros_ws/install/rcl_logging_spdlog/share/rcl_logging_spdlog/environment/path.sh
-- Up-to-date symlink: /home/jliang/ros_ws/install/rcl_logging_spdlog/share/rcl_logging_spdlog/environment/path.dsv
-- Up-to-date symlink: /home/jliang/ros_ws/install/rcl_logging_spdlog/share/rcl_logging_spdlog/local_setup.bash
-- Up-to-date symlink: /home/jliang/ros_ws/install/rcl_logging_spdlog/share/rcl_logging_spdlog/local_setup.sh
-- Up-to-date symlink: /home/jliang/ros_ws/install/rcl_logging_spdlog/share/rcl_logging_spdlog/local_setup.zsh
-- Up-to-date symlink: /home/jliang/ros_ws/install/rcl_logging_spdlog/share/rcl_logging_spdlog/local_setup.dsv
-- Symlinking: /home/jliang/ros_ws/install/rcl_logging_spdlog/share/rcl_logging_spdlog/package.dsv
-- Up-to-date symlink: /home/jliang/ros_ws/install/rcl_logging_spdlog/share/ament_index/resource_index/packages/rcl_logging_spdlog
-- Up-to-date symlink: /home/jliang/ros_ws/install/rcl_logging_spdlog/share/rcl_logging_spdlog/cmake/ament_cmake_export_dependencies-extras.cmake
-- Up-to-date symlink: /home/jliang/ros_ws/install/rcl_logging_spdlog/share/rcl_logging_spdlog/cmake/ament_cmake_export_libraries-extras.cmake
-- Up-to-date symlink: /home/jliang/ros_ws/install/rcl_logging_spdlog/share/rcl_logging_spdlog/cmake/ament_cmake_export_targets-extras.cmake
-- Up-to-date symlink: /home/jliang/ros_ws/install/rcl_logging_spdlog/share/rcl_logging_spdlog/cmake/rcl_logging_spdlogConfig.cmake
-- Up-to-date symlink: /home/jliang/ros_ws/install/rcl_logging_spdlog/share/rcl_logging_spdlog/cmake/rcl_logging_spdlogConfig-version.cmake
-- Up-to-date symlink: /home/jliang/ros_ws/install/rcl_logging_spdlog/share/rcl_logging_spdlog/package.xml
-- Installing: /home/jliang/ros_ws/install/rcl_logging_spdlog/lib/librcl_logging_spdlog.so
-- Set non-toolchain portion of runtime path of "/home/jliang/ros_ws/install/rcl_logging_spdlog/lib/librcl_logging_spdlog.so" to ""
-- Up-to-date: /home/jliang/ros_ws/install/rcl_logging_spdlog/share/rcl_logging_spdlog/cmake/rcl_logging_spdlogExport.cmake
-- Up-to-date: /home/jliang/ros_ws/install/rcl_logging_spdlog/share/rcl_logging_spdlog/cmake/rcl_logging_spdlogExport-release.cmake
