running egg_info
creating ../../build/ravage_ros/ravage_ros.egg-info
writing ../../build/ravage_ros/ravage_ros.egg-info/PKG-INFO
writing dependency_links to ../../build/ravage_ros/ravage_ros.egg-info/dependency_links.txt
writing entry points to ../../build/ravage_ros/ravage_ros.egg-info/entry_points.txt
writing requirements to ../../build/ravage_ros/ravage_ros.egg-info/requires.txt
writing top-level names to ../../build/ravage_ros/ravage_ros.egg-info/top_level.txt
writing manifest file '../../build/ravage_ros/ravage_ros.egg-info/SOURCES.txt'
reading manifest file '../../build/ravage_ros/ravage_ros.egg-info/SOURCES.txt'
writing manifest file '../../build/ravage_ros/ravage_ros.egg-info/SOURCES.txt'
running build
running build_py
creating /root/ros2_ws/build/ravage_ros/build
creating /root/ros2_ws/build/ravage_ros/build/lib
creating /root/ros2_ws/build/ravage_ros/build/lib/ravage_ros
copying ravage_ros/ravage_node.py -> /root/ros2_ws/build/ravage_ros/build/lib/ravage_ros
copying ravage_ros/__init__.py -> /root/ros2_ws/build/ravage_ros/build/lib/ravage_ros
running install
running install_lib
creating /root/ros2_ws/install/ravage_ros/lib/python3.10/site-packages/ravage_ros
copying /root/ros2_ws/build/ravage_ros/build/lib/ravage_ros/ravage_node.py -> /root/ros2_ws/install/ravage_ros/lib/python3.10/site-packages/ravage_ros
copying /root/ros2_ws/build/ravage_ros/build/lib/ravage_ros/__init__.py -> /root/ros2_ws/install/ravage_ros/lib/python3.10/site-packages/ravage_ros
byte-compiling /root/ros2_ws/install/ravage_ros/lib/python3.10/site-packages/ravage_ros/ravage_node.py to ravage_node.cpython-310.pyc
Sorry: IndentationError: unindent does not match any outer indentation level (ravage_node.py, line 109)
byte-compiling /root/ros2_ws/install/ravage_ros/lib/python3.10/site-packages/ravage_ros/__init__.py to __init__.cpython-310.pyc
running install_data
creating /root/ros2_ws/install/ravage_ros/share/ament_index
creating /root/ros2_ws/install/ravage_ros/share/ament_index/resource_index
creating /root/ros2_ws/install/ravage_ros/share/ament_index/resource_index/packages
copying resource/ravage_ros -> /root/ros2_ws/install/ravage_ros/share/ament_index/resource_index/packages
copying package.xml -> /root/ros2_ws/install/ravage_ros/share/ravage_ros
running install_egg_info
Copying ../../build/ravage_ros/ravage_ros.egg-info to /root/ros2_ws/install/ravage_ros/lib/python3.10/site-packages/ravage_ros-0.0.0-py3.10.egg-info
running install_scripts
writing list of installed files to '/root/ros2_ws/build/ravage_ros/install.log'
