[0.340s] Invoking command in '/root/ros2_ws/src/ravage_ros': PYTHONPATH=/root/ros2_ws/build/ravage_ros/prefix_override:/usr/lib/python3/dist-packages/colcon_core/task/python/colcon_distutils_commands:/root/ros2_ws/install/ravage_ros/lib/python3.10/site-packages: /usr/bin/python3 -W ignore:setup.py install is deprecated -W ignore:easy_install command is deprecated setup.py egg_info --egg-base ../../build/ravage_ros build --build-base /root/ros2_ws/build/ravage_ros/build install --record /root/ros2_ws/build/ravage_ros/install.log --single-version-externally-managed install_data
[0.458s] running egg_info
[0.458s] creating ../../build/ravage_ros/ravage_ros.egg-info
[0.459s] writing ../../build/ravage_ros/ravage_ros.egg-info/PKG-INFO
[0.459s] writing dependency_links to ../../build/ravage_ros/ravage_ros.egg-info/dependency_links.txt
[0.459s] writing entry points to ../../build/ravage_ros/ravage_ros.egg-info/entry_points.txt
[0.459s] writing requirements to ../../build/ravage_ros/ravage_ros.egg-info/requires.txt
[0.459s] writing top-level names to ../../build/ravage_ros/ravage_ros.egg-info/top_level.txt
[0.459s] writing manifest file '../../build/ravage_ros/ravage_ros.egg-info/SOURCES.txt'
[0.460s] reading manifest file '../../build/ravage_ros/ravage_ros.egg-info/SOURCES.txt'
[0.460s] writing manifest file '../../build/ravage_ros/ravage_ros.egg-info/SOURCES.txt'
[0.461s] running build
[0.461s] running build_py
[0.461s] creating /root/ros2_ws/build/ravage_ros/build
[0.461s] creating /root/ros2_ws/build/ravage_ros/build/lib
[0.461s] creating /root/ros2_ws/build/ravage_ros/build/lib/ravage_ros
[0.461s] copying ravage_ros/ravage_node.py -> /root/ros2_ws/build/ravage_ros/build/lib/ravage_ros
[0.462s] copying ravage_ros/__init__.py -> /root/ros2_ws/build/ravage_ros/build/lib/ravage_ros
[0.462s] running install
[0.462s] running install_lib
[0.462s] creating /root/ros2_ws/install/ravage_ros/lib/python3.10/site-packages/ravage_ros
[0.463s] copying /root/ros2_ws/build/ravage_ros/build/lib/ravage_ros/ravage_node.py -> /root/ros2_ws/install/ravage_ros/lib/python3.10/site-packages/ravage_ros
[0.463s] copying /root/ros2_ws/build/ravage_ros/build/lib/ravage_ros/__init__.py -> /root/ros2_ws/install/ravage_ros/lib/python3.10/site-packages/ravage_ros
[0.463s] byte-compiling /root/ros2_ws/install/ravage_ros/lib/python3.10/site-packages/ravage_ros/ravage_node.py to ravage_node.cpython-310.pyc
[0.464s] Sorry: IndentationError: unindent does not match any outer indentation level (ravage_node.py, line 109)
[0.464s] byte-compiling /root/ros2_ws/install/ravage_ros/lib/python3.10/site-packages/ravage_ros/__init__.py to __init__.cpython-310.pyc
[0.464s] running install_data
[0.464s] creating /root/ros2_ws/install/ravage_ros/share/ament_index
[0.464s] creating /root/ros2_ws/install/ravage_ros/share/ament_index/resource_index
[0.464s] creating /root/ros2_ws/install/ravage_ros/share/ament_index/resource_index/packages
[0.465s] copying resource/ravage_ros -> /root/ros2_ws/install/ravage_ros/share/ament_index/resource_index/packages
[0.465s] copying package.xml -> /root/ros2_ws/install/ravage_ros/share/ravage_ros
[0.465s] running install_egg_info
[0.466s] Copying ../../build/ravage_ros/ravage_ros.egg-info to /root/ros2_ws/install/ravage_ros/lib/python3.10/site-packages/ravage_ros-0.0.0-py3.10.egg-info
[0.467s] running install_scripts
[0.482s] writing list of installed files to '/root/ros2_ws/build/ravage_ros/install.log'
[0.499s] Invoked command in '/root/ros2_ws/src/ravage_ros' returned '0': PYTHONPATH=/root/ros2_ws/build/ravage_ros/prefix_override:/usr/lib/python3/dist-packages/colcon_core/task/python/colcon_distutils_commands:/root/ros2_ws/install/ravage_ros/lib/python3.10/site-packages: /usr/bin/python3 -W ignore:setup.py install is deprecated -W ignore:easy_install command is deprecated setup.py egg_info --egg-base ../../build/ravage_ros build --build-base /root/ros2_ws/build/ravage_ros/build install --record /root/ros2_ws/build/ravage_ros/install.log --single-version-externally-managed install_data
