[0.460s] Invoking command in '/home/jliang/ros_ws/build/mavlink': CONDA_PROMPT_MODIFIER=(ros_humble) /home/jliang/miniforge3/envs/ros_humble/bin/cmake /home/jliang/ros_ws/src/mavlink -DCMAKE_BUILD_TYPE=Release -DBUILD_TESTING=OFF -DPython3_EXECUTABLE=/home/jliang/miniforge3/envs/ros_humble/bin/python -DPYTHON_EXECUTABLE=/home/jliang/miniforge3/envs/ros_humble/bin/python -DROS_DISTRO=humble -DCMAKE_POLICY_VERSION_MINIMUM=3.5 -DCMAKE_INSTALL_PREFIX=/home/jliang/ros_ws/install/mavlink
[0.558s] -- The C compiler identification is GNU 14.3.0
[0.687s] -- The CXX compiler identification is GNU 14.3.0
[0.706s] -- Detecting C compiler ABI info
[0.825s] -- Detecting C compiler ABI info - done
[0.850s] -- Check for working C compiler: /home/jliang/miniforge3/envs/ros_humble/bin/x86_64-conda-linux-gnu-cc - skipped
[0.853s] -- Detecting C compile features
[0.854s] -- Detecting C compile features - done
[0.872s] -- Detecting CXX compiler ABI info
[0.990s] -- Detecting CXX compiler ABI info - done
[1.016s] -- Check for working CXX compiler: /home/jliang/miniforge3/envs/ros_humble/bin/x86_64-conda-linux-gnu-c++ - skipped
[1.017s] -- Detecting CXX compile features
[1.018s] -- Detecting CXX compile features - done
[3.986s] -- Found Python: /home/jliang/miniforge3/envs/ros_humble/bin/python3.10 (found version "3.10.19") found components: Interpreter
[4.131s] -- MAVLink dialect: common
[4.131s] -- MAVLink version: 2.0
[4.136s] -- Configuring done (3.7s)
[4.140s] -- Generating done (0.0s)
[4.140s] [33mCMake Warning:
[4.140s]   Manually-specified variables were not used by the project:
[4.140s] 
[4.141s]     BUILD_TESTING
[4.141s]     PYTHON_EXECUTABLE
[4.141s]     Python3_EXECUTABLE
[4.141s]     ROS_DISTRO
[4.141s] 
[4.141s] [0m
[4.142s] -- Build files have been written to: /home/jliang/ros_ws/build/mavlink
[4.148s] Invoked command in '/home/jliang/ros_ws/build/mavlink' returned '0': CONDA_PROMPT_MODIFIER=(ros_humble) /home/jliang/miniforge3/envs/ros_humble/bin/cmake /home/jliang/ros_ws/src/mavlink -DCMAKE_BUILD_TYPE=Release -DBUILD_TESTING=OFF -DPython3_EXECUTABLE=/home/jliang/miniforge3/envs/ros_humble/bin/python -DPYTHON_EXECUTABLE=/home/jliang/miniforge3/envs/ros_humble/bin/python -DROS_DISTRO=humble -DCMAKE_POLICY_VERSION_MINIMUM=3.5 -DCMAKE_INSTALL_PREFIX=/home/jliang/ros_ws/install/mavlink
[4.150s] Invoking command in '/home/jliang/ros_ws/build/mavlink': CONDA_PROMPT_MODIFIER=(ros_humble) /home/jliang/miniforge3/envs/ros_humble/bin/cmake --build /home/jliang/ros_ws/build/mavlink -- -j48 -l48
[4.208s] [100%] [1m[34mGenerating C headers[0m
[4.597s] Collecting fastcrc (from -r pymavlink/requirements.txt (line 1))
[4.598s]   Using cached fastcrc-0.3.5-cp310-cp310-manylinux_2_17_x86_64.manylinux2014_x86_64.whl.metadata (2.5 kB)
[4.778s] Collecting lxml>=3.6.0 (from -r pymavlink/requirements.txt (line 2))
[4.779s]   Using cached lxml-6.0.2-cp310-cp310-manylinux_2_26_x86_64.manylinux_2_28_x86_64.whl.metadata (3.6 kB)
[4.882s] Collecting setuptools>=42 (from -r pymavlink/requirements.txt (line 3))
[4.883s]   Using cached setuptools-80.9.0-py3-none-any.whl.metadata (6.6 kB)
[4.911s] Collecting wheel>=0.37.1 (from -r pymavlink/requirements.txt (line 4))
[4.912s]   Using cached wheel-0.45.1-py3-none-any.whl.metadata (2.3 kB)
[4.948s] Collecting pytest<=7.4.4 (from -r pymavlink/requirements.txt (line 7))
[4.949s]   Using cached pytest-7.4.4-py3-none-any.whl.metadata (7.9 kB)
[4.972s] Collecting syrupy (from -r pymavlink/requirements.txt (line 8))
[4.973s]   Using cached syrupy-5.0.0-py3-none-any.whl.metadata (39 kB)
[4.982s] Collecting wsproto (from -r pymavlink/requirements.txt (line 9))
[4.982s]   Using cached wsproto-1.3.2-py3-none-any.whl.metadata (5.2 kB)
[4.991s] Collecting iniconfig (from pytest<=7.4.4->-r pymavlink/requirements.txt (line 7))
[4.992s]   Using cached iniconfig-2.3.0-py3-none-any.whl.metadata (2.5 kB)
[5.006s] Collecting packaging (from pytest<=7.4.4->-r pymavlink/requirements.txt (line 7))
[5.008s]   Using cached packaging-25.0-py3-none-any.whl.metadata (3.3 kB)
[5.023s] Collecting pluggy<2.0,>=0.12 (from pytest<=7.4.4->-r pymavlink/requirements.txt (line 7))
[5.024s]   Using cached pluggy-1.6.0-py3-none-any.whl.metadata (4.8 kB)
[5.035s] Collecting exceptiongroup>=1.0.0rc8 (from pytest<=7.4.4->-r pymavlink/requirements.txt (line 7))
[5.035s]   Using cached exceptiongroup-1.3.1-py3-none-any.whl.metadata (6.7 kB)
[5.052s] Collecting tomli>=1.0.0 (from pytest<=7.4.4->-r pymavlink/requirements.txt (line 7))
[5.053s]   Using cached tomli-2.3.0-py3-none-any.whl.metadata (10 kB)
[5.066s] INFO: pip is looking at multiple versions of syrupy to determine which version is compatible with other requirements. This could take a while.
[5.067s] Collecting syrupy (from -r pymavlink/requirements.txt (line 8))
[5.068s]   Using cached syrupy-4.9.1-py3-none-any.whl.metadata (38 kB)
[5.093s] Collecting h11<1,>=0.16.0 (from wsproto->-r pymavlink/requirements.txt (line 9))
[5.094s]   Using cached h11-0.16.0-py3-none-any.whl.metadata (8.3 kB)
[5.127s] Collecting typing-extensions>=4.6.0 (from exceptiongroup>=1.0.0rc8->pytest<=7.4.4->-r pymavlink/requirements.txt (line 7))
[5.128s]   Using cached typing_extensions-4.15.0-py3-none-any.whl.metadata (3.3 kB)
[5.131s] Using cached pytest-7.4.4-py3-none-any.whl (325 kB)
[5.132s] Using cached pluggy-1.6.0-py3-none-any.whl (20 kB)
[5.133s] Using cached fastcrc-0.3.5-cp310-cp310-manylinux_2_17_x86_64.manylinux2014_x86_64.whl (287 kB)
[5.134s] Using cached lxml-6.0.2-cp310-cp310-manylinux_2_26_x86_64.manylinux_2_28_x86_64.whl (5.3 MB)
[5.141s] Using cached setuptools-80.9.0-py3-none-any.whl (1.2 MB)
[5.143s] Using cached wheel-0.45.1-py3-none-any.whl (72 kB)
[5.144s] Using cached syrupy-4.9.1-py3-none-any.whl (52 kB)
[5.144s] Using cached wsproto-1.3.2-py3-none-any.whl (24 kB)
[5.145s] Using cached h11-0.16.0-py3-none-any.whl (37 kB)
[5.146s] Using cached exceptiongroup-1.3.1-py3-none-any.whl (16 kB)
[5.147s] Using cached tomli-2.3.0-py3-none-any.whl (14 kB)
[5.148s] Using cached typing_extensions-4.15.0-py3-none-any.whl (44 kB)
[5.148s] Using cached iniconfig-2.3.0-py3-none-any.whl (7.5 kB)
[5.149s] Using cached packaging-25.0-py3-none-any.whl (66 kB)
[5.247s] Installing collected packages: wheel, typing-extensions, tomli, setuptools, pluggy, packaging, lxml, iniconfig, h11, fastcrc, wsproto, exceptiongroup, pytest, syrupy
[5.417s] [?25l
[5.585s] [2K   [38;2;249;38;114m━━━━━━━━[0m[38;2;249;38;114m╸[0m[38;5;237m━━━━━━━━━━━━━━━━━━━━━━━━━━━━━━━[0m [32m 3/14[0m [setuptools]
[5.754s] [2K   [38;2;249;38;114m━━━━━━━━[0m[38;2;249;38;114m╸[0m[38;5;237m━━━━━━━━━━━━━━━━━━━━━━━━━━━━━━━[0m [32m 3/14[0m [setuptools]
[5.922s] [2K   [38;2;249;38;114m━━━━━━━━━━━━━━[0m[38;5;237m╺[0m[38;5;237m━━━━━━━━━━━━━━━━━━━━━━━━━[0m [32m 5/14[0m [packaging]
[6.066s] [2K   [38;2;249;38;114m━━━━━━━━━━━━━━━━━━━━━━━━━━━━━━━[0m[38;5;237m╺[0m[38;5;237m━━━━━━━━[0m [32m11/14[0m [exceptiongroup]
[6.066s] [2K   [38;2;114;156;31m━━━━━━━━━━━━━━━━━━━━━━━━━━━━━━━━━━━━━━━━[0m [32m14/14[0m [syrupy]
[6.066s] [?25h
[6.068s] [31mERROR: pip's dependency resolver does not currently take into account all the packages that are installed. This behaviour is the source of the following dependency conflicts.
[6.068s] colcon-common-extensions 0.3.0 requires colcon-notification, which is not installed.
[6.068s] colcon-core 0.20.1 requires setuptools<80,>=30.3.0, but you have setuptools 80.9.0 which is incompatible.[0m[31m
[6.068s] [1A[2KSuccessfully installed exceptiongroup-1.3.1 fastcrc-0.3.5 h11-0.16.0 iniconfig-2.3.0 lxml-6.0.2 packaging-25.0 pluggy-1.6.0 pytest-7.4.4 setuptools-80.9.0 syrupy-4.9.1 tomli-2.3.0 typing-extensions-4.15.0 wheel-0.45.1 wsproto-1.3.2
[6.204s] Validating message_definitions/v1.0/common.xml
[6.221s] Parsing message_definitions/v1.0/common.xml
[6.236s] CAMERA_TRACKING_STATUS_FLAGS_IDLE has invalid values (bitmask must have powers of 2)
[6.263s] Validating /home/jliang/ros_ws/src/mavlink/message_definitions/v1.0/standard.xml
[6.263s] Parsing /home/jliang/ros_ws/src/mavlink/message_definitions/v1.0/standard.xml
[6.263s] MAV_BOOL_FALSE has invalid values (bitmask must have powers of 2)
[6.264s] Validating /home/jliang/ros_ws/src/mavlink/message_definitions/v1.0/minimal.xml
[6.265s] Parsing /home/jliang/ros_ws/src/mavlink/message_definitions/v1.0/minimal.xml
[6.270s] Found 232 MAVLink message types in 3 XML files
[6.272s] Generating C implementation in directory /home/jliang/ros_ws/build/mavlink/include/mavlink/common
[6.594s] Generating C implementation in directory /home/jliang/ros_ws/build/mavlink/include/mavlink/standard
[6.598s] Generating C implementation in directory /home/jliang/ros_ws/build/mavlink/include/mavlink/minimal
[6.601s] Copying fixed headers for protocol 2.0 to /home/jliang/ros_ws/build/mavlink/include/mavlink/
[6.619s] [100%] Built target generate_c_headers
[6.633s] Invoked command in '/home/jliang/ros_ws/build/mavlink' returned '0': CONDA_PROMPT_MODIFIER=(ros_humble) /home/jliang/miniforge3/envs/ros_humble/bin/cmake --build /home/jliang/ros_ws/build/mavlink -- -j48 -l48
[6.636s] Invoking command in '/home/jliang/ros_ws/build/mavlink': CONDA_PROMPT_MODIFIER=(ros_humble) /home/jliang/miniforge3/envs/ros_humble/bin/cmake --install /home/jliang/ros_ws/build/mavlink
[6.644s] -- Install configuration: "Release"
[6.644s] -- Installing: /home/jliang/ros_ws/install/mavlink/include/mavlink
[6.644s] -- Installing: /home/jliang/ros_ws/install/mavlink/include/mavlink/mavlink_conversions.h
[6.644s] -- Installing: /home/jliang/ros_ws/install/mavlink/include/mavlink/mavlink_helpers.h
[6.645s] -- Installing: /home/jliang/ros_ws/install/mavlink/include/mavlink/protocol.h
[6.645s] -- Installing: /home/jliang/ros_ws/install/mavlink/include/mavlink/checksum.h
[6.645s] -- Installing: /home/jliang/ros_ws/install/mavlink/include/mavlink/mavlink_types.h
[6.645s] -- Installing: /home/jliang/ros_ws/install/mavlink/include/mavlink/mavlink_get_info.h
[6.645s] -- Installing: /home/jliang/ros_ws/install/mavlink/include/mavlink/standard
[6.645s] -- Installing: /home/jliang/ros_ws/install/mavlink/include/mavlink/standard/version.h
[6.645s] -- Installing: /home/jliang/ros_ws/install/mavlink/include/mavlink/standard/mavlink.h
[6.645s] -- Installing: /home/jliang/ros_ws/install/mavlink/include/mavlink/standard/testsuite.h
[6.646s] -- Installing: /home/jliang/ros_ws/install/mavlink/include/mavlink/standard/standard.h
[6.646s] -- Installing: /home/jliang/ros_ws/install/mavlink/include/mavlink/standard/mavlink_msg_global_position_int.h
[6.646s] -- Installing: /home/jliang/ros_ws/install/mavlink/include/mavlink/standard/mavlink_msg_autopilot_version.h
[6.646s] -- Installing: /home/jliang/ros_ws/install/mavlink/include/mavlink/minimal
[6.646s] -- Installing: /home/jliang/ros_ws/install/mavlink/include/mavlink/minimal/version.h
[6.646s] -- Installing: /home/jliang/ros_ws/install/mavlink/include/mavlink/minimal/mavlink_msg_heartbeat.h
[6.646s] -- Installing: /home/jliang/ros_ws/install/mavlink/include/mavlink/minimal/mavlink.h
[6.646s] -- Installing: /home/jliang/ros_ws/install/mavlink/include/mavlink/minimal/testsuite.h
[6.647s] -- Installing: /home/jliang/ros_ws/install/mavlink/include/mavlink/minimal/minimal.h
[6.647s] -- Installing: /home/jliang/ros_ws/install/mavlink/include/mavlink/common
[6.647s] -- Installing: /home/jliang/ros_ws/install/mavlink/include/mavlink/common/mavlink_msg_log_erase.h
[6.647s] -- Installing: /home/jliang/ros_ws/install/mavlink/include/mavlink/common/version.h
[6.647s] -- Installing: /home/jliang/ros_ws/install/mavlink/include/mavlink/common/mavlink_msg_system_time.h
[6.647s] -- Installing: /home/jliang/ros_ws/install/mavlink/include/mavlink/common/mavlink_msg_gps_status.h
[6.647s] -- Installing: /home/jliang/ros_ws/install/mavlink/include/mavlink/common/mavlink_msg_wind_cov.h
[6.647s] -- Installing: /home/jliang/ros_ws/install/mavlink/include/mavlink/common/mavlink_msg_rc_channels_scaled.h
[6.647s] -- Installing: /home/jliang/ros_ws/install/mavlink/include/mavlink/common/mavlink_msg_command_ack.h
[6.647s] -- Installing: /home/jliang/ros_ws/install/mavlink/include/mavlink/common/mavlink_msg_can_frame.h
[6.647s] -- Installing: /home/jliang/ros_ws/install/mavlink/include/mavlink/common/mavlink_msg_gimbal_device_information.h
[6.648s] -- Installing: /home/jliang/ros_ws/install/mavlink/include/mavlink/common/mavlink_msg_mission_current.h
[6.648s] -- Installing: /home/jliang/ros_ws/install/mavlink/include/mavlink/common/mavlink_msg_uavcan_node_info.h
[6.648s] -- Installing: /home/jliang/ros_ws/install/mavlink/include/mavlink/common/mavlink_msg_play_tune_v2.h
[6.648s] -- Installing: /home/jliang/ros_ws/install/mavlink/include/mavlink/common/mavlink_msg_timesync.h
[6.648s] -- Installing: /home/jliang/ros_ws/install/mavlink/include/mavlink/common/mavlink_msg_hil_optical_flow.h
[6.648s] -- Installing: /home/jliang/ros_ws/install/mavlink/include/mavlink/common/mavlink_msg_video_stream_status.h
[6.648s] -- Installing: /home/jliang/ros_ws/install/mavlink/include/mavlink/common/mavlink_msg_mission_write_partial_list.h
[6.648s] -- Installing: /home/jliang/ros_ws/install/mavlink/include/mavlink/common/mavlink_msg_supported_tunes.h
[6.649s] -- Installing: /home/jliang/ros_ws/install/mavlink/include/mavlink/common/mavlink_msg_odometry.h
[6.649s] -- Installing: /home/jliang/ros_ws/install/mavlink/include/mavlink/common/mavlink_msg_onboard_computer_status.h
[6.649s] -- Installing: /home/jliang/ros_ws/install/mavlink/include/mavlink/common/mavlink_msg_open_drone_id_system_update.h
[6.649s] -- Installing: /home/jliang/ros_ws/install/mavlink/include/mavlink/common/mavlink_msg_mission_item.h
[6.649s] -- Installing: /home/jliang/ros_ws/install/mavlink/include/mavlink/common/mavlink_msg_flight_information.h
[6.649s] -- Installing: /home/jliang/ros_ws/install/mavlink/include/mavlink/common/mavlink_msg_gps2_rtk.h
[6.649s] -- Installing: /home/jliang/ros_ws/install/mavlink/include/mavlink/common/mavlink_msg_gps_inject_data.h
[6.650s] -- Installing: /home/jliang/ros_ws/install/mavlink/include/mavlink/common/mavlink_msg_mission_count.h
[6.650s] -- Installing: /home/jliang/ros_ws/install/mavlink/include/mavlink/common/mavlink_msg_optical_flow.h
[6.650s] -- Installing: /home/jliang/ros_ws/install/mavlink/include/mavlink/common/mavlink_msg_sim_state.h
[6.650s] -- Installing: /home/jliang/ros_ws/install/mavlink/include/mavlink/common/mavlink_msg_ais_vessel.h
[6.650s] -- Installing: /home/jliang/ros_ws/install/mavlink/include/mavlink/common/mavlink_msg_encapsulated_data.h
[6.650s] -- Installing: /home/jliang/ros_ws/install/mavlink/include/mavlink/common/mavlink_msg_smart_battery_info.h
[6.650s] -- Installing: /home/jliang/ros_ws/install/mavlink/include/mavlink/common/mavlink_msg_rc_channels_override.h
[6.650s] -- Installing: /home/jliang/ros_ws/install/mavlink/include/mavlink/common/mavlink_msg_param_ext_ack.h
[6.651s] -- Installing: /home/jliang/ros_ws/install/mavlink/include/mavlink/common/mavlink_msg_log_request_data.h
[6.651s] -- Installing: /home/jliang/ros_ws/install/mavlink/include/mavlink/common/mavlink_msg_mag_cal_report.h
[6.651s] -- Installing: /home/jliang/ros_ws/install/mavlink/include/mavlink/common/mavlink_msg_param_ext_request_list.h
[6.651s] -- Installing: /home/jliang/ros_ws/install/mavlink/include/mavlink/common/mavlink_msg_hil_actuator_controls.h
[6.651s] -- Installing: /home/jliang/ros_ws/install/mavlink/include/mavlink/common/mavlink_msg_actuator_output_status.h
[6.651s] -- Installing: /home/jliang/ros_ws/install/mavlink/include/mavlink/common/mavlink_msg_current_mode.h
[6.651s] -- Installing: /home/jliang/ros_ws/install/mavlink/include/mavlink/common/mavlink_msg_param_ext_request_read.h
[6.651s] -- Installing: /home/jliang/ros_ws/install/mavlink/include/mavlink/common/mavlink_msg_time_estimate_to_target.h
[6.652s] -- Installing: /home/jliang/ros_ws/install/mavlink/include/mavlink/common/mavlink_msg_global_vision_position_estimate.h
[6.652s] -- Installing: /home/jliang/ros_ws/install/mavlink/include/mavlink/common/mavlink_msg_high_latency2.h
[6.652s] -- Installing: /home/jliang/ros_ws/install/mavlink/include/mavlink/common/mavlink_msg_obstacle_distance.h
[6.652s] -- Installing: /home/jliang/ros_ws/install/mavlink/include/mavlink/common/mavlink_msg_debug.h
[6.652s] -- Installing: /home/jliang/ros_ws/install/mavlink/include/mavlink/common/mavlink_msg_gps_rtk.h
[6.652s] -- Installing: /home/jliang/ros_ws/install/mavlink/include/mavlink/common/mavlink_msg_mount_orientation.h
[6.652s] -- Installing: /home/jliang/ros_ws/install/mavlink/include/mavlink/common/mavlink_msg_set_home_position.h
[6.653s] -- Installing: /home/jliang/ros_ws/install/mavlink/include/mavlink/common/mavlink_msg_gimbal_manager_set_manual_control.h
[6.653s] -- Installing: /home/jliang/ros_ws/install/mavlink/include/mavlink/common/mavlink_msg_video_stream_information.h
[6.653s] -- Installing: /home/jliang/ros_ws/install/mavlink/include/mavlink/common/common.h
[6.653s] -- Installing: /home/jliang/ros_ws/install/mavlink/include/mavlink/common/mavlink_msg_fence_status.h
[6.653s] -- Installing: /home/jliang/ros_ws/install/mavlink/include/mavlink/common/mavlink_msg_winch_status.h
[6.654s] -- Installing: /home/jliang/ros_ws/install/mavlink/include/mavlink/common/mavlink_msg_safety_allowed_area.h
[6.654s] -- Installing: /home/jliang/ros_ws/install/mavlink/include/mavlink/common/mavlink_msg_altitude.h
[6.654s] -- Installing: /home/jliang/ros_ws/install/mavlink/include/mavlink/common/mavlink_msg_power_status.h
[6.654s] -- Installing: /home/jliang/ros_ws/install/mavlink/include/mavlink/common/mavlink_msg_camera_tracking_image_status.h
[6.654s] -- Installing: /home/jliang/ros_ws/install/mavlink/include/mavlink/common/mavlink_msg_change_operator_control_ack.h
[6.654s] -- Installing: /home/jliang/ros_ws/install/mavlink/include/mavlink/common/mavlink_msg_gps2_raw.h
[6.654s] -- Installing: /home/jliang/ros_ws/install/mavlink/include/mavlink/common/mavlink.h
[6.654s] -- Installing: /home/jliang/ros_ws/install/mavlink/include/mavlink/common/mavlink_msg_log_data.h
[6.655s] -- Installing: /home/jliang/ros_ws/install/mavlink/include/mavlink/common/mavlink_msg_mission_set_current.h
[6.655s] -- Installing: /home/jliang/ros_ws/install/mavlink/include/mavlink/common/mavlink_msg_set_position_target_global_int.h
[6.655s] -- Installing: /home/jliang/ros_ws/install/mavlink/include/mavlink/common/mavlink_msg_att_pos_mocap.h
[6.655s] -- Installing: /home/jliang/ros_ws/install/mavlink/include/mavlink/common/mavlink_msg_vision_speed_estimate.h
[6.655s] -- Installing: /home/jliang/ros_ws/install/mavlink/include/mavlink/common/mavlink_msg_fuel_status.h
[6.655s] -- Installing: /home/jliang/ros_ws/install/mavlink/include/mavlink/common/mavlink_msg_protocol_version.h
[6.655s] -- Installing: /home/jliang/ros_ws/install/mavlink/include/mavlink/common/mavlink_msg_trajectory_representation_waypoints.h
[6.656s] -- Installing: /home/jliang/ros_ws/install/mavlink/include/mavlink/common/mavlink_msg_servo_output_raw.h
[6.656s] -- Installing: /home/jliang/ros_ws/install/mavlink/include/mavlink/common/mavlink_msg_hil_state.h
[6.656s] -- Installing: /home/jliang/ros_ws/install/mavlink/include/mavlink/common/mavlink_msg_generator_status.h
[6.656s] -- Installing: /home/jliang/ros_ws/install/mavlink/include/mavlink/common/mavlink_msg_raw_rpm.h
[6.656s] -- Installing: /home/jliang/ros_ws/install/mavlink/include/mavlink/common/mavlink_msg_debug_vect.h
[6.656s] -- Installing: /home/jliang/ros_ws/install/mavlink/include/mavlink/common/mavlink_msg_button_change.h
[6.656s] -- Installing: /home/jliang/ros_ws/install/mavlink/include/mavlink/common/mavlink_msg_wifi_config_ap.h
[6.656s] -- Installing: /home/jliang/ros_ws/install/mavlink/include/mavlink/common/mavlink_msg_cellular_config.h
[6.657s] -- Installing: /home/jliang/ros_ws/install/mavlink/include/mavlink/common/mavlink_msg_hil_rc_inputs_raw.h
[6.657s] -- Installing: /home/jliang/ros_ws/install/mavlink/include/mavlink/common/mavlink_msg_mission_request.h
[6.657s] -- Installing: /home/jliang/ros_ws/install/mavlink/include/mavlink/common/mavlink_msg_v2_extension.h
[6.657s] -- Installing: /home/jliang/ros_ws/install/mavlink/include/mavlink/common/mavlink_msg_can_filter_modify.h
[6.657s] -- Installing: /home/jliang/ros_ws/install/mavlink/include/mavlink/common/mavlink_msg_command_long.h
[6.657s] -- Installing: /home/jliang/ros_ws/install/mavlink/include/mavlink/common/mavlink_msg_serial_control.h
[6.657s] -- Installing: /home/jliang/ros_ws/install/mavlink/include/mavlink/common/mavlink_msg_current_event_sequence.h
[6.658s] -- Installing: /home/jliang/ros_ws/install/mavlink/include/mavlink/common/mavlink_msg_memory_vect.h
[6.658s] -- Installing: /home/jliang/ros_ws/install/mavlink/include/mavlink/common/mavlink_msg_attitude_target.h
[6.658s] -- Installing: /home/jliang/ros_ws/install/mavlink/include/mavlink/common/testsuite.h
[6.659s] -- Installing: /home/jliang/ros_ws/install/mavlink/include/mavlink/common/mavlink_msg_component_information_basic.h
[6.659s] -- Installing: /home/jliang/ros_ws/install/mavlink/include/mavlink/common/mavlink_msg_uavcan_node_status.h
[6.659s] -- Installing: /home/jliang/ros_ws/install/mavlink/include/mavlink/common/mavlink_msg_auth_key.h
[6.659s] -- Installing: /home/jliang/ros_ws/install/mavlink/include/mavlink/common/mavlink_msg_hil_state_quaternion.h
[6.660s] -- Installing: /home/jliang/ros_ws/install/mavlink/include/mavlink/common/mavlink_msg_position_target_local_ned.h
[6.660s] -- Installing: /home/jliang/ros_ws/install/mavlink/include/mavlink/common/mavlink_msg_terrain_data.h
[6.660s] -- Installing: /home/jliang/ros_ws/install/mavlink/include/mavlink/common/mavlink_msg_high_latency.h
[6.660s] -- Installing: /home/jliang/ros_ws/install/mavlink/include/mavlink/common/mavlink_msg_open_drone_id_operator_id.h
[6.660s] -- Installing: /home/jliang/ros_ws/install/mavlink/include/mavlink/common/mavlink_msg_camera_information.h
[6.660s] -- Installing: /home/jliang/ros_ws/install/mavlink/include/mavlink/common/mavlink_msg_param_map_rc.h
[6.660s] -- Installing: /home/jliang/ros_ws/install/mavlink/include/mavlink/common/mavlink_msg_efi_status.h
[6.661s] -- Installing: /home/jliang/ros_ws/install/mavlink/include/mavlink/common/mavlink_msg_highres_imu.h
[6.661s] -- Installing: /home/jliang/ros_ws/install/mavlink/include/mavlink/common/mavlink_msg_camera_settings.h
[6.661s] -- Installing: /home/jliang/ros_ws/install/mavlink/include/mavlink/common/mavlink_msg_position_target_global_int.h
[6.661s] -- Installing: /home/jliang/ros_ws/install/mavlink/include/mavlink/common/mavlink_msg_play_tune.h
[6.661s] -- Installing: /home/jliang/ros_ws/install/mavlink/include/mavlink/common/mavlink_msg_battery_status.h
[6.661s] -- Installing: /home/jliang/ros_ws/install/mavlink/include/mavlink/common/mavlink_msg_airspeed.h
[6.661s] -- Installing: /home/jliang/ros_ws/install/mavlink/include/mavlink/common/mavlink_msg_battery_info.h
[6.662s] -- Installing: /home/jliang/ros_ws/install/mavlink/include/mavlink/common/mavlink_msg_gimbal_manager_set_attitude.h
[6.662s] -- Installing: /home/jliang/ros_ws/install/mavlink/include/mavlink/common/mavlink_msg_scaled_pressure3.h
[6.662s] -- Installing: /home/jliang/ros_ws/install/mavlink/include/mavlink/common/mavlink_msg_terrain_request.h
[6.662s] -- Installing: /home/jliang/ros_ws/install/mavlink/include/mavlink/common/mavlink_msg_esc_info.h
[6.662s] -- Installing: /home/jliang/ros_ws/install/mavlink/include/mavlink/common/mavlink_msg_mission_request_int.h
[6.662s] -- Installing: /home/jliang/ros_ws/install/mavlink/include/mavlink/common/mavlink_msg_mission_request_partial_list.h
[6.662s] -- Installing: /home/jliang/ros_ws/install/mavlink/include/mavlink/common/mavlink_msg_control_system_state.h
[6.663s] -- Installing: /home/jliang/ros_ws/install/mavlink/include/mavlink/common/mavlink_msg_set_actuator_control_target.h
[6.663s] -- Installing: /home/jliang/ros_ws/install/mavlink/include/mavlink/common/mavlink_msg_terrain_check.h
[6.663s] -- Installing: /home/jliang/ros_ws/install/mavlink/include/mavlink/common/mavlink_msg_cellular_status.h
[6.663s] -- Installing: /home/jliang/ros_ws/install/mavlink/include/mavlink/common/mavlink_msg_attitude_quaternion.h
[6.663s] -- Installing: /home/jliang/ros_ws/install/mavlink/include/mavlink/common/mavlink_msg_utm_global_position.h
[6.663s] -- Installing: /home/jliang/ros_ws/install/mavlink/include/mavlink/common/mavlink_msg_event.h
[6.663s] -- Installing: /home/jliang/ros_ws/install/mavlink/include/mavlink/common/mavlink_msg_named_value_float.h
[6.664s] -- Installing: /home/jliang/ros_ws/install/mavlink/include/mavlink/common/mavlink_msg_param_error.h
[6.664s] -- Installing: /home/jliang/ros_ws/install/mavlink/include/mavlink/common/mavlink_msg_request_data_stream.h
[6.664s] -- Installing: /home/jliang/ros_ws/install/mavlink/include/mavlink/common/mavlink_msg_home_position.h
[6.664s] -- Installing: /home/jliang/ros_ws/install/mavlink/include/mavlink/common/mavlink_msg_param_set.h
[6.664s] -- Installing: /home/jliang/ros_ws/install/mavlink/include/mavlink/common/mavlink_msg_manual_control.h
[6.664s] -- Installing: /home/jliang/ros_ws/install/mavlink/include/mavlink/common/mavlink_msg_logging_data_acked.h
[6.664s] -- Installing: /home/jliang/ros_ws/install/mavlink/include/mavlink/common/mavlink_msg_logging_data.h
[6.665s] -- Installing: /home/jliang/ros_ws/install/mavlink/include/mavlink/common/mavlink_msg_link_node_status.h
[6.665s] -- Installing: /home/jliang/ros_ws/install/mavlink/include/mavlink/common/mavlink_msg_rc_channels.h
[6.665s] -- Installing: /home/jliang/ros_ws/install/mavlink/include/mavlink/common/mavlink_msg_change_operator_control.h
[6.665s] -- Installing: /home/jliang/ros_ws/install/mavlink/include/mavlink/common/mavlink_msg_attitude_quaternion_cov.h
[6.665s] -- Installing: /home/jliang/ros_ws/install/mavlink/include/mavlink/common/mavlink_msg_scaled_pressure.h
[6.665s] -- Installing: /home/jliang/ros_ws/install/mavlink/include/mavlink/common/mavlink_msg_gimbal_device_attitude_status.h
[6.665s] -- Installing: /home/jliang/ros_ws/install/mavlink/include/mavlink/common/mavlink_msg_global_position_int_cov.h
[6.666s] -- Installing: /home/jliang/ros_ws/install/mavlink/include/mavlink/common/mavlink_msg_param_ext_set.h
[6.666s] -- Installing: /home/jliang/ros_ws/install/mavlink/include/mavlink/common/mavlink_msg_param_request_list.h
[6.666s] -- Installing: /home/jliang/ros_ws/install/mavlink/include/mavlink/common/mavlink_msg_radio_status.h
[6.666s] -- Installing: /home/jliang/ros_ws/install/mavlink/include/mavlink/common/mavlink_msg_terrain_report.h
[6.666s] -- Installing: /home/jliang/ros_ws/install/mavlink/include/mavlink/common/mavlink_msg_vibration.h
[6.666s] -- Installing: /home/jliang/ros_ws/install/mavlink/include/mavlink/common/mavlink_msg_named_value_int.h
[6.666s] -- Installing: /home/jliang/ros_ws/install/mavlink/include/mavlink/common/mavlink_msg_scaled_imu2.h
[6.666s] -- Installing: /home/jliang/ros_ws/install/mavlink/include/mavlink/common/mavlink_msg_landing_target.h
[6.667s] -- Installing: /home/jliang/ros_ws/install/mavlink/include/mavlink/common/mavlink_msg_attitude.h
[6.667s] -- Installing: /home/jliang/ros_ws/install/mavlink/include/mavlink/common/mavlink_msg_message_interval.h
[6.667s] -- Installing: /home/jliang/ros_ws/install/mavlink/include/mavlink/common/mavlink_msg_param_request_read.h
[6.667s] -- Installing: /home/jliang/ros_ws/install/mavlink/include/mavlink/common/mavlink_msg_resource_request.h
[6.667s] -- Installing: /home/jliang/ros_ws/install/mavlink/include/mavlink/common/mavlink_msg_illuminator_status.h
[6.667s] -- Installing: /home/jliang/ros_ws/install/mavlink/include/mavlink/common/mavlink_msg_gps_rtcm_data.h
[6.667s] -- Installing: /home/jliang/ros_ws/install/mavlink/include/mavlink/common/mavlink_msg_figure_eight_execution_status.h
[6.668s] -- Installing: /home/jliang/ros_ws/install/mavlink/include/mavlink/common/mavlink_msg_component_information.h
[6.668s] -- Installing: /home/jliang/ros_ws/install/mavlink/include/mavlink/common/mavlink_msg_tunnel.h
[6.668s] -- Installing: /home/jliang/ros_ws/install/mavlink/include/mavlink/common/mavlink_msg_vicon_position_estimate.h
[6.668s] -- Installing: /home/jliang/ros_ws/install/mavlink/include/mavlink/common/mavlink_msg_nav_controller_output.h
[6.668s] -- Installing: /home/jliang/ros_ws/install/mavlink/include/mavlink/common/mavlink_msg_mission_item_reached.h
[6.668s] -- Installing: /home/jliang/ros_ws/install/mavlink/include/mavlink/common/mavlink_msg_hygrometer_sensor.h
[6.668s] -- Installing: /home/jliang/ros_ws/install/mavlink/include/mavlink/common/mavlink_msg_debug_float_array.h
[6.669s] -- Installing: /home/jliang/ros_ws/install/mavlink/include/mavlink/common/mavlink_msg_canfd_frame.h
[6.669s] -- Installing: /home/jliang/ros_ws/install/mavlink/include/mavlink/common/mavlink_msg_safety_set_allowed_area.h
[6.669s] -- Installing: /home/jliang/ros_ws/install/mavlink/include/mavlink/common/mavlink_msg_follow_target.h
[6.669s] -- Installing: /home/jliang/ros_ws/install/mavlink/include/mavlink/common/mavlink_msg_logging_ack.h
[6.669s] -- Installing: /home/jliang/ros_ws/install/mavlink/include/mavlink/common/mavlink_msg_scaled_imu3.h
[6.669s] -- Installing: /home/jliang/ros_ws/install/mavlink/include/mavlink/common/mavlink_msg_open_drone_id_authentication.h
[6.669s] -- Installing: /home/jliang/ros_ws/install/mavlink/include/mavlink/common/mavlink_msg_open_drone_id_arm_status.h
[6.670s] -- Installing: /home/jliang/ros_ws/install/mavlink/include/mavlink/common/mavlink_msg_distance_sensor.h
[6.670s] -- Installing: /home/jliang/ros_ws/install/mavlink/include/mavlink/common/mavlink_msg_local_position_ned.h
[6.670s] -- Installing: /home/jliang/ros_ws/install/mavlink/include/mavlink/common/mavlink_msg_vfr_hud.h
[6.670s] -- Installing: /home/jliang/ros_ws/install/mavlink/include/mavlink/common/mavlink_msg_response_event_error.h
[6.670s] -- Installing: /home/jliang/ros_ws/install/mavlink/include/mavlink/common/mavlink_msg_available_modes_monitor.h
[6.670s] -- Installing: /home/jliang/ros_ws/install/mavlink/include/mavlink/common/mavlink_msg_isbd_link_status.h
[6.670s] -- Installing: /home/jliang/ros_ws/install/mavlink/include/mavlink/common/mavlink_msg_sys_status.h
[6.671s] -- Installing: /home/jliang/ros_ws/install/mavlink/include/mavlink/common/mavlink_msg_scaled_imu.h
[6.671s] -- Installing: /home/jliang/ros_ws/install/mavlink/include/mavlink/common/mavlink_msg_wheel_distance.h
[6.671s] -- Installing: /home/jliang/ros_ws/install/mavlink/include/mavlink/common/mavlink_msg_camera_image_captured.h
[6.671s] -- Installing: /home/jliang/ros_ws/install/mavlink/include/mavlink/common/mavlink_msg_ping.h
[6.671s] -- Installing: /home/jliang/ros_ws/install/mavlink/include/mavlink/common/mavlink_msg_file_transfer_protocol.h
[6.671s] -- Installing: /home/jliang/ros_ws/install/mavlink/include/mavlink/common/mavlink_msg_log_entry.h
[6.671s] -- Installing: /home/jliang/ros_ws/install/mavlink/include/mavlink/common/mavlink_msg_data_transmission_handshake.h
[6.672s] -- Installing: /home/jliang/ros_ws/install/mavlink/include/mavlink/common/mavlink_msg_open_drone_id_system.h
[6.672s] -- Installing: /home/jliang/ros_ws/install/mavlink/include/mavlink/common/mavlink_msg_esc_status.h
[6.672s] -- Installing: /home/jliang/ros_ws/install/mavlink/include/mavlink/common/mavlink_msg_mission_clear_all.h
[6.672s] -- Installing: /home/jliang/ros_ws/install/mavlink/include/mavlink/common/mavlink_msg_camera_thermal_range.h
[6.672s] -- Installing: /home/jliang/ros_ws/install/mavlink/include/mavlink/common/mavlink_msg_set_mode.h
[6.672s] -- Installing: /home/jliang/ros_ws/install/mavlink/include/mavlink/common/mavlink_msg_gps_global_origin.h
[6.672s] -- Installing: /home/jliang/ros_ws/install/mavlink/include/mavlink/common/mavlink_msg_available_modes.h
[6.673s] -- Installing: /home/jliang/ros_ws/install/mavlink/include/mavlink/common/mavlink_msg_raw_pressure.h
[6.673s] -- Installing: /home/jliang/ros_ws/install/mavlink/include/mavlink/common/mavlink_msg_camera_capture_status.h
[6.673s] -- Installing: /home/jliang/ros_ws/install/mavlink/include/mavlink/common/mavlink_msg_vision_position_estimate.h
[6.673s] -- Installing: /home/jliang/ros_ws/install/mavlink/include/mavlink/common/mavlink_msg_collision.h
[6.673s] -- Installing: /home/jliang/ros_ws/install/mavlink/include/mavlink/common/mavlink_msg_command_cancel.h
[6.673s] -- Installing: /home/jliang/ros_ws/install/mavlink/include/mavlink/common/mavlink_msg_hil_controls.h
[6.673s] -- Installing: /home/jliang/ros_ws/install/mavlink/include/mavlink/common/mavlink_msg_param_value.h
[6.673s] -- Installing: /home/jliang/ros_ws/install/mavlink/include/mavlink/common/mavlink_msg_local_position_ned_cov.h
[6.674s] -- Installing: /home/jliang/ros_ws/install/mavlink/include/mavlink/common/mavlink_msg_open_drone_id_message_pack.h
[6.674s] -- Installing: /home/jliang/ros_ws/install/mavlink/include/mavlink/common/mavlink_msg_data_stream.h
[6.674s] -- Installing: /home/jliang/ros_ws/install/mavlink/include/mavlink/common/mavlink_msg_camera_trigger.h
[6.674s] -- Installing: /home/jliang/ros_ws/install/mavlink/include/mavlink/common/mavlink_msg_mission_item_int.h
[6.674s] -- Installing: /home/jliang/ros_ws/install/mavlink/include/mavlink/common/mavlink_msg_local_position_ned_system_global_offset.h
[6.674s] -- Installing: /home/jliang/ros_ws/install/mavlink/include/mavlink/common/mavlink_msg_gps_input.h
[6.675s] -- Installing: /home/jliang/ros_ws/install/mavlink/include/mavlink/common/mavlink_msg_log_request_list.h
[6.675s] -- Installing: /home/jliang/ros_ws/install/mavlink/include/mavlink/common/mavlink_msg_estimator_status.h
[6.675s] -- Installing: /home/jliang/ros_ws/install/mavlink/include/mavlink/common/mavlink_msg_camera_tracking_geo_status.h
[6.675s] -- Installing: /home/jliang/ros_ws/install/mavlink/include/mavlink/common/mavlink_msg_component_metadata.h
[6.675s] -- Installing: /home/jliang/ros_ws/install/mavlink/include/mavlink/common/mavlink_msg_command_int.h
[6.675s] -- Installing: /home/jliang/ros_ws/install/mavlink/include/mavlink/common/mavlink_msg_gimbal_device_set_attitude.h
[6.675s] -- Installing: /home/jliang/ros_ws/install/mavlink/include/mavlink/common/mavlink_msg_open_drone_id_location.h
[6.676s] -- Installing: /home/jliang/ros_ws/install/mavlink/include/mavlink/common/mavlink_msg_adsb_vehicle.h
[6.676s] -- Installing: /home/jliang/ros_ws/install/mavlink/include/mavlink/common/mavlink_msg_gimbal_manager_status.h
[6.676s] -- Installing: /home/jliang/ros_ws/install/mavlink/include/mavlink/common/mavlink_msg_gps_raw_int.h
[6.676s] -- Installing: /home/jliang/ros_ws/install/mavlink/include/mavlink/common/mavlink_msg_hil_sensor.h
[6.676s] -- Installing: /home/jliang/ros_ws/install/mavlink/include/mavlink/common/mavlink_msg_set_attitude_target.h
[6.676s] -- Installing: /home/jliang/ros_ws/install/mavlink/include/mavlink/common/mavlink_msg_rc_channels_raw.h
[6.676s] -- Installing: /home/jliang/ros_ws/install/mavlink/include/mavlink/common/mavlink_msg_log_request_end.h
[6.677s] -- Installing: /home/jliang/ros_ws/install/mavlink/include/mavlink/common/mavlink_msg_gimbal_manager_information.h
[6.677s] -- Installing: /home/jliang/ros_ws/install/mavlink/include/mavlink/common/mavlink_msg_setup_signing.h
[6.677s] -- Installing: /home/jliang/ros_ws/install/mavlink/include/mavlink/common/mavlink_msg_param_ext_value.h
[6.677s] -- Installing: /home/jliang/ros_ws/install/mavlink/include/mavlink/common/mavlink_msg_storage_information.h
[6.677s] -- Installing: /home/jliang/ros_ws/install/mavlink/include/mavlink/common/mavlink_msg_mission_request_list.h
[6.677s] -- Installing: /home/jliang/ros_ws/install/mavlink/include/mavlink/common/mavlink_msg_set_gps_global_origin.h
[6.677s] -- Installing: /home/jliang/ros_ws/install/mavlink/include/mavlink/common/mavlink_msg_open_drone_id_self_id.h
[6.678s] -- Installing: /home/jliang/ros_ws/install/mavlink/include/mavlink/common/mavlink_msg_actuator_control_target.h
[6.678s] -- Installing: /home/jliang/ros_ws/install/mavlink/include/mavlink/common/mavlink_msg_autopilot_state_for_gimbal_device.h
[6.678s] -- Installing: /home/jliang/ros_ws/install/mavlink/include/mavlink/common/mavlink_msg_request_event.h
[6.678s] -- Installing: /home/jliang/ros_ws/install/mavlink/include/mavlink/common/mavlink_msg_optical_flow_rad.h
[6.678s] -- Installing: /home/jliang/ros_ws/install/mavlink/include/mavlink/common/mavlink_msg_open_drone_id_basic_id.h
[6.678s] -- Installing: /home/jliang/ros_ws/install/mavlink/include/mavlink/common/mavlink_msg_raw_imu.h
[6.679s] -- Installing: /home/jliang/ros_ws/install/mavlink/include/mavlink/common/mavlink_msg_camera_fov_status.h
[6.679s] -- Installing: /home/jliang/ros_ws/install/mavlink/include/mavlink/common/mavlink_msg_mission_ack.h
[6.679s] -- Installing: /home/jliang/ros_ws/install/mavlink/include/mavlink/common/mavlink_msg_scaled_pressure2.h
[6.679s] -- Installing: /home/jliang/ros_ws/install/mavlink/include/mavlink/common/mavlink_msg_trajectory_representation_bezier.h
[6.679s] -- Installing: /home/jliang/ros_ws/install/mavlink/include/mavlink/common/mavlink_msg_gimbal_manager_set_pitchyaw.h
[6.679s] -- Installing: /home/jliang/ros_ws/install/mavlink/include/mavlink/common/mavlink_msg_statustext.h
[6.679s] -- Installing: /home/jliang/ros_ws/install/mavlink/include/mavlink/common/mavlink_msg_set_position_target_local_ned.h
[6.680s] -- Installing: /home/jliang/ros_ws/install/mavlink/include/mavlink/common/mavlink_msg_hil_gps.h
[6.680s] -- Installing: /home/jliang/ros_ws/install/mavlink/include/mavlink/common/mavlink_msg_manual_setpoint.h
[6.680s] -- Installing: /home/jliang/ros_ws/install/mavlink/include/mavlink/common/mavlink_msg_extended_sys_state.h
[6.680s] -- Installing: /home/jliang/ros_ws/install/mavlink/include/mavlink/common/mavlink_msg_orbit_execution_status.h
[6.680s] -- Installing: /home/jliang/ros_ws/install/mavlink/include/mavlink/mavlink_sha256.h
[6.680s] -- Installing: /home/jliang/ros_ws/install/mavlink/lib/cmake/MAVLink/MAVLinkTargets.cmake
[6.681s] -- Installing: /home/jliang/ros_ws/install/mavlink/lib/cmake/MAVLink/MAVLinkConfig.cmake
[6.683s] Invoked command in '/home/jliang/ros_ws/build/mavlink' returned '0': CONDA_PROMPT_MODIFIER=(ros_humble) /home/jliang/miniforge3/envs/ros_humble/bin/cmake --install /home/jliang/ros_ws/build/mavlink
