[ 12%] Built target ament_generate_version_header__rcl_yaml_param_parser
[100%] Built target rcl_yaml_param_parser
-- Install configuration: "Release"
-- Execute custom install script
-- Up-to-date symlink: /home/jliang/ros_ws/install/rcl_yaml_param_parser/include/rcl_yaml_param_parser/rcl_yaml_param_parser/version.h
-- Up-to-date symlink: /home/jliang/ros_ws/install/rcl_yaml_param_parser/include/rcl_yaml_param_parser/rcl_yaml_param_parser/parser.h
-- Up-to-date symlink: /home/jliang/ros_ws/install/rcl_yaml_param_parser/include/rcl_yaml_param_parser/rcl_yaml_param_parser/types.h
-- Up-to-date symlink: /home/jliang/ros_ws/install/rcl_yaml_param_parser/include/rcl_yaml_param_parser/rcl_yaml_param_parser/visibility_control.h
-- Up-to-date symlink: /home/jliang/ros_ws/install/rcl_yaml_param_parser/share/ament_index/resource_index/package_run_dependencies/rcl_yaml_param_parser
-- Up-to-date symlink: /home/jliang/ros_ws/install/rcl_yaml_param_parser/share/ament_index/resource_index/parent_prefix_path/rcl_yaml_param_parser
-- Up-to-date symlink: /home/jliang/ros_ws/install/rcl_yaml_param_parser/share/rcl_yaml_param_parser/environment/ament_prefix_path.sh
-- Up-to-date symlink: /home/jliang/ros_ws/install/rcl_yaml_param_parser/share/rcl_yaml_param_parser/environment/ament_prefix_path.dsv
-- Up-to-date symlink: /home/jliang/ros_ws/install/rcl_yaml_param_parser/share/rcl_yaml_param_parser/environment/path.sh
-- Up-to-date symlink: /home/jliang/ros_ws/install/rcl_yaml_param_parser/share/rcl_yaml_param_parser/environment/path.dsv
-- Up-to-date symlink: /home/jliang/ros_ws/install/rcl_yaml_param_parser/share/rcl_yaml_param_parser/local_setup.bash
-- Up-to-date symlink: /home/jliang/ros_ws/install/rcl_yaml_param_parser/share/rcl_yaml_param_parser/local_setup.sh
-- Up-to-date symlink: /home/jliang/ros_ws/install/rcl_yaml_param_parser/share/rcl_yaml_param_parser/local_setup.zsh
-- Up-to-date symlink: /home/jliang/ros_ws/install/rcl_yaml_param_parser/share/rcl_yaml_param_parser/local_setup.dsv
-- Symlinking: /home/jliang/ros_ws/install/rcl_yaml_param_parser/share/rcl_yaml_param_parser/package.dsv
-- Up-to-date symlink: /home/jliang/ros_ws/install/rcl_yaml_param_parser/share/ament_index/resource_index/packages/rcl_yaml_param_parser
-- Up-to-date symlink: /home/jliang/ros_ws/install/rcl_yaml_param_parser/share/rcl_yaml_param_parser/cmake/ament_cmake_export_include_directories-extras.cmake
-- Up-to-date symlink: /home/jliang/ros_ws/install/rcl_yaml_param_parser/share/rcl_yaml_param_parser/cmake/ament_cmake_export_libraries-extras.cmake
-- Up-to-date symlink: /home/jliang/ros_ws/install/rcl_yaml_param_parser/share/rcl_yaml_param_parser/cmake/ament_cmake_export_targets-extras.cmake
-- Up-to-date symlink: /home/jliang/ros_ws/install/rcl_yaml_param_parser/share/rcl_yaml_param_parser/cmake/ament_cmake_export_dependencies-extras.cmake
-- Up-to-date symlink: /home/jliang/ros_ws/install/rcl_yaml_param_parser/share/rcl_yaml_param_parser/cmake/rcl_yaml_param_parserConfig.cmake
-- Up-to-date symlink: /home/jliang/ros_ws/install/rcl_yaml_param_parser/share/rcl_yaml_param_parser/cmake/rcl_yaml_param_parserConfig-version.cmake
-- Up-to-date symlink: /home/jliang/ros_ws/install/rcl_yaml_param_parser/share/rcl_yaml_param_parser/package.xml
-- Installing: /home/jliang/ros_ws/install/rcl_yaml_param_parser/lib/librcl_yaml_param_parser.so
-- Set non-toolchain portion of runtime path of "/home/jliang/ros_ws/install/rcl_yaml_param_parser/lib/librcl_yaml_param_parser.so" to ""
-- Up-to-date: /home/jliang/ros_ws/install/rcl_yaml_param_parser/share/rcl_yaml_param_parser/cmake/rcl_yaml_param_parserExport.cmake
-- Up-to-date: /home/jliang/ros_ws/install/rcl_yaml_param_parser/share/rcl_yaml_param_parser/cmake/rcl_yaml_param_parserExport-release.cmake
