[100%] Built target rcl_logging_noop
-- Install configuration: "Release"
-- Execute custom install script
-- Up-to-date symlink: /home/jliang/ros_ws/install/rcl_logging_noop/share/ament_index/resource_index/package_run_dependencies/rcl_logging_noop
-- Up-to-date symlink: /home/jliang/ros_ws/install/rcl_logging_noop/share/ament_index/resource_index/parent_prefix_path/rcl_logging_noop
-- Up-to-date symlink: /home/jliang/ros_ws/install/rcl_logging_noop/share/rcl_logging_noop/environment/ament_prefix_path.sh
-- Up-to-date symlink: /home/jliang/ros_ws/install/rcl_logging_noop/share/rcl_logging_noop/environment/ament_prefix_path.dsv
-- Up-to-date symlink: /home/jliang/ros_ws/install/rcl_logging_noop/share/rcl_logging_noop/environment/path.sh
-- Up-to-date symlink: /home/jliang/ros_ws/install/rcl_logging_noop/share/rcl_logging_noop/environment/path.dsv
-- Up-to-date symlink: /home/jliang/ros_ws/install/rcl_logging_noop/share/rcl_logging_noop/local_setup.bash
-- Up-to-date symlink: /home/jliang/ros_ws/install/rcl_logging_noop/share/rcl_logging_noop/local_setup.sh
-- Up-to-date symlink: /home/jliang/ros_ws/install/rcl_logging_noop/share/rcl_logging_noop/local_setup.zsh
-- Up-to-date symlink: /home/jliang/ros_ws/install/rcl_logging_noop/share/rcl_logging_noop/local_setup.dsv
-- Symlinking: /home/jliang/ros_ws/install/rcl_logging_noop/share/rcl_logging_noop/package.dsv
-- Up-to-date symlink: /home/jliang/ros_ws/install/rcl_logging_noop/share/ament_index/resource_index/packages/rcl_logging_noop
-- Up-to-date symlink: /home/jliang/ros_ws/install/rcl_logging_noop/share/rcl_logging_noop/cmake/ament_cmake_export_dependencies-extras.cmake
-- Up-to-date symlink: /home/jliang/ros_ws/install/rcl_logging_noop/share/rcl_logging_noop/cmake/ament_cmake_export_libraries-extras.cmake
-- Up-to-date symlink: /home/jliang/ros_ws/install/rcl_logging_noop/share/rcl_logging_noop/cmake/ament_cmake_export_targets-extras.cmake
-- Up-to-date symlink: /home/jliang/ros_ws/install/rcl_logging_noop/share/rcl_logging_noop/cmake/rcl_logging_noopConfig.cmake
-- Up-to-date symlink: /home/jliang/ros_ws/install/rcl_logging_noop/share/rcl_logging_noop/cmake/rcl_logging_noopConfig-version.cmake
-- Up-to-date symlink: /home/jliang/ros_ws/install/rcl_logging_noop/share/rcl_logging_noop/package.xml
-- Installing: /home/jliang/ros_ws/install/rcl_logging_noop/lib/librcl_logging_noop.so
-- Set non-toolchain portion of runtime path of "/home/jliang/ros_ws/install/rcl_logging_noop/lib/librcl_logging_noop.so" to ""
-- Up-to-date: /home/jliang/ros_ws/install/rcl_logging_noop/share/rcl_logging_noop/cmake/rcl_logging_noopExport.cmake
-- Up-to-date: /home/jliang/ros_ws/install/rcl_logging_noop/share/rcl_logging_noop/cmake/rcl_logging_noopExport-release.cmake
