[0.414s] Invoking command in '/root/ros2_ws/src/ravage_ros': PYTHONPATH=/root/ros2_ws/build/ravage_ros/prefix_override:/usr/lib/python3/dist-packages/colcon_core/task/python/colcon_distutils_commands:/root/ros2_ws/install/ravage_ros/lib/python3.10/site-packages:${PYTHONPATH} /usr/bin/python3 -W ignore:setup.py install is deprecated -W ignore:easy_install command is deprecated setup.py egg_info --egg-base ../../build/ravage_ros build --build-base /root/ros2_ws/build/ravage_ros/build install --record /root/ros2_ws/build/ravage_ros/install.log --single-version-externally-managed install_data
[0.591s] running egg_info
[0.591s] writing ../../build/ravage_ros/ravage_ros.egg-info/PKG-INFO
[0.591s] writing dependency_links to ../../build/ravage_ros/ravage_ros.egg-info/dependency_links.txt
[0.592s] writing entry points to ../../build/ravage_ros/ravage_ros.egg-info/entry_points.txt
[0.592s] writing requirements to ../../build/ravage_ros/ravage_ros.egg-info/requires.txt
[0.592s] writing top-level names to ../../build/ravage_ros/ravage_ros.egg-info/top_level.txt
[0.593s] reading manifest file '../../build/ravage_ros/ravage_ros.egg-info/SOURCES.txt'
[0.594s] writing manifest file '../../build/ravage_ros/ravage_ros.egg-info/SOURCES.txt'
[0.594s] running build
[0.594s] running build_py
[0.594s] copying ravage_ros/ravage_node.py -> /root/ros2_ws/build/ravage_ros/build/lib/ravage_ros
[0.594s] running install
[0.594s] running install_lib
[0.595s] copying /root/ros2_ws/build/ravage_ros/build/lib/ravage_ros/ravage_node.py -> /root/ros2_ws/install/ravage_ros/lib/python3.10/site-packages/ravage_ros
[0.595s] byte-compiling /root/ros2_ws/install/ravage_ros/lib/python3.10/site-packages/ravage_ros/ravage_node.py to ravage_node.cpython-310.pyc
[0.596s] running install_data
[0.597s] running install_egg_info
[0.598s] removing '/root/ros2_ws/install/ravage_ros/lib/python3.10/site-packages/ravage_ros-0.0.0-py3.10.egg-info' (and everything under it)
[0.598s] Copying ../../build/ravage_ros/ravage_ros.egg-info to /root/ros2_ws/install/ravage_ros/lib/python3.10/site-packages/ravage_ros-0.0.0-py3.10.egg-info
[0.599s] running install_scripts
[0.614s] Installing attack_engine script to /root/ros2_ws/install/ravage_ros/lib/ravage_ros
[0.614s] writing list of installed files to '/root/ros2_ws/build/ravage_ros/install.log'
[0.632s] Invoked command in '/root/ros2_ws/src/ravage_ros' returned '0': PYTHONPATH=/root/ros2_ws/build/ravage_ros/prefix_override:/usr/lib/python3/dist-packages/colcon_core/task/python/colcon_distutils_commands:/root/ros2_ws/install/ravage_ros/lib/python3.10/site-packages:${PYTHONPATH} /usr/bin/python3 -W ignore:setup.py install is deprecated -W ignore:easy_install command is deprecated setup.py egg_info --egg-base ../../build/ravage_ros build --build-base /root/ros2_ws/build/ravage_ros/build install --record /root/ros2_ws/build/ravage_ros/install.log --single-version-externally-managed install_data
