[0.454s] Invoking command in '/home/jliang/ros_ws/build/eigen3_cmake_module': CMAKE_PREFIX_PATH=${CMAKE_PREFIX_PATH}:/home/jliang/ros_ws/install/tf2_tools:/home/jliang/ros_ws/install/examples_tf2_py:/home/jliang/ros_ws/install/tf2_ros_py:/home/jliang/ros_ws/install/ros2plugin:/home/jliang/ros_ws/install/ravage_ros:/home/jliang/ros_ws/install/sensor_msgs_py:/home/jliang/ros_ws/install/rosidl_cli CONDA_PROMPT_MODIFIER=(ros_humble) /home/jliang/miniforge3/envs/ros_humble/bin/cmake /home/jliang/ros_ws/src/eigen3_cmake_module -DCMAKE_BUILD_TYPE=Release -DBUILD_TESTING=OFF -DPython3_EXECUTABLE=/home/jliang/miniforge3/envs/ros_humble/bin/python -DPYTHON_EXECUTABLE=/home/jliang/miniforge3/envs/ros_humble/bin/python -DROS_DISTRO=humble -DCMAKE_POLICY_VERSION_MINIMUM=3.5 -DAMENT_CMAKE_SYMLINK_INSTALL=1 -DCMAKE_INSTALL_PREFIX=/home/jliang/ros_ws/install/eigen3_cmake_module
[0.500s] [0mCMake Deprecation Warning at CMakeLists.txt:1 (cmake_minimum_required):
[0.500s]   Compatibility with CMake < 3.10 will be removed from a future version of
[0.500s]   CMake.
[0.501s] 
[0.501s]   Update the VERSION argument <min> value.  Or, use the <min>...<max> syntax
[0.501s]   to tell CMake that the project requires at least <min> but has been updated
[0.501s]   to work with policies introduced by <max> or earlier.
[0.501s] 
[0.501s] [0m
[0.581s] -- The C compiler identification is GNU 14.3.0
[0.706s] -- The CXX compiler identification is GNU 14.3.0
[0.725s] -- Detecting C compiler ABI info
[0.831s] -- Detecting C compiler ABI info - done
[0.856s] -- Check for working C compiler: /home/jliang/miniforge3/envs/ros_humble/bin/x86_64-conda-linux-gnu-cc - skipped
[0.857s] -- Detecting C compile features
[0.857s] -- Detecting C compile features - done
[0.880s] -- Detecting CXX compiler ABI info
[0.998s] -- Detecting CXX compiler ABI info - done
[1.025s] -- Check for working CXX compiler: /home/jliang/miniforge3/envs/ros_humble/bin/x86_64-conda-linux-gnu-c++ - skipped
[1.026s] -- Detecting CXX compile features
[1.027s] -- Detecting CXX compile features - done
[1.041s] -- Found ament_cmake: 1.3.3 (/home/jliang/miniforge3/envs/ros_humble/share/ament_cmake/cmake)
[1.175s] -- Found Python3: /home/jliang/miniforge3/envs/ros_humble/bin/python (found version "3.10.19") found components: Interpreter
[1.241s] -- Override CMake install command with custom implementation using symlinks instead of copying resources
[1.367s] -- Configuring done (0.9s)
[1.372s] -- Generating done (0.0s)
[1.372s] [33mCMake Warning:
[1.372s]   Manually-specified variables were not used by the project:
[1.372s] 
[1.372s]     PYTHON_EXECUTABLE
[1.372s]     ROS_DISTRO
[1.372s] 
[1.372s] [0m
[1.373s] -- Build files have been written to: /home/jliang/ros_ws/build/eigen3_cmake_module
[1.378s] Invoked command in '/home/jliang/ros_ws/build/eigen3_cmake_module' returned '0': CMAKE_PREFIX_PATH=${CMAKE_PREFIX_PATH}:/home/jliang/ros_ws/install/tf2_tools:/home/jliang/ros_ws/install/examples_tf2_py:/home/jliang/ros_ws/install/tf2_ros_py:/home/jliang/ros_ws/install/ros2plugin:/home/jliang/ros_ws/install/ravage_ros:/home/jliang/ros_ws/install/sensor_msgs_py:/home/jliang/ros_ws/install/rosidl_cli CONDA_PROMPT_MODIFIER=(ros_humble) /home/jliang/miniforge3/envs/ros_humble/bin/cmake /home/jliang/ros_ws/src/eigen3_cmake_module -DCMAKE_BUILD_TYPE=Release -DBUILD_TESTING=OFF -DPython3_EXECUTABLE=/home/jliang/miniforge3/envs/ros_humble/bin/python -DPYTHON_EXECUTABLE=/home/jliang/miniforge3/envs/ros_humble/bin/python -DROS_DISTRO=humble -DCMAKE_POLICY_VERSION_MINIMUM=3.5 -DAMENT_CMAKE_SYMLINK_INSTALL=1 -DCMAKE_INSTALL_PREFIX=/home/jliang/ros_ws/install/eigen3_cmake_module
[1.380s] Invoking command in '/home/jliang/ros_ws/build/eigen3_cmake_module': CMAKE_PREFIX_PATH=${CMAKE_PREFIX_PATH}:/home/jliang/ros_ws/install/tf2_tools:/home/jliang/ros_ws/install/examples_tf2_py:/home/jliang/ros_ws/install/tf2_ros_py:/home/jliang/ros_ws/install/ros2plugin:/home/jliang/ros_ws/install/ravage_ros:/home/jliang/ros_ws/install/sensor_msgs_py:/home/jliang/ros_ws/install/rosidl_cli CONDA_PROMPT_MODIFIER=(ros_humble) /home/jliang/miniforge3/envs/ros_humble/bin/cmake --build /home/jliang/ros_ws/build/eigen3_cmake_module -- -j48 -l48
[1.425s] Invoked command in '/home/jliang/ros_ws/build/eigen3_cmake_module' returned '0': CMAKE_PREFIX_PATH=${CMAKE_PREFIX_PATH}:/home/jliang/ros_ws/install/tf2_tools:/home/jliang/ros_ws/install/examples_tf2_py:/home/jliang/ros_ws/install/tf2_ros_py:/home/jliang/ros_ws/install/ros2plugin:/home/jliang/ros_ws/install/ravage_ros:/home/jliang/ros_ws/install/sensor_msgs_py:/home/jliang/ros_ws/install/rosidl_cli CONDA_PROMPT_MODIFIER=(ros_humble) /home/jliang/miniforge3/envs/ros_humble/bin/cmake --build /home/jliang/ros_ws/build/eigen3_cmake_module -- -j48 -l48
[1.427s] Invoking command in '/home/jliang/ros_ws/build/eigen3_cmake_module': CMAKE_PREFIX_PATH=${CMAKE_PREFIX_PATH}:/home/jliang/ros_ws/install/tf2_tools:/home/jliang/ros_ws/install/examples_tf2_py:/home/jliang/ros_ws/install/tf2_ros_py:/home/jliang/ros_ws/install/ros2plugin:/home/jliang/ros_ws/install/ravage_ros:/home/jliang/ros_ws/install/sensor_msgs_py:/home/jliang/ros_ws/install/rosidl_cli CONDA_PROMPT_MODIFIER=(ros_humble) /home/jliang/miniforge3/envs/ros_humble/bin/cmake --install /home/jliang/ros_ws/build/eigen3_cmake_module
[1.432s] -- Install configuration: "Release"
[1.432s] -- Execute custom install script
[1.433s] -- Symlinking: /home/jliang/ros_ws/install/eigen3_cmake_module/share/ament_index/resource_index/package_run_dependencies/eigen3_cmake_module
[1.445s] -- Symlinking: /home/jliang/ros_ws/install/eigen3_cmake_module/share/ament_index/resource_index/parent_prefix_path/eigen3_cmake_module
[1.452s] -- Symlinking: /home/jliang/ros_ws/install/eigen3_cmake_module/share/eigen3_cmake_module/environment/ament_prefix_path.sh
[1.458s] -- Symlinking: /home/jliang/ros_ws/install/eigen3_cmake_module/share/eigen3_cmake_module/environment/ament_prefix_path.dsv
[1.468s] -- Symlinking: /home/jliang/ros_ws/install/eigen3_cmake_module/share/eigen3_cmake_module/environment/path.sh
[1.480s] -- Symlinking: /home/jliang/ros_ws/install/eigen3_cmake_module/share/eigen3_cmake_module/environment/path.dsv
[1.489s] -- Symlinking: /home/jliang/ros_ws/install/eigen3_cmake_module/share/eigen3_cmake_module/local_setup.bash
[1.496s] -- Symlinking: /home/jliang/ros_ws/install/eigen3_cmake_module/share/eigen3_cmake_module/local_setup.sh
[1.507s] -- Symlinking: /home/jliang/ros_ws/install/eigen3_cmake_module/share/eigen3_cmake_module/local_setup.zsh
[1.515s] -- Symlinking: /home/jliang/ros_ws/install/eigen3_cmake_module/share/eigen3_cmake_module/local_setup.dsv
[1.526s] -- Symlinking: /home/jliang/ros_ws/install/eigen3_cmake_module/share/eigen3_cmake_module/package.dsv
[1.539s] -- Symlinking: /home/jliang/ros_ws/install/eigen3_cmake_module/share/ament_index/resource_index/packages/eigen3_cmake_module
[1.548s] -- Symlinking: /home/jliang/ros_ws/install/eigen3_cmake_module/share/eigen3_cmake_module/cmake/eigen3_cmake_module-extras.cmake
[1.556s] -- Symlinking: /home/jliang/ros_ws/install/eigen3_cmake_module/share/eigen3_cmake_module/cmake/eigen3_cmake_moduleConfig.cmake
[1.563s] -- Symlinking: /home/jliang/ros_ws/install/eigen3_cmake_module/share/eigen3_cmake_module/cmake/eigen3_cmake_moduleConfig-version.cmake
[1.572s] -- Symlinking: /home/jliang/ros_ws/install/eigen3_cmake_module/share/eigen3_cmake_module/package.xml
[1.583s] -- Symlinking: /home/jliang/ros_ws/install/eigen3_cmake_module/share/eigen3_cmake_module/cmake/Modules/FindEigen3.cmake
[1.595s] Invoked command in '/home/jliang/ros_ws/build/eigen3_cmake_module' returned '0': CMAKE_PREFIX_PATH=${CMAKE_PREFIX_PATH}:/home/jliang/ros_ws/install/tf2_tools:/home/jliang/ros_ws/install/examples_tf2_py:/home/jliang/ros_ws/install/tf2_ros_py:/home/jliang/ros_ws/install/ros2plugin:/home/jliang/ros_ws/install/ravage_ros:/home/jliang/ros_ws/install/sensor_msgs_py:/home/jliang/ros_ws/install/rosidl_cli CONDA_PROMPT_MODIFIER=(ros_humble) /home/jliang/miniforge3/envs/ros_humble/bin/cmake --install /home/jliang/ros_ws/build/eigen3_cmake_module
