running egg_info
writing ../../build/ravage_ros/ravage_ros.egg-info/PKG-INFO
writing dependency_links to ../../build/ravage_ros/ravage_ros.egg-info/dependency_links.txt
writing entry points to ../../build/ravage_ros/ravage_ros.egg-info/entry_points.txt
writing requirements to ../../build/ravage_ros/ravage_ros.egg-info/requires.txt
writing top-level names to ../../build/ravage_ros/ravage_ros.egg-info/top_level.txt
reading manifest file '../../build/ravage_ros/ravage_ros.egg-info/SOURCES.txt'
writing manifest file '../../build/ravage_ros/ravage_ros.egg-info/SOURCES.txt'
running build
running build_py
running install
running install_lib
running install_data
creating /root/ros2_ws/install/ravage_ros/share/ravage_ros/launch
creating /root/ros2_ws/install/ravage_ros/share/ravage_ros/config
copying config/attack_profile.yaml -> /root/ros2_ws/install/ravage_ros/share/ravage_ros/config
copying config/param_config.yaml -> /root/ros2_ws/install/ravage_ros/share/ravage_ros/config
copying config/autopilot_config.yaml -> /root/ros2_ws/install/ravage_ros/share/ravage_ros/config
running install_egg_info
removing '/root/ros2_ws/install/ravage_ros/lib/python3.10/site-packages/ravage_ros-0.0.0-py3.10.egg-info' (and everything under it)
Copying ../../build/ravage_ros/ravage_ros.egg-info to /root/ros2_ws/install/ravage_ros/lib/python3.10/site-packages/ravage_ros-0.0.0-py3.10.egg-info
running install_scripts
Installing attack_engine script to /root/ros2_ws/install/ravage_ros/lib/ravage_ros
writing list of installed files to '/root/ros2_ws/build/ravage_ros/install.log'
