-- The C compiler identification is GNU 14.3.0
-- The CXX compiler identification is GNU 14.3.0
-- Detecting C compiler ABI info
-- Detecting C compiler ABI info - done
-- Check for working C compiler: /home/jliang/miniforge3/envs/ros_humble/bin/x86_64-conda-linux-gnu-cc - skipped
-- Detecting C compile features
-- Detecting C compile features - done
-- Detecting CXX compiler ABI info
-- Detecting CXX compiler ABI info - done
-- Check for working CXX compiler: /home/jliang/miniforge3/envs/ros_humble/bin/x86_64-conda-linux-gnu-c++ - skipped
-- Detecting CXX compile features
-- Detecting CXX compile features - done
-- Found ament_cmake: 1.3.3 (/home/jliang/miniforge3/envs/ros_humble/share/ament_cmake/cmake)
-- Found Python3: /home/jliang/miniforge3/envs/ros_humble/bin/python (found version "3.10.19") found components: Interpreter
-- Override CMake install command with custom implementation using symlinks instead of copying resources
-- Configuring done (0.9s)
-- Generating done (0.0s)
-- Build files have been written to: /home/jliang/ros_ws/build/console_bridge_vendor
-- Install configuration: "Release"
-- Execute custom install script
-- Symlinking: /home/jliang/ros_ws/install/console_bridge_vendor/share/ament_index/resource_index/package_run_dependencies/console_bridge_vendor
-- Symlinking: /home/jliang/ros_ws/install/console_bridge_vendor/share/ament_index/resource_index/parent_prefix_path/console_bridge_vendor
-- Symlinking: /home/jliang/ros_ws/install/console_bridge_vendor/share/console_bridge_vendor/environment/ament_prefix_path.sh
-- Symlinking: /home/jliang/ros_ws/install/console_bridge_vendor/share/console_bridge_vendor/environment/ament_prefix_path.dsv
-- Symlinking: /home/jliang/ros_ws/install/console_bridge_vendor/share/console_bridge_vendor/environment/path.sh
-- Symlinking: /home/jliang/ros_ws/install/console_bridge_vendor/share/console_bridge_vendor/environment/path.dsv
-- Symlinking: /home/jliang/ros_ws/install/console_bridge_vendor/share/console_bridge_vendor/local_setup.bash
-- Symlinking: /home/jliang/ros_ws/install/console_bridge_vendor/share/console_bridge_vendor/local_setup.sh
-- Symlinking: /home/jliang/ros_ws/install/console_bridge_vendor/share/console_bridge_vendor/local_setup.zsh
-- Symlinking: /home/jliang/ros_ws/install/console_bridge_vendor/share/console_bridge_vendor/local_setup.dsv
-- Symlinking: /home/jliang/ros_ws/install/console_bridge_vendor/share/console_bridge_vendor/package.dsv
-- Symlinking: /home/jliang/ros_ws/install/console_bridge_vendor/share/ament_index/resource_index/packages/console_bridge_vendor
-- Symlinking: /home/jliang/ros_ws/install/console_bridge_vendor/share/console_bridge_vendor/cmake/console_bridge_vendorConfig.cmake
-- Symlinking: /home/jliang/ros_ws/install/console_bridge_vendor/share/console_bridge_vendor/cmake/console_bridge_vendorConfig-version.cmake
-- Symlinking: /home/jliang/ros_ws/install/console_bridge_vendor/share/console_bridge_vendor/package.xml
