-- Found ament_cmake: 1.3.3 (/home/jliang/miniforge3/envs/ros_humble/share/ament_cmake/cmake)
-- Override CMake install command with custom implementation using symlinks instead of copying resources
-- Configuring done (0.4s)
-- Generating done (0.0s)
-- Build files have been written to: /home/jliang/ros_ws/build/angles
Built target ament_cmake_python_symlink_angles
running egg_info
writing angles.egg-info/PKG-INFO
writing dependency_links to angles.egg-info/dependency_links.txt
writing top-level names to angles.egg-info/top_level.txt
reading manifest file 'angles.egg-info/SOURCES.txt'
writing manifest file 'angles.egg-info/SOURCES.txt'
Built target ament_cmake_python_build_angles_egg
-- Install configuration: "Release"
-- Execute custom install script
-- Up-to-date symlink: /home/jliang/ros_ws/install/angles/include/angles/angles/angles.h
-- Up-to-date symlink: /home/jliang/ros_ws/install/angles/share/angles/environment/pythonpath.sh
-- Up-to-date symlink: /home/jliang/ros_ws/install/angles/share/angles/environment/pythonpath.dsv
-- Up-to-date symlink: /home/jliang/ros_ws/install/angles/lib/python3.10/site-packages/angles-1.16.1-py3.10.egg-info/PKG-INFO
-- Up-to-date symlink: /home/jliang/ros_ws/install/angles/lib/python3.10/site-packages/angles-1.16.1-py3.10.egg-info/SOURCES.txt
-- Up-to-date symlink: /home/jliang/ros_ws/install/angles/lib/python3.10/site-packages/angles-1.16.1-py3.10.egg-info/dependency_links.txt
-- Up-to-date symlink: /home/jliang/ros_ws/install/angles/lib/python3.10/site-packages/angles-1.16.1-py3.10.egg-info/top_level.txt
-- Up-to-date symlink: /home/jliang/ros_ws/install/angles/lib/python3.10/site-packages/angles/__init__.py
-- Up-to-date symlink: /home/jliang/ros_ws/install/angles/share/ament_index/resource_index/package_run_dependencies/angles
-- Up-to-date symlink: /home/jliang/ros_ws/install/angles/share/ament_index/resource_index/parent_prefix_path/angles
-- Up-to-date symlink: /home/jliang/ros_ws/install/angles/share/angles/environment/ament_prefix_path.sh
-- Up-to-date symlink: /home/jliang/ros_ws/install/angles/share/angles/environment/ament_prefix_path.dsv
-- Up-to-date symlink: /home/jliang/ros_ws/install/angles/share/angles/environment/path.sh
-- Up-to-date symlink: /home/jliang/ros_ws/install/angles/share/angles/environment/path.dsv
-- Up-to-date symlink: /home/jliang/ros_ws/install/angles/share/angles/local_setup.bash
-- Up-to-date symlink: /home/jliang/ros_ws/install/angles/share/angles/local_setup.sh
-- Up-to-date symlink: /home/jliang/ros_ws/install/angles/share/angles/local_setup.zsh
-- Up-to-date symlink: /home/jliang/ros_ws/install/angles/share/angles/local_setup.dsv
-- Symlinking: /home/jliang/ros_ws/install/angles/share/angles/package.dsv
-- Up-to-date symlink: /home/jliang/ros_ws/install/angles/share/ament_index/resource_index/packages/angles
-- Up-to-date symlink: /home/jliang/ros_ws/install/angles/share/angles/cmake/ament_cmake_export_include_directories-extras.cmake
-- Up-to-date symlink: /home/jliang/ros_ws/install/angles/share/angles/cmake/ament_cmake_export_targets-extras.cmake
-- Up-to-date symlink: /home/jliang/ros_ws/install/angles/share/angles/cmake/anglesConfig.cmake
-- Up-to-date symlink: /home/jliang/ros_ws/install/angles/share/angles/cmake/anglesConfig-version.cmake
-- Up-to-date symlink: /home/jliang/ros_ws/install/angles/share/angles/package.xml
Listing 'lib/python3.10/site-packages/angles'...
Can't list 'lib/python3.10/site-packages/angles'
-- Up-to-date: /home/jliang/ros_ws/install/angles/share/angles/cmake/export_anglesExport.cmake
