[0.018s] Invoking command in '/home/jliang/ros_ws/build/mavlink': CONDA_PROMPT_MODIFIER=(ros_humble) /home/jliang/miniforge3/envs/ros_humble/bin/cmake /home/jliang/ros_ws/src/mavlink -DCMAKE_BUILD_TYPE=Release -DCMAKE_INSTALL_PREFIX=/home/jliang/ros_ws/install/mavlink
[0.138s] -- The C compiler identification is GNU 14.3.0
[0.261s] -- The CXX compiler identification is GNU 14.3.0
[0.280s] -- Detecting C compiler ABI info
[0.403s] -- Detecting C compiler ABI info - done
[0.428s] -- Check for working C compiler: /home/jliang/miniforge3/envs/ros_humble/bin/x86_64-conda-linux-gnu-cc - skipped
[0.428s] -- Detecting C compile features
[0.429s] -- Detecting C compile features - done
[0.453s] -- Detecting CXX compiler ABI info
[0.583s] -- Detecting CXX compiler ABI info - done
[0.609s] -- Check for working CXX compiler: /home/jliang/miniforge3/envs/ros_humble/bin/x86_64-conda-linux-gnu-c++ - skipped
[0.609s] -- Detecting CXX compile features
[0.610s] -- Detecting CXX compile features - done
[3.709s] -- Found Python: /home/jliang/miniforge3/envs/ros_humble/bin/python3.10 (found version "3.10.19") found components: Interpreter
[3.845s] -- MAVLink dialect: common
[3.845s] -- MAVLink version: 2.0
[3.851s] -- Configuring done (3.8s)
[3.855s] -- Generating done (0.0s)
[3.856s] -- Build files have been written to: /home/jliang/ros_ws/build/mavlink
[3.860s] Invoked command in '/home/jliang/ros_ws/build/mavlink' returned '0': CONDA_PROMPT_MODIFIER=(ros_humble) /home/jliang/miniforge3/envs/ros_humble/bin/cmake /home/jliang/ros_ws/src/mavlink -DCMAKE_BUILD_TYPE=Release -DCMAKE_INSTALL_PREFIX=/home/jliang/ros_ws/install/mavlink
[3.863s] Invoking command in '/home/jliang/ros_ws/build/mavlink': CONDA_PROMPT_MODIFIER=(ros_humble) /home/jliang/miniforge3/envs/ros_humble/bin/cmake --build /home/jliang/ros_ws/build/mavlink -- -j48 -l48
[3.927s] [100%] [1m[34mGenerating C headers[0m
[4.312s] Collecting fastcrc (from -r pymavlink/requirements.txt (line 1))
[4.313s]   Using cached fastcrc-0.3.5-cp310-cp310-manylinux_2_17_x86_64.manylinux2014_x86_64.whl.metadata (2.5 kB)
[4.480s] Collecting lxml>=3.6.0 (from -r pymavlink/requirements.txt (line 2))
[4.481s]   Using cached lxml-6.0.2-cp310-cp310-manylinux_2_26_x86_64.manylinux_2_28_x86_64.whl.metadata (3.6 kB)
[4.582s] Collecting setuptools>=42 (from -r pymavlink/requirements.txt (line 3))
[4.583s]   Using cached setuptools-80.9.0-py3-none-any.whl.metadata (6.6 kB)
[4.613s] Collecting wheel>=0.37.1 (from -r pymavlink/requirements.txt (line 4))
[4.614s]   Using cached wheel-0.45.1-py3-none-any.whl.metadata (2.3 kB)
[4.646s] Collecting pytest<=7.4.4 (from -r pymavlink/requirements.txt (line 7))
[4.646s]   Using cached pytest-7.4.4-py3-none-any.whl.metadata (7.9 kB)
[4.669s] Collecting syrupy (from -r pymavlink/requirements.txt (line 8))
[4.670s]   Using cached syrupy-5.0.0-py3-none-any.whl.metadata (39 kB)
[4.679s] Collecting wsproto (from -r pymavlink/requirements.txt (line 9))
[4.679s]   Using cached wsproto-1.3.2-py3-none-any.whl.metadata (5.2 kB)
[4.688s] Collecting iniconfig (from pytest<=7.4.4->-r pymavlink/requirements.txt (line 7))
[4.689s]   Using cached iniconfig-2.3.0-py3-none-any.whl.metadata (2.5 kB)
[4.702s] Collecting packaging (from pytest<=7.4.4->-r pymavlink/requirements.txt (line 7))
[4.703s]   Using cached packaging-25.0-py3-none-any.whl.metadata (3.3 kB)
[4.712s] Collecting pluggy<2.0,>=0.12 (from pytest<=7.4.4->-r pymavlink/requirements.txt (line 7))
[4.713s]   Using cached pluggy-1.6.0-py3-none-any.whl.metadata (4.8 kB)
[4.722s] Collecting exceptiongroup>=1.0.0rc8 (from pytest<=7.4.4->-r pymavlink/requirements.txt (line 7))
[4.723s]   Using cached exceptiongroup-1.3.1-py3-none-any.whl.metadata (6.7 kB)
[4.737s] Collecting tomli>=1.0.0 (from pytest<=7.4.4->-r pymavlink/requirements.txt (line 7))
[4.738s]   Using cached tomli-2.3.0-py3-none-any.whl.metadata (10 kB)
[4.753s] INFO: pip is looking at multiple versions of syrupy to determine which version is compatible with other requirements. This could take a while.
[4.753s] Collecting syrupy (from -r pymavlink/requirements.txt (line 8))
[4.754s]   Using cached syrupy-4.9.1-py3-none-any.whl.metadata (38 kB)
[4.776s] Collecting h11<1,>=0.16.0 (from wsproto->-r pymavlink/requirements.txt (line 9))
[4.776s]   Using cached h11-0.16.0-py3-none-any.whl.metadata (8.3 kB)
[4.809s] Collecting typing-extensions>=4.6.0 (from exceptiongroup>=1.0.0rc8->pytest<=7.4.4->-r pymavlink/requirements.txt (line 7))
[4.810s]   Using cached typing_extensions-4.15.0-py3-none-any.whl.metadata (3.3 kB)
[4.813s] Using cached pytest-7.4.4-py3-none-any.whl (325 kB)
[4.814s] Using cached pluggy-1.6.0-py3-none-any.whl (20 kB)
[4.815s] Using cached fastcrc-0.3.5-cp310-cp310-manylinux_2_17_x86_64.manylinux2014_x86_64.whl (287 kB)
[4.816s] Using cached lxml-6.0.2-cp310-cp310-manylinux_2_26_x86_64.manylinux_2_28_x86_64.whl (5.3 MB)
[4.822s] Using cached setuptools-80.9.0-py3-none-any.whl (1.2 MB)
[4.824s] Using cached wheel-0.45.1-py3-none-any.whl (72 kB)
[4.825s] Using cached syrupy-4.9.1-py3-none-any.whl (52 kB)
[4.826s] Using cached wsproto-1.3.2-py3-none-any.whl (24 kB)
[4.826s] Using cached h11-0.16.0-py3-none-any.whl (37 kB)
[4.827s] Using cached exceptiongroup-1.3.1-py3-none-any.whl (16 kB)
[4.828s] Using cached tomli-2.3.0-py3-none-any.whl (14 kB)
[4.829s] Using cached typing_extensions-4.15.0-py3-none-any.whl (44 kB)
[4.830s] Using cached iniconfig-2.3.0-py3-none-any.whl (7.5 kB)
[4.830s] Using cached packaging-25.0-py3-none-any.whl (66 kB)
[4.921s] Installing collected packages: wheel, typing-extensions, tomli, setuptools, pluggy, packaging, lxml, iniconfig, h11, fastcrc, wsproto, exceptiongroup, pytest, syrupy
[5.090s] [?25l
[5.258s] [2K   [38;2;249;38;114m━━━━━━━━[0m[38;2;249;38;114m╸[0m[38;5;237m━━━━━━━━━━━━━━━━━━━━━━━━━━━━━━━[0m [32m 3/14[0m [setuptools]
[5.426s] [2K   [38;2;249;38;114m━━━━━━━━[0m[38;2;249;38;114m╸[0m[38;5;237m━━━━━━━━━━━━━━━━━━━━━━━━━━━━━━━[0m [32m 3/14[0m [setuptools]
[5.595s] [2K   [38;2;249;38;114m━━━━━━━━━━━━━━━━━[0m[38;5;237m╺[0m[38;5;237m━━━━━━━━━━━━━━━━━━━━━━[0m [32m 6/14[0m [lxml]
[5.694s] [2K   [38;2;249;38;114m━━━━━━━━━━━━━━━━━━━━━━━━━━━━━━━━━━[0m[38;5;237m╺[0m[38;5;237m━━━━━[0m [32m12/14[0m [pytest]
[5.694s] [2K   [38;2;114;156;31m━━━━━━━━━━━━━━━━━━━━━━━━━━━━━━━━━━━━━━━━[0m [32m14/14[0m [syrupy]
[5.695s] [?25h
[5.698s] [31mERROR: pip's dependency resolver does not currently take into account all the packages that are installed. This behaviour is the source of the following dependency conflicts.
[5.698s] colcon-common-extensions 0.3.0 requires colcon-notification, which is not installed.
[5.698s] colcon-core 0.20.1 requires setuptools<80,>=30.3.0, but you have setuptools 80.9.0 which is incompatible.[0m[31m
[5.698s] [1A[2KSuccessfully installed exceptiongroup-1.3.1 fastcrc-0.3.5 h11-0.16.0 iniconfig-2.3.0 lxml-6.0.2 packaging-25.0 pluggy-1.6.0 pytest-7.4.4 setuptools-80.9.0 syrupy-4.9.1 tomli-2.3.0 typing-extensions-4.15.0 wheel-0.45.1 wsproto-1.3.2
[5.825s] Validating message_definitions/v1.0/common.xml
[5.842s] Parsing message_definitions/v1.0/common.xml
[5.857s] CAMERA_TRACKING_STATUS_FLAGS_IDLE has invalid values (bitmask must have powers of 2)
[5.883s] Validating /home/jliang/ros_ws/src/mavlink/message_definitions/v1.0/standard.xml
[5.883s] Parsing /home/jliang/ros_ws/src/mavlink/message_definitions/v1.0/standard.xml
[5.883s] MAV_BOOL_FALSE has invalid values (bitmask must have powers of 2)
[5.883s] Validating /home/jliang/ros_ws/src/mavlink/message_definitions/v1.0/minimal.xml
[5.884s] Parsing /home/jliang/ros_ws/src/mavlink/message_definitions/v1.0/minimal.xml
[5.890s] Found 232 MAVLink message types in 3 XML files
[5.890s] Generating C implementation in directory /home/jliang/ros_ws/build/mavlink/include/mavlink/common
[6.197s] Generating C implementation in directory /home/jliang/ros_ws/build/mavlink/include/mavlink/standard
[6.200s] Generating C implementation in directory /home/jliang/ros_ws/build/mavlink/include/mavlink/minimal
[6.203s] Copying fixed headers for protocol 2.0 to /home/jliang/ros_ws/build/mavlink/include/mavlink/
[6.226s] [100%] Built target generate_c_headers
[6.241s] Invoked command in '/home/jliang/ros_ws/build/mavlink' returned '0': CONDA_PROMPT_MODIFIER=(ros_humble) /home/jliang/miniforge3/envs/ros_humble/bin/cmake --build /home/jliang/ros_ws/build/mavlink -- -j48 -l48
[6.254s] Invoking command in '/home/jliang/ros_ws/build/mavlink': CONDA_PROMPT_MODIFIER=(ros_humble) /home/jliang/miniforge3/envs/ros_humble/bin/cmake --install /home/jliang/ros_ws/build/mavlink
[6.263s] -- Install configuration: "Release"
[6.263s] -- Installing: /home/jliang/ros_ws/install/mavlink/include/mavlink
[6.263s] -- Installing: /home/jliang/ros_ws/install/mavlink/include/mavlink/mavlink_conversions.h
[6.263s] -- Installing: /home/jliang/ros_ws/install/mavlink/include/mavlink/mavlink_helpers.h
[6.264s] -- Installing: /home/jliang/ros_ws/install/mavlink/include/mavlink/protocol.h
[6.264s] -- Installing: /home/jliang/ros_ws/install/mavlink/include/mavlink/checksum.h
[6.264s] -- Installing: /home/jliang/ros_ws/install/mavlink/include/mavlink/mavlink_types.h
[6.264s] -- Installing: /home/jliang/ros_ws/install/mavlink/include/mavlink/mavlink_get_info.h
[6.264s] -- Installing: /home/jliang/ros_ws/install/mavlink/include/mavlink/standard
[6.264s] -- Installing: /home/jliang/ros_ws/install/mavlink/include/mavlink/standard/version.h
[6.265s] -- Installing: /home/jliang/ros_ws/install/mavlink/include/mavlink/standard/mavlink.h
[6.265s] -- Installing: /home/jliang/ros_ws/install/mavlink/include/mavlink/standard/testsuite.h
[6.265s] -- Installing: /home/jliang/ros_ws/install/mavlink/include/mavlink/standard/standard.h
[6.265s] -- Installing: /home/jliang/ros_ws/install/mavlink/include/mavlink/standard/mavlink_msg_global_position_int.h
[6.266s] -- Installing: /home/jliang/ros_ws/install/mavlink/include/mavlink/standard/mavlink_msg_autopilot_version.h
[6.266s] -- Installing: /home/jliang/ros_ws/install/mavlink/include/mavlink/minimal
[6.266s] -- Installing: /home/jliang/ros_ws/install/mavlink/include/mavlink/minimal/version.h
[6.266s] -- Installing: /home/jliang/ros_ws/install/mavlink/include/mavlink/minimal/mavlink_msg_heartbeat.h
[6.266s] -- Installing: /home/jliang/ros_ws/install/mavlink/include/mavlink/minimal/mavlink.h
[6.267s] -- Installing: /home/jliang/ros_ws/install/mavlink/include/mavlink/minimal/testsuite.h
[6.267s] -- Installing: /home/jliang/ros_ws/install/mavlink/include/mavlink/minimal/minimal.h
[6.267s] -- Installing: /home/jliang/ros_ws/install/mavlink/include/mavlink/common
[6.267s] -- Installing: /home/jliang/ros_ws/install/mavlink/include/mavlink/common/mavlink_msg_log_erase.h
[6.267s] -- Installing: /home/jliang/ros_ws/install/mavlink/include/mavlink/common/version.h
[6.267s] -- Installing: /home/jliang/ros_ws/install/mavlink/include/mavlink/common/mavlink_msg_system_time.h
[6.267s] -- Installing: /home/jliang/ros_ws/install/mavlink/include/mavlink/common/mavlink_msg_gps_status.h
[6.268s] -- Installing: /home/jliang/ros_ws/install/mavlink/include/mavlink/common/mavlink_msg_wind_cov.h
[6.268s] -- Installing: /home/jliang/ros_ws/install/mavlink/include/mavlink/common/mavlink_msg_rc_channels_scaled.h
[6.268s] -- Installing: /home/jliang/ros_ws/install/mavlink/include/mavlink/common/mavlink_msg_command_ack.h
[6.268s] -- Installing: /home/jliang/ros_ws/install/mavlink/include/mavlink/common/mavlink_msg_can_frame.h
[6.268s] -- Installing: /home/jliang/ros_ws/install/mavlink/include/mavlink/common/mavlink_msg_gimbal_device_information.h
[6.268s] -- Installing: /home/jliang/ros_ws/install/mavlink/include/mavlink/common/mavlink_msg_mission_current.h
[6.268s] -- Installing: /home/jliang/ros_ws/install/mavlink/include/mavlink/common/mavlink_msg_uavcan_node_info.h
[6.268s] -- Installing: /home/jliang/ros_ws/install/mavlink/include/mavlink/common/mavlink_msg_play_tune_v2.h
[6.269s] -- Installing: /home/jliang/ros_ws/install/mavlink/include/mavlink/common/mavlink_msg_timesync.h
[6.269s] -- Installing: /home/jliang/ros_ws/install/mavlink/include/mavlink/common/mavlink_msg_hil_optical_flow.h
[6.269s] -- Installing: /home/jliang/ros_ws/install/mavlink/include/mavlink/common/mavlink_msg_video_stream_status.h
[6.269s] -- Installing: /home/jliang/ros_ws/install/mavlink/include/mavlink/common/mavlink_msg_mission_write_partial_list.h
[6.269s] -- Installing: /home/jliang/ros_ws/install/mavlink/include/mavlink/common/mavlink_msg_supported_tunes.h
[6.269s] -- Installing: /home/jliang/ros_ws/install/mavlink/include/mavlink/common/mavlink_msg_odometry.h
[6.269s] -- Installing: /home/jliang/ros_ws/install/mavlink/include/mavlink/common/mavlink_msg_onboard_computer_status.h
[6.269s] -- Installing: /home/jliang/ros_ws/install/mavlink/include/mavlink/common/mavlink_msg_open_drone_id_system_update.h
[6.270s] -- Installing: /home/jliang/ros_ws/install/mavlink/include/mavlink/common/mavlink_msg_mission_item.h
[6.270s] -- Installing: /home/jliang/ros_ws/install/mavlink/include/mavlink/common/mavlink_msg_flight_information.h
[6.270s] -- Installing: /home/jliang/ros_ws/install/mavlink/include/mavlink/common/mavlink_msg_gps2_rtk.h
[6.270s] -- Installing: /home/jliang/ros_ws/install/mavlink/include/mavlink/common/mavlink_msg_gps_inject_data.h
[6.270s] -- Installing: /home/jliang/ros_ws/install/mavlink/include/mavlink/common/mavlink_msg_mission_count.h
[6.270s] -- Installing: /home/jliang/ros_ws/install/mavlink/include/mavlink/common/mavlink_msg_optical_flow.h
[6.270s] -- Installing: /home/jliang/ros_ws/install/mavlink/include/mavlink/common/mavlink_msg_sim_state.h
[6.271s] -- Installing: /home/jliang/ros_ws/install/mavlink/include/mavlink/common/mavlink_msg_ais_vessel.h
[6.271s] -- Installing: /home/jliang/ros_ws/install/mavlink/include/mavlink/common/mavlink_msg_encapsulated_data.h
[6.271s] -- Installing: /home/jliang/ros_ws/install/mavlink/include/mavlink/common/mavlink_msg_smart_battery_info.h
[6.271s] -- Installing: /home/jliang/ros_ws/install/mavlink/include/mavlink/common/mavlink_msg_rc_channels_override.h
[6.271s] -- Installing: /home/jliang/ros_ws/install/mavlink/include/mavlink/common/mavlink_msg_param_ext_ack.h
[6.271s] -- Installing: /home/jliang/ros_ws/install/mavlink/include/mavlink/common/mavlink_msg_log_request_data.h
[6.271s] -- Installing: /home/jliang/ros_ws/install/mavlink/include/mavlink/common/mavlink_msg_mag_cal_report.h
[6.272s] -- Installing: /home/jliang/ros_ws/install/mavlink/include/mavlink/common/mavlink_msg_param_ext_request_list.h
[6.272s] -- Installing: /home/jliang/ros_ws/install/mavlink/include/mavlink/common/mavlink_msg_hil_actuator_controls.h
[6.272s] -- Installing: /home/jliang/ros_ws/install/mavlink/include/mavlink/common/mavlink_msg_actuator_output_status.h
[6.272s] -- Installing: /home/jliang/ros_ws/install/mavlink/include/mavlink/common/mavlink_msg_current_mode.h
[6.272s] -- Installing: /home/jliang/ros_ws/install/mavlink/include/mavlink/common/mavlink_msg_param_ext_request_read.h
[6.272s] -- Installing: /home/jliang/ros_ws/install/mavlink/include/mavlink/common/mavlink_msg_time_estimate_to_target.h
[6.272s] -- Installing: /home/jliang/ros_ws/install/mavlink/include/mavlink/common/mavlink_msg_global_vision_position_estimate.h
[6.272s] -- Installing: /home/jliang/ros_ws/install/mavlink/include/mavlink/common/mavlink_msg_high_latency2.h
[6.273s] -- Installing: /home/jliang/ros_ws/install/mavlink/include/mavlink/common/mavlink_msg_obstacle_distance.h
[6.273s] -- Installing: /home/jliang/ros_ws/install/mavlink/include/mavlink/common/mavlink_msg_debug.h
[6.273s] -- Installing: /home/jliang/ros_ws/install/mavlink/include/mavlink/common/mavlink_msg_gps_rtk.h
[6.273s] -- Installing: /home/jliang/ros_ws/install/mavlink/include/mavlink/common/mavlink_msg_mount_orientation.h
[6.273s] -- Installing: /home/jliang/ros_ws/install/mavlink/include/mavlink/common/mavlink_msg_set_home_position.h
[6.273s] -- Installing: /home/jliang/ros_ws/install/mavlink/include/mavlink/common/mavlink_msg_gimbal_manager_set_manual_control.h
[6.273s] -- Installing: /home/jliang/ros_ws/install/mavlink/include/mavlink/common/mavlink_msg_video_stream_information.h
[6.273s] -- Installing: /home/jliang/ros_ws/install/mavlink/include/mavlink/common/common.h
[6.274s] -- Installing: /home/jliang/ros_ws/install/mavlink/include/mavlink/common/mavlink_msg_fence_status.h
[6.274s] -- Installing: /home/jliang/ros_ws/install/mavlink/include/mavlink/common/mavlink_msg_winch_status.h
[6.274s] -- Installing: /home/jliang/ros_ws/install/mavlink/include/mavlink/common/mavlink_msg_safety_allowed_area.h
[6.274s] -- Installing: /home/jliang/ros_ws/install/mavlink/include/mavlink/common/mavlink_msg_altitude.h
[6.274s] -- Installing: /home/jliang/ros_ws/install/mavlink/include/mavlink/common/mavlink_msg_power_status.h
[6.274s] -- Installing: /home/jliang/ros_ws/install/mavlink/include/mavlink/common/mavlink_msg_camera_tracking_image_status.h
[6.275s] -- Installing: /home/jliang/ros_ws/install/mavlink/include/mavlink/common/mavlink_msg_change_operator_control_ack.h
[6.275s] -- Installing: /home/jliang/ros_ws/install/mavlink/include/mavlink/common/mavlink_msg_gps2_raw.h
[6.275s] -- Installing: /home/jliang/ros_ws/install/mavlink/include/mavlink/common/mavlink.h
[6.275s] -- Installing: /home/jliang/ros_ws/install/mavlink/include/mavlink/common/mavlink_msg_log_data.h
[6.275s] -- Installing: /home/jliang/ros_ws/install/mavlink/include/mavlink/common/mavlink_msg_mission_set_current.h
[6.275s] -- Installing: /home/jliang/ros_ws/install/mavlink/include/mavlink/common/mavlink_msg_set_position_target_global_int.h
[6.275s] -- Installing: /home/jliang/ros_ws/install/mavlink/include/mavlink/common/mavlink_msg_att_pos_mocap.h
[6.275s] -- Installing: /home/jliang/ros_ws/install/mavlink/include/mavlink/common/mavlink_msg_vision_speed_estimate.h
[6.276s] -- Installing: /home/jliang/ros_ws/install/mavlink/include/mavlink/common/mavlink_msg_fuel_status.h
[6.276s] -- Installing: /home/jliang/ros_ws/install/mavlink/include/mavlink/common/mavlink_msg_protocol_version.h
[6.276s] -- Installing: /home/jliang/ros_ws/install/mavlink/include/mavlink/common/mavlink_msg_trajectory_representation_waypoints.h
[6.276s] -- Installing: /home/jliang/ros_ws/install/mavlink/include/mavlink/common/mavlink_msg_servo_output_raw.h
[6.276s] -- Installing: /home/jliang/ros_ws/install/mavlink/include/mavlink/common/mavlink_msg_hil_state.h
[6.276s] -- Installing: /home/jliang/ros_ws/install/mavlink/include/mavlink/common/mavlink_msg_generator_status.h
[6.276s] -- Installing: /home/jliang/ros_ws/install/mavlink/include/mavlink/common/mavlink_msg_raw_rpm.h
[6.277s] -- Installing: /home/jliang/ros_ws/install/mavlink/include/mavlink/common/mavlink_msg_debug_vect.h
[6.277s] -- Installing: /home/jliang/ros_ws/install/mavlink/include/mavlink/common/mavlink_msg_button_change.h
[6.277s] -- Installing: /home/jliang/ros_ws/install/mavlink/include/mavlink/common/mavlink_msg_wifi_config_ap.h
[6.277s] -- Installing: /home/jliang/ros_ws/install/mavlink/include/mavlink/common/mavlink_msg_cellular_config.h
[6.277s] -- Installing: /home/jliang/ros_ws/install/mavlink/include/mavlink/common/mavlink_msg_hil_rc_inputs_raw.h
[6.277s] -- Installing: /home/jliang/ros_ws/install/mavlink/include/mavlink/common/mavlink_msg_mission_request.h
[6.277s] -- Installing: /home/jliang/ros_ws/install/mavlink/include/mavlink/common/mavlink_msg_v2_extension.h
[6.278s] -- Installing: /home/jliang/ros_ws/install/mavlink/include/mavlink/common/mavlink_msg_can_filter_modify.h
[6.278s] -- Installing: /home/jliang/ros_ws/install/mavlink/include/mavlink/common/mavlink_msg_command_long.h
[6.278s] -- Installing: /home/jliang/ros_ws/install/mavlink/include/mavlink/common/mavlink_msg_serial_control.h
[6.278s] -- Installing: /home/jliang/ros_ws/install/mavlink/include/mavlink/common/mavlink_msg_current_event_sequence.h
[6.278s] -- Installing: /home/jliang/ros_ws/install/mavlink/include/mavlink/common/mavlink_msg_memory_vect.h
[6.278s] -- Installing: /home/jliang/ros_ws/install/mavlink/include/mavlink/common/mavlink_msg_attitude_target.h
[6.278s] -- Installing: /home/jliang/ros_ws/install/mavlink/include/mavlink/common/testsuite.h
[6.279s] -- Installing: /home/jliang/ros_ws/install/mavlink/include/mavlink/common/mavlink_msg_component_information_basic.h
[6.280s] -- Installing: /home/jliang/ros_ws/install/mavlink/include/mavlink/common/mavlink_msg_uavcan_node_status.h
[6.280s] -- Installing: /home/jliang/ros_ws/install/mavlink/include/mavlink/common/mavlink_msg_auth_key.h
[6.280s] -- Installing: /home/jliang/ros_ws/install/mavlink/include/mavlink/common/mavlink_msg_hil_state_quaternion.h
[6.280s] -- Installing: /home/jliang/ros_ws/install/mavlink/include/mavlink/common/mavlink_msg_position_target_local_ned.h
[6.280s] -- Installing: /home/jliang/ros_ws/install/mavlink/include/mavlink/common/mavlink_msg_terrain_data.h
[6.280s] -- Installing: /home/jliang/ros_ws/install/mavlink/include/mavlink/common/mavlink_msg_high_latency.h
[6.280s] -- Installing: /home/jliang/ros_ws/install/mavlink/include/mavlink/common/mavlink_msg_open_drone_id_operator_id.h
[6.280s] -- Installing: /home/jliang/ros_ws/install/mavlink/include/mavlink/common/mavlink_msg_camera_information.h
[6.281s] -- Installing: /home/jliang/ros_ws/install/mavlink/include/mavlink/common/mavlink_msg_param_map_rc.h
[6.281s] -- Installing: /home/jliang/ros_ws/install/mavlink/include/mavlink/common/mavlink_msg_efi_status.h
[6.281s] -- Installing: /home/jliang/ros_ws/install/mavlink/include/mavlink/common/mavlink_msg_highres_imu.h
[6.281s] -- Installing: /home/jliang/ros_ws/install/mavlink/include/mavlink/common/mavlink_msg_camera_settings.h
[6.281s] -- Installing: /home/jliang/ros_ws/install/mavlink/include/mavlink/common/mavlink_msg_position_target_global_int.h
[6.281s] -- Installing: /home/jliang/ros_ws/install/mavlink/include/mavlink/common/mavlink_msg_play_tune.h
[6.282s] -- Installing: /home/jliang/ros_ws/install/mavlink/include/mavlink/common/mavlink_msg_battery_status.h
[6.282s] -- Installing: /home/jliang/ros_ws/install/mavlink/include/mavlink/common/mavlink_msg_airspeed.h
[6.282s] -- Installing: /home/jliang/ros_ws/install/mavlink/include/mavlink/common/mavlink_msg_battery_info.h
[6.282s] -- Installing: /home/jliang/ros_ws/install/mavlink/include/mavlink/common/mavlink_msg_gimbal_manager_set_attitude.h
[6.282s] -- Installing: /home/jliang/ros_ws/install/mavlink/include/mavlink/common/mavlink_msg_scaled_pressure3.h
[6.282s] -- Installing: /home/jliang/ros_ws/install/mavlink/include/mavlink/common/mavlink_msg_terrain_request.h
[6.282s] -- Installing: /home/jliang/ros_ws/install/mavlink/include/mavlink/common/mavlink_msg_esc_info.h
[6.283s] -- Installing: /home/jliang/ros_ws/install/mavlink/include/mavlink/common/mavlink_msg_mission_request_int.h
[6.283s] -- Installing: /home/jliang/ros_ws/install/mavlink/include/mavlink/common/mavlink_msg_mission_request_partial_list.h
[6.283s] -- Installing: /home/jliang/ros_ws/install/mavlink/include/mavlink/common/mavlink_msg_control_system_state.h
[6.283s] -- Installing: /home/jliang/ros_ws/install/mavlink/include/mavlink/common/mavlink_msg_set_actuator_control_target.h
[6.283s] -- Installing: /home/jliang/ros_ws/install/mavlink/include/mavlink/common/mavlink_msg_terrain_check.h
[6.283s] -- Installing: /home/jliang/ros_ws/install/mavlink/include/mavlink/common/mavlink_msg_cellular_status.h
[6.283s] -- Installing: /home/jliang/ros_ws/install/mavlink/include/mavlink/common/mavlink_msg_attitude_quaternion.h
[6.283s] -- Installing: /home/jliang/ros_ws/install/mavlink/include/mavlink/common/mavlink_msg_utm_global_position.h
[6.284s] -- Installing: /home/jliang/ros_ws/install/mavlink/include/mavlink/common/mavlink_msg_event.h
[6.284s] -- Installing: /home/jliang/ros_ws/install/mavlink/include/mavlink/common/mavlink_msg_named_value_float.h
[6.284s] -- Installing: /home/jliang/ros_ws/install/mavlink/include/mavlink/common/mavlink_msg_param_error.h
[6.284s] -- Installing: /home/jliang/ros_ws/install/mavlink/include/mavlink/common/mavlink_msg_request_data_stream.h
[6.284s] -- Installing: /home/jliang/ros_ws/install/mavlink/include/mavlink/common/mavlink_msg_home_position.h
[6.284s] -- Installing: /home/jliang/ros_ws/install/mavlink/include/mavlink/common/mavlink_msg_param_set.h
[6.284s] -- Installing: /home/jliang/ros_ws/install/mavlink/include/mavlink/common/mavlink_msg_manual_control.h
[6.285s] -- Installing: /home/jliang/ros_ws/install/mavlink/include/mavlink/common/mavlink_msg_logging_data_acked.h
[6.285s] -- Installing: /home/jliang/ros_ws/install/mavlink/include/mavlink/common/mavlink_msg_logging_data.h
[6.285s] -- Installing: /home/jliang/ros_ws/install/mavlink/include/mavlink/common/mavlink_msg_link_node_status.h
[6.285s] -- Installing: /home/jliang/ros_ws/install/mavlink/include/mavlink/common/mavlink_msg_rc_channels.h
[6.285s] -- Installing: /home/jliang/ros_ws/install/mavlink/include/mavlink/common/mavlink_msg_change_operator_control.h
[6.285s] -- Installing: /home/jliang/ros_ws/install/mavlink/include/mavlink/common/mavlink_msg_attitude_quaternion_cov.h
[6.285s] -- Installing: /home/jliang/ros_ws/install/mavlink/include/mavlink/common/mavlink_msg_scaled_pressure.h
[6.286s] -- Installing: /home/jliang/ros_ws/install/mavlink/include/mavlink/common/mavlink_msg_gimbal_device_attitude_status.h
[6.286s] -- Installing: /home/jliang/ros_ws/install/mavlink/include/mavlink/common/mavlink_msg_global_position_int_cov.h
[6.286s] -- Installing: /home/jliang/ros_ws/install/mavlink/include/mavlink/common/mavlink_msg_param_ext_set.h
[6.286s] -- Installing: /home/jliang/ros_ws/install/mavlink/include/mavlink/common/mavlink_msg_param_request_list.h
[6.286s] -- Installing: /home/jliang/ros_ws/install/mavlink/include/mavlink/common/mavlink_msg_radio_status.h
[6.286s] -- Installing: /home/jliang/ros_ws/install/mavlink/include/mavlink/common/mavlink_msg_terrain_report.h
[6.286s] -- Installing: /home/jliang/ros_ws/install/mavlink/include/mavlink/common/mavlink_msg_vibration.h
[6.287s] -- Installing: /home/jliang/ros_ws/install/mavlink/include/mavlink/common/mavlink_msg_named_value_int.h
[6.287s] -- Installing: /home/jliang/ros_ws/install/mavlink/include/mavlink/common/mavlink_msg_scaled_imu2.h
[6.287s] -- Installing: /home/jliang/ros_ws/install/mavlink/include/mavlink/common/mavlink_msg_landing_target.h
[6.287s] -- Installing: /home/jliang/ros_ws/install/mavlink/include/mavlink/common/mavlink_msg_attitude.h
[6.287s] -- Installing: /home/jliang/ros_ws/install/mavlink/include/mavlink/common/mavlink_msg_message_interval.h
[6.287s] -- Installing: /home/jliang/ros_ws/install/mavlink/include/mavlink/common/mavlink_msg_param_request_read.h
[6.287s] -- Installing: /home/jliang/ros_ws/install/mavlink/include/mavlink/common/mavlink_msg_resource_request.h
[6.288s] -- Installing: /home/jliang/ros_ws/install/mavlink/include/mavlink/common/mavlink_msg_illuminator_status.h
[6.288s] -- Installing: /home/jliang/ros_ws/install/mavlink/include/mavlink/common/mavlink_msg_gps_rtcm_data.h
[6.288s] -- Installing: /home/jliang/ros_ws/install/mavlink/include/mavlink/common/mavlink_msg_figure_eight_execution_status.h
[6.288s] -- Installing: /home/jliang/ros_ws/install/mavlink/include/mavlink/common/mavlink_msg_component_information.h
[6.288s] -- Installing: /home/jliang/ros_ws/install/mavlink/include/mavlink/common/mavlink_msg_tunnel.h
[6.288s] -- Installing: /home/jliang/ros_ws/install/mavlink/include/mavlink/common/mavlink_msg_vicon_position_estimate.h
[6.288s] -- Installing: /home/jliang/ros_ws/install/mavlink/include/mavlink/common/mavlink_msg_nav_controller_output.h
[6.289s] -- Installing: /home/jliang/ros_ws/install/mavlink/include/mavlink/common/mavlink_msg_mission_item_reached.h
[6.289s] -- Installing: /home/jliang/ros_ws/install/mavlink/include/mavlink/common/mavlink_msg_hygrometer_sensor.h
[6.289s] -- Installing: /home/jliang/ros_ws/install/mavlink/include/mavlink/common/mavlink_msg_debug_float_array.h
[6.289s] -- Installing: /home/jliang/ros_ws/install/mavlink/include/mavlink/common/mavlink_msg_canfd_frame.h
[6.289s] -- Installing: /home/jliang/ros_ws/install/mavlink/include/mavlink/common/mavlink_msg_safety_set_allowed_area.h
[6.289s] -- Installing: /home/jliang/ros_ws/install/mavlink/include/mavlink/common/mavlink_msg_follow_target.h
[6.289s] -- Installing: /home/jliang/ros_ws/install/mavlink/include/mavlink/common/mavlink_msg_logging_ack.h
[6.290s] -- Installing: /home/jliang/ros_ws/install/mavlink/include/mavlink/common/mavlink_msg_scaled_imu3.h
[6.290s] -- Installing: /home/jliang/ros_ws/install/mavlink/include/mavlink/common/mavlink_msg_open_drone_id_authentication.h
[6.290s] -- Installing: /home/jliang/ros_ws/install/mavlink/include/mavlink/common/mavlink_msg_open_drone_id_arm_status.h
[6.290s] -- Installing: /home/jliang/ros_ws/install/mavlink/include/mavlink/common/mavlink_msg_distance_sensor.h
[6.290s] -- Installing: /home/jliang/ros_ws/install/mavlink/include/mavlink/common/mavlink_msg_local_position_ned.h
[6.290s] -- Installing: /home/jliang/ros_ws/install/mavlink/include/mavlink/common/mavlink_msg_vfr_hud.h
[6.290s] -- Installing: /home/jliang/ros_ws/install/mavlink/include/mavlink/common/mavlink_msg_response_event_error.h
[6.291s] -- Installing: /home/jliang/ros_ws/install/mavlink/include/mavlink/common/mavlink_msg_available_modes_monitor.h
[6.291s] -- Installing: /home/jliang/ros_ws/install/mavlink/include/mavlink/common/mavlink_msg_isbd_link_status.h
[6.291s] -- Installing: /home/jliang/ros_ws/install/mavlink/include/mavlink/common/mavlink_msg_sys_status.h
[6.291s] -- Installing: /home/jliang/ros_ws/install/mavlink/include/mavlink/common/mavlink_msg_scaled_imu.h
[6.291s] -- Installing: /home/jliang/ros_ws/install/mavlink/include/mavlink/common/mavlink_msg_wheel_distance.h
[6.291s] -- Installing: /home/jliang/ros_ws/install/mavlink/include/mavlink/common/mavlink_msg_camera_image_captured.h
[6.291s] -- Installing: /home/jliang/ros_ws/install/mavlink/include/mavlink/common/mavlink_msg_ping.h
[6.292s] -- Installing: /home/jliang/ros_ws/install/mavlink/include/mavlink/common/mavlink_msg_file_transfer_protocol.h
[6.292s] -- Installing: /home/jliang/ros_ws/install/mavlink/include/mavlink/common/mavlink_msg_log_entry.h
[6.292s] -- Installing: /home/jliang/ros_ws/install/mavlink/include/mavlink/common/mavlink_msg_data_transmission_handshake.h
[6.292s] -- Installing: /home/jliang/ros_ws/install/mavlink/include/mavlink/common/mavlink_msg_open_drone_id_system.h
[6.292s] -- Installing: /home/jliang/ros_ws/install/mavlink/include/mavlink/common/mavlink_msg_esc_status.h
[6.292s] -- Installing: /home/jliang/ros_ws/install/mavlink/include/mavlink/common/mavlink_msg_mission_clear_all.h
[6.292s] -- Installing: /home/jliang/ros_ws/install/mavlink/include/mavlink/common/mavlink_msg_camera_thermal_range.h
[6.292s] -- Installing: /home/jliang/ros_ws/install/mavlink/include/mavlink/common/mavlink_msg_set_mode.h
[6.293s] -- Installing: /home/jliang/ros_ws/install/mavlink/include/mavlink/common/mavlink_msg_gps_global_origin.h
[6.293s] -- Installing: /home/jliang/ros_ws/install/mavlink/include/mavlink/common/mavlink_msg_available_modes.h
[6.293s] -- Installing: /home/jliang/ros_ws/install/mavlink/include/mavlink/common/mavlink_msg_raw_pressure.h
[6.293s] -- Installing: /home/jliang/ros_ws/install/mavlink/include/mavlink/common/mavlink_msg_camera_capture_status.h
[6.293s] -- Installing: /home/jliang/ros_ws/install/mavlink/include/mavlink/common/mavlink_msg_vision_position_estimate.h
[6.293s] -- Installing: /home/jliang/ros_ws/install/mavlink/include/mavlink/common/mavlink_msg_collision.h
[6.294s] -- Installing: /home/jliang/ros_ws/install/mavlink/include/mavlink/common/mavlink_msg_command_cancel.h
[6.294s] -- Installing: /home/jliang/ros_ws/install/mavlink/include/mavlink/common/mavlink_msg_hil_controls.h
[6.294s] -- Installing: /home/jliang/ros_ws/install/mavlink/include/mavlink/common/mavlink_msg_param_value.h
[6.294s] -- Installing: /home/jliang/ros_ws/install/mavlink/include/mavlink/common/mavlink_msg_local_position_ned_cov.h
[6.294s] -- Installing: /home/jliang/ros_ws/install/mavlink/include/mavlink/common/mavlink_msg_open_drone_id_message_pack.h
[6.294s] -- Installing: /home/jliang/ros_ws/install/mavlink/include/mavlink/common/mavlink_msg_data_stream.h
[6.294s] -- Installing: /home/jliang/ros_ws/install/mavlink/include/mavlink/common/mavlink_msg_camera_trigger.h
[6.295s] -- Installing: /home/jliang/ros_ws/install/mavlink/include/mavlink/common/mavlink_msg_mission_item_int.h
[6.295s] -- Installing: /home/jliang/ros_ws/install/mavlink/include/mavlink/common/mavlink_msg_local_position_ned_system_global_offset.h
[6.295s] -- Installing: /home/jliang/ros_ws/install/mavlink/include/mavlink/common/mavlink_msg_gps_input.h
[6.295s] -- Installing: /home/jliang/ros_ws/install/mavlink/include/mavlink/common/mavlink_msg_log_request_list.h
[6.295s] -- Installing: /home/jliang/ros_ws/install/mavlink/include/mavlink/common/mavlink_msg_estimator_status.h
[6.295s] -- Installing: /home/jliang/ros_ws/install/mavlink/include/mavlink/common/mavlink_msg_camera_tracking_geo_status.h
[6.295s] -- Installing: /home/jliang/ros_ws/install/mavlink/include/mavlink/common/mavlink_msg_component_metadata.h
[6.295s] -- Installing: /home/jliang/ros_ws/install/mavlink/include/mavlink/common/mavlink_msg_command_int.h
[6.296s] -- Installing: /home/jliang/ros_ws/install/mavlink/include/mavlink/common/mavlink_msg_gimbal_device_set_attitude.h
[6.296s] -- Installing: /home/jliang/ros_ws/install/mavlink/include/mavlink/common/mavlink_msg_open_drone_id_location.h
[6.296s] -- Installing: /home/jliang/ros_ws/install/mavlink/include/mavlink/common/mavlink_msg_adsb_vehicle.h
[6.296s] -- Installing: /home/jliang/ros_ws/install/mavlink/include/mavlink/common/mavlink_msg_gimbal_manager_status.h
[6.296s] -- Installing: /home/jliang/ros_ws/install/mavlink/include/mavlink/common/mavlink_msg_gps_raw_int.h
[6.296s] -- Installing: /home/jliang/ros_ws/install/mavlink/include/mavlink/common/mavlink_msg_hil_sensor.h
[6.297s] -- Installing: /home/jliang/ros_ws/install/mavlink/include/mavlink/common/mavlink_msg_set_attitude_target.h
[6.297s] -- Installing: /home/jliang/ros_ws/install/mavlink/include/mavlink/common/mavlink_msg_rc_channels_raw.h
[6.297s] -- Installing: /home/jliang/ros_ws/install/mavlink/include/mavlink/common/mavlink_msg_log_request_end.h
[6.297s] -- Installing: /home/jliang/ros_ws/install/mavlink/include/mavlink/common/mavlink_msg_gimbal_manager_information.h
[6.297s] -- Installing: /home/jliang/ros_ws/install/mavlink/include/mavlink/common/mavlink_msg_setup_signing.h
[6.297s] -- Installing: /home/jliang/ros_ws/install/mavlink/include/mavlink/common/mavlink_msg_param_ext_value.h
[6.297s] -- Installing: /home/jliang/ros_ws/install/mavlink/include/mavlink/common/mavlink_msg_storage_information.h
[6.297s] -- Installing: /home/jliang/ros_ws/install/mavlink/include/mavlink/common/mavlink_msg_mission_request_list.h
[6.298s] -- Installing: /home/jliang/ros_ws/install/mavlink/include/mavlink/common/mavlink_msg_set_gps_global_origin.h
[6.298s] -- Installing: /home/jliang/ros_ws/install/mavlink/include/mavlink/common/mavlink_msg_open_drone_id_self_id.h
[6.298s] -- Installing: /home/jliang/ros_ws/install/mavlink/include/mavlink/common/mavlink_msg_actuator_control_target.h
[6.298s] -- Installing: /home/jliang/ros_ws/install/mavlink/include/mavlink/common/mavlink_msg_autopilot_state_for_gimbal_device.h
[6.298s] -- Installing: /home/jliang/ros_ws/install/mavlink/include/mavlink/common/mavlink_msg_request_event.h
[6.298s] -- Installing: /home/jliang/ros_ws/install/mavlink/include/mavlink/common/mavlink_msg_optical_flow_rad.h
[6.299s] -- Installing: /home/jliang/ros_ws/install/mavlink/include/mavlink/common/mavlink_msg_open_drone_id_basic_id.h
[6.299s] -- Installing: /home/jliang/ros_ws/install/mavlink/include/mavlink/common/mavlink_msg_raw_imu.h
[6.299s] -- Installing: /home/jliang/ros_ws/install/mavlink/include/mavlink/common/mavlink_msg_camera_fov_status.h
[6.299s] -- Installing: /home/jliang/ros_ws/install/mavlink/include/mavlink/common/mavlink_msg_mission_ack.h
[6.300s] -- Installing: /home/jliang/ros_ws/install/mavlink/include/mavlink/common/mavlink_msg_scaled_pressure2.h
[6.300s] -- Installing: /home/jliang/ros_ws/install/mavlink/include/mavlink/common/mavlink_msg_trajectory_representation_bezier.h
[6.300s] -- Installing: /home/jliang/ros_ws/install/mavlink/include/mavlink/common/mavlink_msg_gimbal_manager_set_pitchyaw.h
[6.300s] -- Installing: /home/jliang/ros_ws/install/mavlink/include/mavlink/common/mavlink_msg_statustext.h
[6.301s] -- Installing: /home/jliang/ros_ws/install/mavlink/include/mavlink/common/mavlink_msg_set_position_target_local_ned.h
[6.301s] -- Installing: /home/jliang/ros_ws/install/mavlink/include/mavlink/common/mavlink_msg_hil_gps.h
[6.301s] -- Installing: /home/jliang/ros_ws/install/mavlink/include/mavlink/common/mavlink_msg_manual_setpoint.h
[6.301s] -- Installing: /home/jliang/ros_ws/install/mavlink/include/mavlink/common/mavlink_msg_extended_sys_state.h
[6.301s] -- Installing: /home/jliang/ros_ws/install/mavlink/include/mavlink/common/mavlink_msg_orbit_execution_status.h
[6.302s] -- Installing: /home/jliang/ros_ws/install/mavlink/include/mavlink/mavlink_sha256.h
[6.302s] -- Installing: /home/jliang/ros_ws/install/mavlink/lib/cmake/MAVLink/MAVLinkTargets.cmake
[6.302s] -- Installing: /home/jliang/ros_ws/install/mavlink/lib/cmake/MAVLink/MAVLinkConfig.cmake
[6.305s] Invoked command in '/home/jliang/ros_ws/build/mavlink' returned '0': CONDA_PROMPT_MODIFIER=(ros_humble) /home/jliang/miniforge3/envs/ros_humble/bin/cmake --install /home/jliang/ros_ws/build/mavlink
