[0mCMake Deprecation Warning at CMakeLists.txt:1 (cmake_minimum_required):
  Compatibility with CMake < 3.10 will be removed from a future version of
  CMake.

  Update the VERSION argument <min> value.  Or, use the <min>...<max> syntax
  to tell CMake that the project requires at least <min> but has been updated
  to work with policies introduced by <max> or earlier.

[0m
-- Found ament_cmake: 1.3.3 (/home/jliang/miniforge3/envs/ros_humble/share/ament_cmake/cmake)
-- Found Python3: /home/jliang/miniforge3/envs/ros_humble/bin/python (found version "3.10.19") found components: Interpreter
-- Override CMake install command with custom implementation using symlinks instead of copying resources
-- Configuring done (0.5s)
-- Generating done (0.0s)
[33mCMake Warning:
  Manually-specified variables were not used by the project:

    PYTHON_EXECUTABLE
    ROS_DISTRO

[0m
-- Build files have been written to: /home/jliang/ros_ws/build/rosidl_parser
Built target ament_cmake_python_symlink_rosidl_parser
running egg_info
creating rosidl_parser.egg-info
writing rosidl_parser.egg-info/PKG-INFO
writing dependency_links to rosidl_parser.egg-info/dependency_links.txt
writing top-level names to rosidl_parser.egg-info/top_level.txt
writing manifest file 'rosidl_parser.egg-info/SOURCES.txt'
reading manifest file 'rosidl_parser.egg-info/SOURCES.txt'
writing manifest file 'rosidl_parser.egg-info/SOURCES.txt'
Built target ament_cmake_python_build_rosidl_parser_egg
-- Install configuration: "Release"
-- Execute custom install script
-- Symlinking: /home/jliang/ros_ws/install/rosidl_parser/share/rosidl_parser/environment/pythonpath.sh
-- Symlinking: /home/jliang/ros_ws/install/rosidl_parser/share/rosidl_parser/environment/pythonpath.dsv
-- Symlinking: /home/jliang/ros_ws/install/rosidl_parser/lib/python3.10/site-packages/rosidl_parser-3.1.8-py3.10.egg-info/PKG-INFO
-- Symlinking: /home/jliang/ros_ws/install/rosidl_parser/lib/python3.10/site-packages/rosidl_parser-3.1.8-py3.10.egg-info/SOURCES.txt
-- Symlinking: /home/jliang/ros_ws/install/rosidl_parser/lib/python3.10/site-packages/rosidl_parser-3.1.8-py3.10.egg-info/dependency_links.txt
-- Symlinking: /home/jliang/ros_ws/install/rosidl_parser/lib/python3.10/site-packages/rosidl_parser-3.1.8-py3.10.egg-info/top_level.txt
-- Symlinking: /home/jliang/ros_ws/install/rosidl_parser/lib/python3.10/site-packages/rosidl_parser/__init__.py
-- Symlinking: /home/jliang/ros_ws/install/rosidl_parser/lib/python3.10/site-packages/rosidl_parser/definition.py
-- Symlinking: /home/jliang/ros_ws/install/rosidl_parser/lib/python3.10/site-packages/rosidl_parser/grammar.lark
-- Symlinking: /home/jliang/ros_ws/install/rosidl_parser/lib/python3.10/site-packages/rosidl_parser/parser.py
-- Symlinking: /home/jliang/ros_ws/install/rosidl_parser/share/ament_index/resource_index/package_run_dependencies/rosidl_parser
-- Symlinking: /home/jliang/ros_ws/install/rosidl_parser/share/ament_index/resource_index/parent_prefix_path/rosidl_parser
-- Symlinking: /home/jliang/ros_ws/install/rosidl_parser/share/rosidl_parser/environment/ament_prefix_path.sh
-- Symlinking: /home/jliang/ros_ws/install/rosidl_parser/share/rosidl_parser/environment/ament_prefix_path.dsv
-- Symlinking: /home/jliang/ros_ws/install/rosidl_parser/share/rosidl_parser/environment/path.sh
-- Symlinking: /home/jliang/ros_ws/install/rosidl_parser/share/rosidl_parser/environment/path.dsv
-- Symlinking: /home/jliang/ros_ws/install/rosidl_parser/share/rosidl_parser/local_setup.bash
-- Symlinking: /home/jliang/ros_ws/install/rosidl_parser/share/rosidl_parser/local_setup.sh
-- Symlinking: /home/jliang/ros_ws/install/rosidl_parser/share/rosidl_parser/local_setup.zsh
-- Symlinking: /home/jliang/ros_ws/install/rosidl_parser/share/rosidl_parser/local_setup.dsv
-- Symlinking: /home/jliang/ros_ws/install/rosidl_parser/share/rosidl_parser/package.dsv
-- Symlinking: /home/jliang/ros_ws/install/rosidl_parser/share/ament_index/resource_index/packages/rosidl_parser
-- Symlinking: /home/jliang/ros_ws/install/rosidl_parser/share/rosidl_parser/cmake/rosidl_parserConfig.cmake
-- Symlinking: /home/jliang/ros_ws/install/rosidl_parser/share/rosidl_parser/cmake/rosidl_parserConfig-version.cmake
-- Symlinking: /home/jliang/ros_ws/install/rosidl_parser/share/rosidl_parser/package.xml
-- Symlinking: /home/jliang/ros_ws/install/rosidl_parser/lib/rosidl_parser/idl2png
Listing 'lib/python3.10/site-packages/rosidl_parser'...
Can't list 'lib/python3.10/site-packages/rosidl_parser'
