[0mCMake Deprecation Warning at CMakeLists.txt:1 (cmake_minimum_required):
  Compatibility with CMake < 3.10 will be removed from a future version of
  CMake.

  Update the VERSION argument <min> value.  Or, use the <min>...<max> syntax
  to tell CMake that the project requires at least <min> but has been updated
  to work with policies introduced by <max> or earlier.

[0m
-- The C compiler identification is GNU 14.3.0
-- The CXX compiler identification is GNU 14.3.0
-- Detecting C compiler ABI info
-- Detecting C compiler ABI info - done
-- Check for working C compiler: /home/jliang/miniforge3/envs/ros_humble/bin/x86_64-conda-linux-gnu-cc - skipped
-- Detecting C compile features
-- Detecting C compile features - done
-- Detecting CXX compiler ABI info
-- Detecting CXX compiler ABI info - done
-- Check for working CXX compiler: /home/jliang/miniforge3/envs/ros_humble/bin/x86_64-conda-linux-gnu-c++ - skipped
-- Detecting CXX compile features
-- Detecting CXX compile features - done
-- Found ament_cmake: 1.3.3 (/home/jliang/miniforge3/envs/ros_humble/share/ament_cmake/cmake)
-- Found Python3: /home/jliang/miniforge3/envs/ros_humble/bin/python (found version "3.10.19") found components: Interpreter
-- Override CMake install command with custom implementation using symlinks instead of copying resources
-- Performing Test HAS_FLTO_AUTO
-- Performing Test HAS_FLTO_AUTO - Success
-- Configuring done (1.1s)
-- Generating done (0.0s)
[33mCMake Warning:
  Manually-specified variables were not used by the project:

    PYTHON_EXECUTABLE
    ROS_DISTRO

[0m
-- Build files have been written to: /home/jliang/ros_ws/build/pybind11_vendor
-- Install configuration: "Release"
-- Execute custom install script
-- Symlinking: /home/jliang/ros_ws/install/pybind11_vendor/share/ament_index/resource_index/package_run_dependencies/pybind11_vendor
-- Symlinking: /home/jliang/ros_ws/install/pybind11_vendor/share/ament_index/resource_index/parent_prefix_path/pybind11_vendor
-- Symlinking: /home/jliang/ros_ws/install/pybind11_vendor/share/pybind11_vendor/environment/ament_prefix_path.sh
-- Symlinking: /home/jliang/ros_ws/install/pybind11_vendor/share/pybind11_vendor/environment/ament_prefix_path.dsv
-- Symlinking: /home/jliang/ros_ws/install/pybind11_vendor/share/pybind11_vendor/environment/path.sh
-- Symlinking: /home/jliang/ros_ws/install/pybind11_vendor/share/pybind11_vendor/environment/path.dsv
-- Symlinking: /home/jliang/ros_ws/install/pybind11_vendor/share/pybind11_vendor/local_setup.bash
-- Symlinking: /home/jliang/ros_ws/install/pybind11_vendor/share/pybind11_vendor/local_setup.sh
-- Symlinking: /home/jliang/ros_ws/install/pybind11_vendor/share/pybind11_vendor/local_setup.zsh
-- Symlinking: /home/jliang/ros_ws/install/pybind11_vendor/share/pybind11_vendor/local_setup.dsv
-- Symlinking: /home/jliang/ros_ws/install/pybind11_vendor/share/pybind11_vendor/package.dsv
-- Symlinking: /home/jliang/ros_ws/install/pybind11_vendor/share/ament_index/resource_index/packages/pybind11_vendor
-- Symlinking: /home/jliang/ros_ws/install/pybind11_vendor/share/pybind11_vendor/cmake/pybind11_vendorConfig.cmake
-- Symlinking: /home/jliang/ros_ws/install/pybind11_vendor/share/pybind11_vendor/cmake/pybind11_vendorConfig-version.cmake
-- Symlinking: /home/jliang/ros_ws/install/pybind11_vendor/share/pybind11_vendor/package.xml
