[0.478s] Invoking command in '/home/jliang/ros_ws/build/rosidl_typesupport_interface': CMAKE_PREFIX_PATH=${CMAKE_PREFIX_PATH}:/home/jliang/ros_ws/install/tf2_tools:/home/jliang/ros_ws/install/examples_tf2_py:/home/jliang/ros_ws/install/tf2_ros_py:/home/jliang/ros_ws/install/ros2plugin:/home/jliang/ros_ws/install/ravage_ros:/home/jliang/ros_ws/install/sensor_msgs_py:/home/jliang/ros_ws/install/rosidl_cli CONDA_PROMPT_MODIFIER=(ros_humble) /home/jliang/miniforge3/envs/ros_humble/bin/cmake /home/jliang/ros_ws/src/rosidl/rosidl_typesupport_interface -DCMAKE_BUILD_TYPE=Release -DBUILD_TESTING=OFF -DPython3_EXECUTABLE=/home/jliang/miniforge3/envs/ros_humble/bin/python -DPYTHON_EXECUTABLE=/home/jliang/miniforge3/envs/ros_humble/bin/python -DROS_DISTRO=humble -DCMAKE_POLICY_VERSION_MINIMUM=3.5 -DAMENT_CMAKE_SYMLINK_INSTALL=1 -DCMAKE_INSTALL_PREFIX=/home/jliang/ros_ws/install/rosidl_typesupport_interface
[0.525s] [0mCMake Deprecation Warning at CMakeLists.txt:1 (cmake_minimum_required):
[0.526s]   Compatibility with CMake < 3.10 will be removed from a future version of
[0.526s]   CMake.
[0.526s] 
[0.526s]   Update the VERSION argument <min> value.  Or, use the <min>...<max> syntax
[0.526s]   to tell CMake that the project requires at least <min> but has been updated
[0.526s]   to work with policies introduced by <max> or earlier.
[0.526s] 
[0.527s] [0m
[0.527s] -- Found ament_cmake: 1.3.3 (/home/jliang/miniforge3/envs/ros_humble/share/ament_cmake/cmake)
[0.617s] -- Override CMake install command with custom implementation using symlinks instead of copying resources
[0.715s] -- Configuring done (0.2s)
[0.718s] -- Generating done (0.0s)
[0.719s] -- Build files have been written to: /home/jliang/ros_ws/build/rosidl_typesupport_interface
[0.722s] Invoked command in '/home/jliang/ros_ws/build/rosidl_typesupport_interface' returned '0': CMAKE_PREFIX_PATH=${CMAKE_PREFIX_PATH}:/home/jliang/ros_ws/install/tf2_tools:/home/jliang/ros_ws/install/examples_tf2_py:/home/jliang/ros_ws/install/tf2_ros_py:/home/jliang/ros_ws/install/ros2plugin:/home/jliang/ros_ws/install/ravage_ros:/home/jliang/ros_ws/install/sensor_msgs_py:/home/jliang/ros_ws/install/rosidl_cli CONDA_PROMPT_MODIFIER=(ros_humble) /home/jliang/miniforge3/envs/ros_humble/bin/cmake /home/jliang/ros_ws/src/rosidl/rosidl_typesupport_interface -DCMAKE_BUILD_TYPE=Release -DBUILD_TESTING=OFF -DPython3_EXECUTABLE=/home/jliang/miniforge3/envs/ros_humble/bin/python -DPYTHON_EXECUTABLE=/home/jliang/miniforge3/envs/ros_humble/bin/python -DROS_DISTRO=humble -DCMAKE_POLICY_VERSION_MINIMUM=3.5 -DAMENT_CMAKE_SYMLINK_INSTALL=1 -DCMAKE_INSTALL_PREFIX=/home/jliang/ros_ws/install/rosidl_typesupport_interface
[0.725s] Invoking command in '/home/jliang/ros_ws/build/rosidl_typesupport_interface': CMAKE_PREFIX_PATH=${CMAKE_PREFIX_PATH}:/home/jliang/ros_ws/install/tf2_tools:/home/jliang/ros_ws/install/examples_tf2_py:/home/jliang/ros_ws/install/tf2_ros_py:/home/jliang/ros_ws/install/ros2plugin:/home/jliang/ros_ws/install/ravage_ros:/home/jliang/ros_ws/install/sensor_msgs_py:/home/jliang/ros_ws/install/rosidl_cli CONDA_PROMPT_MODIFIER=(ros_humble) /home/jliang/miniforge3/envs/ros_humble/bin/cmake --build /home/jliang/ros_ws/build/rosidl_typesupport_interface -- -j48 -l48
[0.763s] Invoked command in '/home/jliang/ros_ws/build/rosidl_typesupport_interface' returned '0': CMAKE_PREFIX_PATH=${CMAKE_PREFIX_PATH}:/home/jliang/ros_ws/install/tf2_tools:/home/jliang/ros_ws/install/examples_tf2_py:/home/jliang/ros_ws/install/tf2_ros_py:/home/jliang/ros_ws/install/ros2plugin:/home/jliang/ros_ws/install/ravage_ros:/home/jliang/ros_ws/install/sensor_msgs_py:/home/jliang/ros_ws/install/rosidl_cli CONDA_PROMPT_MODIFIER=(ros_humble) /home/jliang/miniforge3/envs/ros_humble/bin/cmake --build /home/jliang/ros_ws/build/rosidl_typesupport_interface -- -j48 -l48
[0.773s] Invoking command in '/home/jliang/ros_ws/build/rosidl_typesupport_interface': CMAKE_PREFIX_PATH=${CMAKE_PREFIX_PATH}:/home/jliang/ros_ws/install/tf2_tools:/home/jliang/ros_ws/install/examples_tf2_py:/home/jliang/ros_ws/install/tf2_ros_py:/home/jliang/ros_ws/install/ros2plugin:/home/jliang/ros_ws/install/ravage_ros:/home/jliang/ros_ws/install/sensor_msgs_py:/home/jliang/ros_ws/install/rosidl_cli CONDA_PROMPT_MODIFIER=(ros_humble) /home/jliang/miniforge3/envs/ros_humble/bin/cmake --install /home/jliang/ros_ws/build/rosidl_typesupport_interface
[0.783s] -- Install configuration: "Release"
[0.783s] -- Execute custom install script
[0.783s] -- Up-to-date symlink: /home/jliang/ros_ws/install/rosidl_typesupport_interface/share/ament_index/resource_index/package_run_dependencies/rosidl_typesupport_interface
[0.784s] -- Up-to-date symlink: /home/jliang/ros_ws/install/rosidl_typesupport_interface/share/ament_index/resource_index/parent_prefix_path/rosidl_typesupport_interface
[0.784s] -- Up-to-date symlink: /home/jliang/ros_ws/install/rosidl_typesupport_interface/share/rosidl_typesupport_interface/environment/ament_prefix_path.sh
[0.784s] -- Up-to-date symlink: /home/jliang/ros_ws/install/rosidl_typesupport_interface/share/rosidl_typesupport_interface/environment/ament_prefix_path.dsv
[0.784s] -- Up-to-date symlink: /home/jliang/ros_ws/install/rosidl_typesupport_interface/share/rosidl_typesupport_interface/environment/path.sh
[0.784s] -- Up-to-date symlink: /home/jliang/ros_ws/install/rosidl_typesupport_interface/share/rosidl_typesupport_interface/environment/path.dsv
[0.784s] -- Up-to-date symlink: /home/jliang/ros_ws/install/rosidl_typesupport_interface/share/rosidl_typesupport_interface/local_setup.bash
[0.784s] -- Up-to-date symlink: /home/jliang/ros_ws/install/rosidl_typesupport_interface/share/rosidl_typesupport_interface/local_setup.sh
[0.784s] -- Up-to-date symlink: /home/jliang/ros_ws/install/rosidl_typesupport_interface/share/rosidl_typesupport_interface/local_setup.zsh
[0.785s] -- Up-to-date symlink: /home/jliang/ros_ws/install/rosidl_typesupport_interface/share/rosidl_typesupport_interface/local_setup.dsv
[0.785s] -- Symlinking: /home/jliang/ros_ws/install/rosidl_typesupport_interface/share/rosidl_typesupport_interface/package.dsv
[0.796s] -- Up-to-date symlink: /home/jliang/ros_ws/install/rosidl_typesupport_interface/share/ament_index/resource_index/packages/rosidl_typesupport_interface
[0.796s] -- Up-to-date symlink: /home/jliang/ros_ws/install/rosidl_typesupport_interface/share/rosidl_typesupport_interface/cmake/ament_cmake_export_include_directories-extras.cmake
[0.796s] -- Up-to-date symlink: /home/jliang/ros_ws/install/rosidl_typesupport_interface/share/rosidl_typesupport_interface/cmake/ament_cmake_export_targets-extras.cmake
[0.797s] -- Up-to-date symlink: /home/jliang/ros_ws/install/rosidl_typesupport_interface/share/rosidl_typesupport_interface/cmake/rosidl_typesupport_interfaceConfig.cmake
[0.797s] -- Up-to-date symlink: /home/jliang/ros_ws/install/rosidl_typesupport_interface/share/rosidl_typesupport_interface/cmake/rosidl_typesupport_interfaceConfig-version.cmake
[0.797s] -- Up-to-date symlink: /home/jliang/ros_ws/install/rosidl_typesupport_interface/share/rosidl_typesupport_interface/package.xml
[0.797s] -- Up-to-date symlink: /home/jliang/ros_ws/install/rosidl_typesupport_interface/include/rosidl_typesupport_interface/rosidl_typesupport_interface/macros.h
[0.798s] -- Up-to-date: /home/jliang/ros_ws/install/rosidl_typesupport_interface/share/rosidl_typesupport_interface/cmake/rosidl_typesupport_interfaceExport.cmake
[0.801s] Invoked command in '/home/jliang/ros_ws/build/rosidl_typesupport_interface' returned '0': CMAKE_PREFIX_PATH=${CMAKE_PREFIX_PATH}:/home/jliang/ros_ws/install/tf2_tools:/home/jliang/ros_ws/install/examples_tf2_py:/home/jliang/ros_ws/install/tf2_ros_py:/home/jliang/ros_ws/install/ros2plugin:/home/jliang/ros_ws/install/ravage_ros:/home/jliang/ros_ws/install/sensor_msgs_py:/home/jliang/ros_ws/install/rosidl_cli CONDA_PROMPT_MODIFIER=(ros_humble) /home/jliang/miniforge3/envs/ros_humble/bin/cmake --install /home/jliang/ros_ws/build/rosidl_typesupport_interface
