[0mCMake Deprecation Warning at CMakeLists.txt:1 (cmake_minimum_required):
  Compatibility with CMake < 3.10 will be removed from a future version of
  CMake.

  Update the VERSION argument <min> value.  Or, use the <min>...<max> syntax
  to tell CMake that the project requires at least <min> but has been updated
  to work with policies introduced by <max> or earlier.

[0m
-- Found ament_cmake: 1.3.3 (/home/jliang/miniforge3/envs/ros_humble/share/ament_cmake/cmake)
-- Override CMake install command with custom implementation using symlinks instead of copying resources
-- Configuring done (0.3s)
-- Generating done (0.0s)
[33mCMake Warning:
  Manually-specified variables were not used by the project:

    mavlink_DIR

[0m
-- Build files have been written to: /home/jliang/ros_ws/build/eigen3_cmake_module
-- Install configuration: "Release"
-- Execute custom install script
-- Up-to-date symlink: /home/jliang/ros_ws/install/eigen3_cmake_module/share/ament_index/resource_index/package_run_dependencies/eigen3_cmake_module
-- Up-to-date symlink: /home/jliang/ros_ws/install/eigen3_cmake_module/share/ament_index/resource_index/parent_prefix_path/eigen3_cmake_module
-- Up-to-date symlink: /home/jliang/ros_ws/install/eigen3_cmake_module/share/eigen3_cmake_module/environment/ament_prefix_path.sh
-- Up-to-date symlink: /home/jliang/ros_ws/install/eigen3_cmake_module/share/eigen3_cmake_module/environment/ament_prefix_path.dsv
-- Up-to-date symlink: /home/jliang/ros_ws/install/eigen3_cmake_module/share/eigen3_cmake_module/environment/path.sh
-- Up-to-date symlink: /home/jliang/ros_ws/install/eigen3_cmake_module/share/eigen3_cmake_module/environment/path.dsv
-- Up-to-date symlink: /home/jliang/ros_ws/install/eigen3_cmake_module/share/eigen3_cmake_module/local_setup.bash
-- Up-to-date symlink: /home/jliang/ros_ws/install/eigen3_cmake_module/share/eigen3_cmake_module/local_setup.sh
-- Up-to-date symlink: /home/jliang/ros_ws/install/eigen3_cmake_module/share/eigen3_cmake_module/local_setup.zsh
-- Up-to-date symlink: /home/jliang/ros_ws/install/eigen3_cmake_module/share/eigen3_cmake_module/local_setup.dsv
-- Symlinking: /home/jliang/ros_ws/install/eigen3_cmake_module/share/eigen3_cmake_module/package.dsv
-- Up-to-date symlink: /home/jliang/ros_ws/install/eigen3_cmake_module/share/ament_index/resource_index/packages/eigen3_cmake_module
-- Up-to-date symlink: /home/jliang/ros_ws/install/eigen3_cmake_module/share/eigen3_cmake_module/cmake/eigen3_cmake_module-extras.cmake
-- Up-to-date symlink: /home/jliang/ros_ws/install/eigen3_cmake_module/share/eigen3_cmake_module/cmake/eigen3_cmake_moduleConfig.cmake
-- Up-to-date symlink: /home/jliang/ros_ws/install/eigen3_cmake_module/share/eigen3_cmake_module/cmake/eigen3_cmake_moduleConfig-version.cmake
-- Up-to-date symlink: /home/jliang/ros_ws/install/eigen3_cmake_module/share/eigen3_cmake_module/package.xml
-- Up-to-date symlink: /home/jliang/ros_ws/install/eigen3_cmake_module/share/eigen3_cmake_module/cmake/Modules/FindEigen3.cmake
