-- Found ament_cmake_ros: 0.10.0 (/home/jliang/miniforge3/envs/ros_humble/share/ament_cmake_ros/cmake)
-- Override CMake install command with custom implementation using symlinks instead of copying resources
-- Found rcutils: 5.1.8 (/home/jliang/ros_ws/install/rcutils/share/rcutils/cmake)
-- Found rosidl_typesupport_interface: 3.1.8 (/home/jliang/ros_ws/install/rosidl_typesupport_interface/share/rosidl_typesupport_interface/cmake)
-- Configuring done (0.3s)
-- Generating done (0.0s)
-- Build files have been written to: /home/jliang/ros_ws/build/rosidl_runtime_c
[100%] Built target rosidl_runtime_c
-- Install configuration: "Release"
-- Execute custom install script
-- Up-to-date symlink: /home/jliang/ros_ws/install/rosidl_runtime_c/share/ament_index/resource_index/rosidl_runtime_packages/rosidl_runtime_c
-- Up-to-date symlink: /home/jliang/ros_ws/install/rosidl_runtime_c/include/rosidl_runtime_c/rosidl_runtime_c/action_type_support_struct.h
-- Up-to-date symlink: /home/jliang/ros_ws/install/rosidl_runtime_c/include/rosidl_runtime_c/rosidl_runtime_c/message_initialization.h
-- Up-to-date symlink: /home/jliang/ros_ws/install/rosidl_runtime_c/include/rosidl_runtime_c/rosidl_runtime_c/message_type_support_struct.h
-- Up-to-date symlink: /home/jliang/ros_ws/install/rosidl_runtime_c/include/rosidl_runtime_c/rosidl_runtime_c/primitives_sequence.h
-- Up-to-date symlink: /home/jliang/ros_ws/install/rosidl_runtime_c/include/rosidl_runtime_c/rosidl_runtime_c/primitives_sequence_functions.h
-- Up-to-date symlink: /home/jliang/ros_ws/install/rosidl_runtime_c/include/rosidl_runtime_c/rosidl_runtime_c/sequence_bound.h
-- Up-to-date symlink: /home/jliang/ros_ws/install/rosidl_runtime_c/include/rosidl_runtime_c/rosidl_runtime_c/service_type_support_struct.h
-- Up-to-date symlink: /home/jliang/ros_ws/install/rosidl_runtime_c/include/rosidl_runtime_c/rosidl_runtime_c/string.h
-- Up-to-date symlink: /home/jliang/ros_ws/install/rosidl_runtime_c/include/rosidl_runtime_c/rosidl_runtime_c/string_bound.h
-- Up-to-date symlink: /home/jliang/ros_ws/install/rosidl_runtime_c/include/rosidl_runtime_c/rosidl_runtime_c/string_functions.h
-- Up-to-date symlink: /home/jliang/ros_ws/install/rosidl_runtime_c/include/rosidl_runtime_c/rosidl_runtime_c/u16string.h
-- Up-to-date symlink: /home/jliang/ros_ws/install/rosidl_runtime_c/include/rosidl_runtime_c/rosidl_runtime_c/u16string_functions.h
-- Up-to-date symlink: /home/jliang/ros_ws/install/rosidl_runtime_c/include/rosidl_runtime_c/rosidl_runtime_c/visibility_control.h
-- Up-to-date symlink: /home/jliang/ros_ws/install/rosidl_runtime_c/share/ament_index/resource_index/package_run_dependencies/rosidl_runtime_c
-- Up-to-date symlink: /home/jliang/ros_ws/install/rosidl_runtime_c/share/ament_index/resource_index/parent_prefix_path/rosidl_runtime_c
-- Up-to-date symlink: /home/jliang/ros_ws/install/rosidl_runtime_c/share/rosidl_runtime_c/environment/ament_prefix_path.sh
-- Up-to-date symlink: /home/jliang/ros_ws/install/rosidl_runtime_c/share/rosidl_runtime_c/environment/ament_prefix_path.dsv
-- Up-to-date symlink: /home/jliang/ros_ws/install/rosidl_runtime_c/share/rosidl_runtime_c/environment/path.sh
-- Up-to-date symlink: /home/jliang/ros_ws/install/rosidl_runtime_c/share/rosidl_runtime_c/environment/path.dsv
-- Up-to-date symlink: /home/jliang/ros_ws/install/rosidl_runtime_c/share/rosidl_runtime_c/local_setup.bash
-- Up-to-date symlink: /home/jliang/ros_ws/install/rosidl_runtime_c/share/rosidl_runtime_c/local_setup.sh
-- Up-to-date symlink: /home/jliang/ros_ws/install/rosidl_runtime_c/share/rosidl_runtime_c/local_setup.zsh
-- Up-to-date symlink: /home/jliang/ros_ws/install/rosidl_runtime_c/share/rosidl_runtime_c/local_setup.dsv
-- Symlinking: /home/jliang/ros_ws/install/rosidl_runtime_c/share/rosidl_runtime_c/package.dsv
-- Up-to-date symlink: /home/jliang/ros_ws/install/rosidl_runtime_c/share/ament_index/resource_index/packages/rosidl_runtime_c
-- Up-to-date symlink: /home/jliang/ros_ws/install/rosidl_runtime_c/share/rosidl_runtime_c/cmake/ament_cmake_export_dependencies-extras.cmake
-- Up-to-date symlink: /home/jliang/ros_ws/install/rosidl_runtime_c/share/rosidl_runtime_c/cmake/ament_cmake_export_include_directories-extras.cmake
-- Up-to-date symlink: /home/jliang/ros_ws/install/rosidl_runtime_c/share/rosidl_runtime_c/cmake/ament_cmake_export_libraries-extras.cmake
-- Up-to-date symlink: /home/jliang/ros_ws/install/rosidl_runtime_c/share/rosidl_runtime_c/cmake/ament_cmake_export_targets-extras.cmake
-- Up-to-date symlink: /home/jliang/ros_ws/install/rosidl_runtime_c/share/rosidl_runtime_c/cmake/rosidl_runtime_cConfig.cmake
-- Up-to-date symlink: /home/jliang/ros_ws/install/rosidl_runtime_c/share/rosidl_runtime_c/cmake/rosidl_runtime_cConfig-version.cmake
-- Up-to-date symlink: /home/jliang/ros_ws/install/rosidl_runtime_c/share/rosidl_runtime_c/package.xml
-- Installing: /home/jliang/ros_ws/install/rosidl_runtime_c/lib/librosidl_runtime_c.so
-- Set non-toolchain portion of runtime path of "/home/jliang/ros_ws/install/rosidl_runtime_c/lib/librosidl_runtime_c.so" to ""
-- Up-to-date: /home/jliang/ros_ws/install/rosidl_runtime_c/share/rosidl_runtime_c/cmake/rosidl_runtime_cExport.cmake
-- Up-to-date: /home/jliang/ros_ws/install/rosidl_runtime_c/share/rosidl_runtime_c/cmake/rosidl_runtime_cExport-release.cmake
