-- Found ament_cmake: 1.3.3 (/home/jliang/miniforge3/envs/ros_humble/share/ament_cmake/cmake)
-- Found Python3: /home/jliang/miniforge3/envs/ros_humble/bin/python (found version "3.10.19") found components: Interpreter
-- Override CMake install command with custom implementation using symlinks instead of copying resources
-- Configuring done (0.5s)
-- Generating done (0.0s)
-- Build files have been written to: /home/jliang/ros_ws/build/rosidl_cmake
Built target ament_cmake_python_symlink_rosidl_cmake
running egg_info
creating rosidl_cmake.egg-info
writing rosidl_cmake.egg-info/PKG-INFO
writing dependency_links to rosidl_cmake.egg-info/dependency_links.txt
writing top-level names to rosidl_cmake.egg-info/top_level.txt
writing manifest file 'rosidl_cmake.egg-info/SOURCES.txt'
reading manifest file 'rosidl_cmake.egg-info/SOURCES.txt'
writing manifest file 'rosidl_cmake.egg-info/SOURCES.txt'
Built target ament_cmake_python_build_rosidl_cmake_egg
-- Install configuration: "Release"
-- Execute custom install script
-- Symlinking: /home/jliang/ros_ws/install/rosidl_cmake/share/rosidl_cmake/environment/pythonpath.sh
-- Symlinking: /home/jliang/ros_ws/install/rosidl_cmake/share/rosidl_cmake/environment/pythonpath.dsv
-- Symlinking: /home/jliang/ros_ws/install/rosidl_cmake/lib/python3.10/site-packages/rosidl_cmake-3.1.8-py3.10.egg-info/PKG-INFO
-- Symlinking: /home/jliang/ros_ws/install/rosidl_cmake/lib/python3.10/site-packages/rosidl_cmake-3.1.8-py3.10.egg-info/SOURCES.txt
-- Symlinking: /home/jliang/ros_ws/install/rosidl_cmake/lib/python3.10/site-packages/rosidl_cmake-3.1.8-py3.10.egg-info/dependency_links.txt
-- Symlinking: /home/jliang/ros_ws/install/rosidl_cmake/lib/python3.10/site-packages/rosidl_cmake-3.1.8-py3.10.egg-info/top_level.txt
-- Symlinking: /home/jliang/ros_ws/install/rosidl_cmake/lib/python3.10/site-packages/rosidl_cmake/__init__.py
-- Symlinking: /home/jliang/ros_ws/install/rosidl_cmake/share/ament_index/resource_index/package_run_dependencies/rosidl_cmake
-- Symlinking: /home/jliang/ros_ws/install/rosidl_cmake/share/ament_index/resource_index/parent_prefix_path/rosidl_cmake
-- Symlinking: /home/jliang/ros_ws/install/rosidl_cmake/share/rosidl_cmake/environment/ament_prefix_path.sh
-- Symlinking: /home/jliang/ros_ws/install/rosidl_cmake/share/rosidl_cmake/environment/ament_prefix_path.dsv
-- Symlinking: /home/jliang/ros_ws/install/rosidl_cmake/share/rosidl_cmake/environment/path.sh
-- Symlinking: /home/jliang/ros_ws/install/rosidl_cmake/share/rosidl_cmake/environment/path.dsv
-- Symlinking: /home/jliang/ros_ws/install/rosidl_cmake/share/rosidl_cmake/local_setup.bash
-- Symlinking: /home/jliang/ros_ws/install/rosidl_cmake/share/rosidl_cmake/local_setup.sh
-- Symlinking: /home/jliang/ros_ws/install/rosidl_cmake/share/rosidl_cmake/local_setup.zsh
-- Symlinking: /home/jliang/ros_ws/install/rosidl_cmake/share/rosidl_cmake/local_setup.dsv
-- Symlinking: /home/jliang/ros_ws/install/rosidl_cmake/share/rosidl_cmake/package.dsv
-- Symlinking: /home/jliang/ros_ws/install/rosidl_cmake/share/ament_index/resource_index/packages/rosidl_cmake
-- Symlinking: /home/jliang/ros_ws/install/rosidl_cmake/share/rosidl_cmake/cmake/rosidl_cmake-extras.cmake
-- Symlinking: /home/jliang/ros_ws/install/rosidl_cmake/share/rosidl_cmake/cmake/rosidl_cmakeConfig.cmake
-- Symlinking: /home/jliang/ros_ws/install/rosidl_cmake/share/rosidl_cmake/cmake/rosidl_cmakeConfig-version.cmake
-- Symlinking: /home/jliang/ros_ws/install/rosidl_cmake/share/rosidl_cmake/package.xml
-- Symlinking: /home/jliang/ros_ws/install/rosidl_cmake/share/rosidl_cmake/cmake/rosidl_auto_generate_interfaces.cmake
-- Symlinking: /home/jliang/ros_ws/install/rosidl_cmake/share/rosidl_cmake/cmake/rosidl_cmake-extras.cmake.in
-- Symlinking: /home/jliang/ros_ws/install/rosidl_cmake/share/rosidl_cmake/cmake/rosidl_cmake_export_typesupport_libraries-extras.cmake.in
-- Symlinking: /home/jliang/ros_ws/install/rosidl_cmake/share/rosidl_cmake/cmake/rosidl_cmake_export_typesupport_libraries_package_hook.cmake
-- Symlinking: /home/jliang/ros_ws/install/rosidl_cmake/share/rosidl_cmake/cmake/rosidl_cmake_export_typesupport_targets-extras.cmake.in
-- Symlinking: /home/jliang/ros_ws/install/rosidl_cmake/share/rosidl_cmake/cmake/rosidl_cmake_export_typesupport_targets_package_hook.cmake
-- Symlinking: /home/jliang/ros_ws/install/rosidl_cmake/share/rosidl_cmake/cmake/rosidl_cmake_package_hook.cmake
-- Symlinking: /home/jliang/ros_ws/install/rosidl_cmake/share/rosidl_cmake/cmake/rosidl_export_typesupport_libraries.cmake
-- Symlinking: /home/jliang/ros_ws/install/rosidl_cmake/share/rosidl_cmake/cmake/rosidl_export_typesupport_targets.cmake
-- Symlinking: /home/jliang/ros_ws/install/rosidl_cmake/share/rosidl_cmake/cmake/rosidl_generate_interfaces.cmake
-- Symlinking: /home/jliang/ros_ws/install/rosidl_cmake/share/rosidl_cmake/cmake/rosidl_get_typesupport_target.cmake
-- Symlinking: /home/jliang/ros_ws/install/rosidl_cmake/share/rosidl_cmake/cmake/rosidl_target_interfaces.cmake
-- Symlinking: /home/jliang/ros_ws/install/rosidl_cmake/share/rosidl_cmake/cmake/rosidl_write_generator_arguments.cmake
-- Symlinking: /home/jliang/ros_ws/install/rosidl_cmake/share/rosidl_cmake/cmake/string_camel_case_to_lower_case_underscore.cmake
Listing 'lib/python3.10/site-packages/rosidl_cmake'...
Can't list 'lib/python3.10/site-packages/rosidl_cmake'
