[0.476s] Invoking command in '/home/jliang/ros_ws/build/eigen3_cmake_module': CMAKE_PREFIX_PATH=${CMAKE_PREFIX_PATH}:/home/jliang/ros_ws/install/tf2_tools:/home/jliang/ros_ws/install/examples_tf2_py:/home/jliang/ros_ws/install/tf2_ros_py:/home/jliang/ros_ws/install/ros2plugin:/home/jliang/ros_ws/install/ravage_ros:/home/jliang/ros_ws/install/sensor_msgs_py:/home/jliang/ros_ws/install/rosidl_cli CONDA_PROMPT_MODIFIER=(ros_humble) /home/jliang/miniforge3/envs/ros_humble/bin/cmake /home/jliang/ros_ws/src/eigen3_cmake_module -DCMAKE_BUILD_TYPE=Release -DBUILD_TESTING=OFF -DPython3_EXECUTABLE=/home/jliang/miniforge3/envs/ros_humble/bin/python -DPYTHON_EXECUTABLE=/home/jliang/miniforge3/envs/ros_humble/bin/python -DROS_DISTRO=humble -DCMAKE_POLICY_VERSION_MINIMUM=3.5 -Dmavlink_DIR=/home/jliang/ros_ws/install/mavlink/lib/cmake/MAVLink -DAMENT_CMAKE_SYMLINK_INSTALL=1 -DCMAKE_INSTALL_PREFIX=/home/jliang/ros_ws/install/eigen3_cmake_module
[0.493s] [0mCMake Deprecation Warning at CMakeLists.txt:1 (cmake_minimum_required):
[0.494s]   Compatibility with CMake < 3.10 will be removed from a future version of
[0.494s]   CMake.
[0.494s] 
[0.494s]   Update the VERSION argument <min> value.  Or, use the <min>...<max> syntax
[0.494s]   to tell CMake that the project requires at least <min> but has been updated
[0.494s]   to work with policies introduced by <max> or earlier.
[0.494s] 
[0.494s] [0m
[0.499s] -- Found ament_cmake: 1.3.3 (/home/jliang/miniforge3/envs/ros_humble/share/ament_cmake/cmake)
[0.692s] -- Override CMake install command with custom implementation using symlinks instead of copying resources
[0.786s] -- Configuring done (0.3s)
[0.789s] -- Generating done (0.0s)
[0.790s] -- Build files have been written to: /home/jliang/ros_ws/build/eigen3_cmake_module
[0.796s] Invoked command in '/home/jliang/ros_ws/build/eigen3_cmake_module' returned '0': CMAKE_PREFIX_PATH=${CMAKE_PREFIX_PATH}:/home/jliang/ros_ws/install/tf2_tools:/home/jliang/ros_ws/install/examples_tf2_py:/home/jliang/ros_ws/install/tf2_ros_py:/home/jliang/ros_ws/install/ros2plugin:/home/jliang/ros_ws/install/ravage_ros:/home/jliang/ros_ws/install/sensor_msgs_py:/home/jliang/ros_ws/install/rosidl_cli CONDA_PROMPT_MODIFIER=(ros_humble) /home/jliang/miniforge3/envs/ros_humble/bin/cmake /home/jliang/ros_ws/src/eigen3_cmake_module -DCMAKE_BUILD_TYPE=Release -DBUILD_TESTING=OFF -DPython3_EXECUTABLE=/home/jliang/miniforge3/envs/ros_humble/bin/python -DPYTHON_EXECUTABLE=/home/jliang/miniforge3/envs/ros_humble/bin/python -DROS_DISTRO=humble -DCMAKE_POLICY_VERSION_MINIMUM=3.5 -Dmavlink_DIR=/home/jliang/ros_ws/install/mavlink/lib/cmake/MAVLink -DAMENT_CMAKE_SYMLINK_INSTALL=1 -DCMAKE_INSTALL_PREFIX=/home/jliang/ros_ws/install/eigen3_cmake_module
[0.799s] Invoking command in '/home/jliang/ros_ws/build/eigen3_cmake_module': CMAKE_PREFIX_PATH=${CMAKE_PREFIX_PATH}:/home/jliang/ros_ws/install/tf2_tools:/home/jliang/ros_ws/install/examples_tf2_py:/home/jliang/ros_ws/install/tf2_ros_py:/home/jliang/ros_ws/install/ros2plugin:/home/jliang/ros_ws/install/ravage_ros:/home/jliang/ros_ws/install/sensor_msgs_py:/home/jliang/ros_ws/install/rosidl_cli CONDA_PROMPT_MODIFIER=(ros_humble) /home/jliang/miniforge3/envs/ros_humble/bin/cmake --build /home/jliang/ros_ws/build/eigen3_cmake_module -- -j48 -l48
[0.843s] Invoked command in '/home/jliang/ros_ws/build/eigen3_cmake_module' returned '0': CMAKE_PREFIX_PATH=${CMAKE_PREFIX_PATH}:/home/jliang/ros_ws/install/tf2_tools:/home/jliang/ros_ws/install/examples_tf2_py:/home/jliang/ros_ws/install/tf2_ros_py:/home/jliang/ros_ws/install/ros2plugin:/home/jliang/ros_ws/install/ravage_ros:/home/jliang/ros_ws/install/sensor_msgs_py:/home/jliang/ros_ws/install/rosidl_cli CONDA_PROMPT_MODIFIER=(ros_humble) /home/jliang/miniforge3/envs/ros_humble/bin/cmake --build /home/jliang/ros_ws/build/eigen3_cmake_module -- -j48 -l48
[0.846s] Invoking command in '/home/jliang/ros_ws/build/eigen3_cmake_module': CMAKE_PREFIX_PATH=${CMAKE_PREFIX_PATH}:/home/jliang/ros_ws/install/tf2_tools:/home/jliang/ros_ws/install/examples_tf2_py:/home/jliang/ros_ws/install/tf2_ros_py:/home/jliang/ros_ws/install/ros2plugin:/home/jliang/ros_ws/install/ravage_ros:/home/jliang/ros_ws/install/sensor_msgs_py:/home/jliang/ros_ws/install/rosidl_cli CONDA_PROMPT_MODIFIER=(ros_humble) /home/jliang/miniforge3/envs/ros_humble/bin/cmake --install /home/jliang/ros_ws/build/eigen3_cmake_module
[0.855s] -- Install configuration: "Release"
[0.856s] -- Execute custom install script
[0.856s] -- Up-to-date symlink: /home/jliang/ros_ws/install/eigen3_cmake_module/share/ament_index/resource_index/package_run_dependencies/eigen3_cmake_module
[0.857s] -- Up-to-date symlink: /home/jliang/ros_ws/install/eigen3_cmake_module/share/ament_index/resource_index/parent_prefix_path/eigen3_cmake_module
[0.857s] -- Up-to-date symlink: /home/jliang/ros_ws/install/eigen3_cmake_module/share/eigen3_cmake_module/environment/ament_prefix_path.sh
[0.857s] -- Up-to-date symlink: /home/jliang/ros_ws/install/eigen3_cmake_module/share/eigen3_cmake_module/environment/ament_prefix_path.dsv
[0.858s] -- Up-to-date symlink: /home/jliang/ros_ws/install/eigen3_cmake_module/share/eigen3_cmake_module/environment/path.sh
[0.858s] -- Up-to-date symlink: /home/jliang/ros_ws/install/eigen3_cmake_module/share/eigen3_cmake_module/environment/path.dsv
[0.858s] -- Up-to-date symlink: /home/jliang/ros_ws/install/eigen3_cmake_module/share/eigen3_cmake_module/local_setup.bash
[0.858s] -- Up-to-date symlink: /home/jliang/ros_ws/install/eigen3_cmake_module/share/eigen3_cmake_module/local_setup.sh
[0.858s] -- Up-to-date symlink: /home/jliang/ros_ws/install/eigen3_cmake_module/share/eigen3_cmake_module/local_setup.zsh
[0.858s] -- Up-to-date symlink: /home/jliang/ros_ws/install/eigen3_cmake_module/share/eigen3_cmake_module/local_setup.dsv
[0.858s] -- Symlinking: /home/jliang/ros_ws/install/eigen3_cmake_module/share/eigen3_cmake_module/package.dsv
[0.869s] -- Up-to-date symlink: /home/jliang/ros_ws/install/eigen3_cmake_module/share/ament_index/resource_index/packages/eigen3_cmake_module
[0.869s] -- Up-to-date symlink: /home/jliang/ros_ws/install/eigen3_cmake_module/share/eigen3_cmake_module/cmake/eigen3_cmake_module-extras.cmake
[0.870s] -- Up-to-date symlink: /home/jliang/ros_ws/install/eigen3_cmake_module/share/eigen3_cmake_module/cmake/eigen3_cmake_moduleConfig.cmake
[0.870s] -- Up-to-date symlink: /home/jliang/ros_ws/install/eigen3_cmake_module/share/eigen3_cmake_module/cmake/eigen3_cmake_moduleConfig-version.cmake
[0.870s] -- Up-to-date symlink: /home/jliang/ros_ws/install/eigen3_cmake_module/share/eigen3_cmake_module/package.xml
[0.871s] -- Up-to-date symlink: /home/jliang/ros_ws/install/eigen3_cmake_module/share/eigen3_cmake_module/cmake/Modules/FindEigen3.cmake
[0.873s] Invoked command in '/home/jliang/ros_ws/build/eigen3_cmake_module' returned '0': CMAKE_PREFIX_PATH=${CMAKE_PREFIX_PATH}:/home/jliang/ros_ws/install/tf2_tools:/home/jliang/ros_ws/install/examples_tf2_py:/home/jliang/ros_ws/install/tf2_ros_py:/home/jliang/ros_ws/install/ros2plugin:/home/jliang/ros_ws/install/ravage_ros:/home/jliang/ros_ws/install/sensor_msgs_py:/home/jliang/ros_ws/install/rosidl_cli CONDA_PROMPT_MODIFIER=(ros_humble) /home/jliang/miniforge3/envs/ros_humble/bin/cmake --install /home/jliang/ros_ws/build/eigen3_cmake_module
