[0.483s] Invoking command in '/home/jliang/ros_ws/build/eigen_stl_containers': CMAKE_PREFIX_PATH=${CMAKE_PREFIX_PATH}:/home/jliang/ros_ws/install/tf2_tools:/home/jliang/ros_ws/install/examples_tf2_py:/home/jliang/ros_ws/install/tf2_ros_py:/home/jliang/ros_ws/install/ros2plugin:/home/jliang/ros_ws/install/ravage_ros:/home/jliang/ros_ws/install/sensor_msgs_py:/home/jliang/ros_ws/install/rosidl_cli CONDA_PROMPT_MODIFIER=(ros_humble) /home/jliang/miniforge3/envs/ros_humble/bin/cmake /home/jliang/ros_ws/src/eigen_stl_containers -DCMAKE_BUILD_TYPE=Release -DBUILD_TESTING=OFF -DPython3_EXECUTABLE=/home/jliang/miniforge3/envs/ros_humble/bin/python -DPYTHON_EXECUTABLE=/home/jliang/miniforge3/envs/ros_humble/bin/python -DROS_DISTRO=humble -DCMAKE_POLICY_VERSION_MINIMUM=3.5 -DAMENT_CMAKE_SYMLINK_INSTALL=1 -DCMAKE_INSTALL_PREFIX=/home/jliang/ros_ws/install/eigen_stl_containers
[0.534s] -- Found ament_cmake: 1.3.3 (/home/jliang/miniforge3/envs/ros_humble/share/ament_cmake/cmake)
[0.725s] -- Override CMake install command with custom implementation using symlinks instead of copying resources
[0.829s] -- Configuring done (0.3s)
[0.830s] -- Generating done (0.0s)
[0.832s] -- Build files have been written to: /home/jliang/ros_ws/build/eigen_stl_containers
[0.835s] Invoked command in '/home/jliang/ros_ws/build/eigen_stl_containers' returned '0': CMAKE_PREFIX_PATH=${CMAKE_PREFIX_PATH}:/home/jliang/ros_ws/install/tf2_tools:/home/jliang/ros_ws/install/examples_tf2_py:/home/jliang/ros_ws/install/tf2_ros_py:/home/jliang/ros_ws/install/ros2plugin:/home/jliang/ros_ws/install/ravage_ros:/home/jliang/ros_ws/install/sensor_msgs_py:/home/jliang/ros_ws/install/rosidl_cli CONDA_PROMPT_MODIFIER=(ros_humble) /home/jliang/miniforge3/envs/ros_humble/bin/cmake /home/jliang/ros_ws/src/eigen_stl_containers -DCMAKE_BUILD_TYPE=Release -DBUILD_TESTING=OFF -DPython3_EXECUTABLE=/home/jliang/miniforge3/envs/ros_humble/bin/python -DPYTHON_EXECUTABLE=/home/jliang/miniforge3/envs/ros_humble/bin/python -DROS_DISTRO=humble -DCMAKE_POLICY_VERSION_MINIMUM=3.5 -DAMENT_CMAKE_SYMLINK_INSTALL=1 -DCMAKE_INSTALL_PREFIX=/home/jliang/ros_ws/install/eigen_stl_containers
[0.837s] Invoking command in '/home/jliang/ros_ws/build/eigen_stl_containers': CMAKE_PREFIX_PATH=${CMAKE_PREFIX_PATH}:/home/jliang/ros_ws/install/tf2_tools:/home/jliang/ros_ws/install/examples_tf2_py:/home/jliang/ros_ws/install/tf2_ros_py:/home/jliang/ros_ws/install/ros2plugin:/home/jliang/ros_ws/install/ravage_ros:/home/jliang/ros_ws/install/sensor_msgs_py:/home/jliang/ros_ws/install/rosidl_cli CONDA_PROMPT_MODIFIER=(ros_humble) /home/jliang/miniforge3/envs/ros_humble/bin/cmake --build /home/jliang/ros_ws/build/eigen_stl_containers -- -j48 -l48
[0.896s] Invoked command in '/home/jliang/ros_ws/build/eigen_stl_containers' returned '0': CMAKE_PREFIX_PATH=${CMAKE_PREFIX_PATH}:/home/jliang/ros_ws/install/tf2_tools:/home/jliang/ros_ws/install/examples_tf2_py:/home/jliang/ros_ws/install/tf2_ros_py:/home/jliang/ros_ws/install/ros2plugin:/home/jliang/ros_ws/install/ravage_ros:/home/jliang/ros_ws/install/sensor_msgs_py:/home/jliang/ros_ws/install/rosidl_cli CONDA_PROMPT_MODIFIER=(ros_humble) /home/jliang/miniforge3/envs/ros_humble/bin/cmake --build /home/jliang/ros_ws/build/eigen_stl_containers -- -j48 -l48
[0.902s] Invoking command in '/home/jliang/ros_ws/build/eigen_stl_containers': CMAKE_PREFIX_PATH=${CMAKE_PREFIX_PATH}:/home/jliang/ros_ws/install/tf2_tools:/home/jliang/ros_ws/install/examples_tf2_py:/home/jliang/ros_ws/install/tf2_ros_py:/home/jliang/ros_ws/install/ros2plugin:/home/jliang/ros_ws/install/ravage_ros:/home/jliang/ros_ws/install/sensor_msgs_py:/home/jliang/ros_ws/install/rosidl_cli CONDA_PROMPT_MODIFIER=(ros_humble) /home/jliang/miniforge3/envs/ros_humble/bin/cmake --install /home/jliang/ros_ws/build/eigen_stl_containers
[0.939s] -- Install configuration: "Release"
[0.939s] -- Execute custom install script
[0.939s] -- Up-to-date symlink: /home/jliang/ros_ws/install/eigen_stl_containers/include/eigen_stl_containers/eigen_stl_containers/eigen_stl_containers.h
[0.939s] -- Up-to-date symlink: /home/jliang/ros_ws/install/eigen_stl_containers/include/eigen_stl_containers/eigen_stl_containers/eigen_stl_map_container.h
[0.939s] -- Up-to-date symlink: /home/jliang/ros_ws/install/eigen_stl_containers/include/eigen_stl_containers/eigen_stl_containers/eigen_stl_vector_container.h
[0.956s] -- Up-to-date symlink: /home/jliang/ros_ws/install/eigen_stl_containers/share/ament_index/resource_index/package_run_dependencies/eigen_stl_containers
[0.957s] -- Up-to-date symlink: /home/jliang/ros_ws/install/eigen_stl_containers/share/ament_index/resource_index/parent_prefix_path/eigen_stl_containers
[0.957s] -- Up-to-date symlink: /home/jliang/ros_ws/install/eigen_stl_containers/share/eigen_stl_containers/environment/ament_prefix_path.sh
[0.957s] -- Up-to-date symlink: /home/jliang/ros_ws/install/eigen_stl_containers/share/eigen_stl_containers/environment/ament_prefix_path.dsv
[0.957s] -- Up-to-date symlink: /home/jliang/ros_ws/install/eigen_stl_containers/share/eigen_stl_containers/environment/path.sh
[0.958s] -- Up-to-date symlink: /home/jliang/ros_ws/install/eigen_stl_containers/share/eigen_stl_containers/environment/path.dsv
[0.958s] -- Up-to-date symlink: /home/jliang/ros_ws/install/eigen_stl_containers/share/eigen_stl_containers/local_setup.bash
[0.958s] -- Up-to-date symlink: /home/jliang/ros_ws/install/eigen_stl_containers/share/eigen_stl_containers/local_setup.sh
[0.958s] -- Up-to-date symlink: /home/jliang/ros_ws/install/eigen_stl_containers/share/eigen_stl_containers/local_setup.zsh
[0.959s] -- Up-to-date symlink: /home/jliang/ros_ws/install/eigen_stl_containers/share/eigen_stl_containers/local_setup.dsv
[0.959s] -- Symlinking: /home/jliang/ros_ws/install/eigen_stl_containers/share/eigen_stl_containers/package.dsv
[0.960s] -- Up-to-date symlink: /home/jliang/ros_ws/install/eigen_stl_containers/share/ament_index/resource_index/packages/eigen_stl_containers
[0.961s] -- Up-to-date symlink: /home/jliang/ros_ws/install/eigen_stl_containers/share/eigen_stl_containers/cmake/ament_cmake_export_include_directories-extras.cmake
[0.961s] -- Up-to-date symlink: /home/jliang/ros_ws/install/eigen_stl_containers/share/eigen_stl_containers/cmake/ament_cmake_export_targets-extras.cmake
[0.961s] -- Up-to-date symlink: /home/jliang/ros_ws/install/eigen_stl_containers/share/eigen_stl_containers/cmake/ament_cmake_export_dependencies-extras.cmake
[0.961s] -- Up-to-date symlink: /home/jliang/ros_ws/install/eigen_stl_containers/share/eigen_stl_containers/cmake/eigen_stl_containersConfig.cmake
[0.961s] -- Up-to-date symlink: /home/jliang/ros_ws/install/eigen_stl_containers/share/eigen_stl_containers/cmake/eigen_stl_containersConfig-version.cmake
[0.961s] -- Up-to-date symlink: /home/jliang/ros_ws/install/eigen_stl_containers/share/eigen_stl_containers/package.xml
[0.961s] -- Up-to-date: /home/jliang/ros_ws/install/eigen_stl_containers/share/eigen_stl_containers/cmake/eigen_stl_containersTargetsExport.cmake
[0.963s] Invoked command in '/home/jliang/ros_ws/build/eigen_stl_containers' returned '0': CMAKE_PREFIX_PATH=${CMAKE_PREFIX_PATH}:/home/jliang/ros_ws/install/tf2_tools:/home/jliang/ros_ws/install/examples_tf2_py:/home/jliang/ros_ws/install/tf2_ros_py:/home/jliang/ros_ws/install/ros2plugin:/home/jliang/ros_ws/install/ravage_ros:/home/jliang/ros_ws/install/sensor_msgs_py:/home/jliang/ros_ws/install/rosidl_cli CONDA_PROMPT_MODIFIER=(ros_humble) /home/jliang/miniforge3/envs/ros_humble/bin/cmake --install /home/jliang/ros_ws/build/eigen_stl_containers
