-- Found ament_cmake: 1.3.3 (/home/jliang/miniforge3/envs/ros_humble/share/ament_cmake/cmake)
-- Found Python3: /home/jliang/miniforge3/envs/ros_humble/bin/python (found version "3.10.19") found components: Interpreter
-- Override CMake install command with custom implementation using symlinks instead of copying resources
-- Configuring done (0.5s)
[33mCMake Warning:
  Manually-specified variables were not used by the project:

    PYTHON_EXECUTABLE
    ROS_DISTRO

[0m
-- Generating done (0.0s)
-- Build files have been written to: /home/jliang/ros_ws/build/rosidl_adapter
Built target ament_cmake_python_symlink_rosidl_adapter_setup
Built target ament_cmake_python_symlink_rosidl_adapter
running egg_info
creating rosidl_adapter.egg-info
writing rosidl_adapter.egg-info/PKG-INFO
writing dependency_links to rosidl_adapter.egg-info/dependency_links.txt
writing entry points to rosidl_adapter.egg-info/entry_points.txt
writing top-level names to rosidl_adapter.egg-info/top_level.txt
writing manifest file 'rosidl_adapter.egg-info/SOURCES.txt'
reading manifest file 'rosidl_adapter.egg-info/SOURCES.txt'
writing manifest file 'rosidl_adapter.egg-info/SOURCES.txt'
Built target ament_cmake_python_build_rosidl_adapter_egg
-- Install configuration: "Release"
-- Execute custom install script
-- Symlinking: /home/jliang/ros_ws/install/rosidl_adapter/share/rosidl_adapter/environment/pythonpath.sh
-- Symlinking: /home/jliang/ros_ws/install/rosidl_adapter/share/rosidl_adapter/environment/pythonpath.dsv
-- Symlinking: /home/jliang/ros_ws/install/rosidl_adapter/lib/python3.10/site-packages/rosidl_adapter-3.1.8-py3.10.egg-info/PKG-INFO
-- Symlinking: /home/jliang/ros_ws/install/rosidl_adapter/lib/python3.10/site-packages/rosidl_adapter-3.1.8-py3.10.egg-info/SOURCES.txt
-- Symlinking: /home/jliang/ros_ws/install/rosidl_adapter/lib/python3.10/site-packages/rosidl_adapter-3.1.8-py3.10.egg-info/dependency_links.txt
-- Symlinking: /home/jliang/ros_ws/install/rosidl_adapter/lib/python3.10/site-packages/rosidl_adapter-3.1.8-py3.10.egg-info/entry_points.txt
-- Symlinking: /home/jliang/ros_ws/install/rosidl_adapter/lib/python3.10/site-packages/rosidl_adapter-3.1.8-py3.10.egg-info/top_level.txt
-- Symlinking: /home/jliang/ros_ws/install/rosidl_adapter/lib/python3.10/site-packages/rosidl_adapter/__init__.py
-- Symlinking: /home/jliang/ros_ws/install/rosidl_adapter/lib/python3.10/site-packages/rosidl_adapter/__main__.py
-- Symlinking: /home/jliang/ros_ws/install/rosidl_adapter/lib/python3.10/site-packages/rosidl_adapter/action/__init__.py
-- Symlinking: /home/jliang/ros_ws/install/rosidl_adapter/lib/python3.10/site-packages/rosidl_adapter/cli.py
-- Symlinking: /home/jliang/ros_ws/install/rosidl_adapter/lib/python3.10/site-packages/rosidl_adapter/main.py
-- Symlinking: /home/jliang/ros_ws/install/rosidl_adapter/lib/python3.10/site-packages/rosidl_adapter/msg/__init__.py
-- Symlinking: /home/jliang/ros_ws/install/rosidl_adapter/lib/python3.10/site-packages/rosidl_adapter/parser.py
-- Symlinking: /home/jliang/ros_ws/install/rosidl_adapter/lib/python3.10/site-packages/rosidl_adapter/resource/__init__.py
-- Symlinking: /home/jliang/ros_ws/install/rosidl_adapter/lib/python3.10/site-packages/rosidl_adapter/resource/action.idl.em
-- Symlinking: /home/jliang/ros_ws/install/rosidl_adapter/lib/python3.10/site-packages/rosidl_adapter/resource/msg.idl.em
-- Symlinking: /home/jliang/ros_ws/install/rosidl_adapter/lib/python3.10/site-packages/rosidl_adapter/resource/srv.idl.em
-- Symlinking: /home/jliang/ros_ws/install/rosidl_adapter/lib/python3.10/site-packages/rosidl_adapter/resource/struct.idl.em
-- Symlinking: /home/jliang/ros_ws/install/rosidl_adapter/lib/python3.10/site-packages/rosidl_adapter/srv/__init__.py
-- Symlinking: /home/jliang/ros_ws/install/rosidl_adapter/share/ament_index/resource_index/package_run_dependencies/rosidl_adapter
-- Symlinking: /home/jliang/ros_ws/install/rosidl_adapter/share/ament_index/resource_index/parent_prefix_path/rosidl_adapter
-- Symlinking: /home/jliang/ros_ws/install/rosidl_adapter/share/rosidl_adapter/environment/ament_prefix_path.sh
-- Symlinking: /home/jliang/ros_ws/install/rosidl_adapter/share/rosidl_adapter/environment/ament_prefix_path.dsv
-- Symlinking: /home/jliang/ros_ws/install/rosidl_adapter/share/rosidl_adapter/environment/path.sh
-- Symlinking: /home/jliang/ros_ws/install/rosidl_adapter/share/rosidl_adapter/environment/path.dsv
-- Symlinking: /home/jliang/ros_ws/install/rosidl_adapter/share/rosidl_adapter/local_setup.bash
-- Symlinking: /home/jliang/ros_ws/install/rosidl_adapter/share/rosidl_adapter/local_setup.sh
-- Symlinking: /home/jliang/ros_ws/install/rosidl_adapter/share/rosidl_adapter/local_setup.zsh
-- Symlinking: /home/jliang/ros_ws/install/rosidl_adapter/share/rosidl_adapter/local_setup.dsv
-- Symlinking: /home/jliang/ros_ws/install/rosidl_adapter/share/rosidl_adapter/package.dsv
-- Symlinking: /home/jliang/ros_ws/install/rosidl_adapter/share/ament_index/resource_index/packages/rosidl_adapter
-- Symlinking: /home/jliang/ros_ws/install/rosidl_adapter/share/rosidl_adapter/cmake/rosidl_adapter-extras.cmake
-- Symlinking: /home/jliang/ros_ws/install/rosidl_adapter/share/rosidl_adapter/cmake/rosidl_adapterConfig.cmake
-- Symlinking: /home/jliang/ros_ws/install/rosidl_adapter/share/rosidl_adapter/cmake/rosidl_adapterConfig-version.cmake
-- Symlinking: /home/jliang/ros_ws/install/rosidl_adapter/share/rosidl_adapter/package.xml
-- Symlinking: /home/jliang/ros_ws/install/rosidl_adapter/share/rosidl_adapter/cmake/rosidl_adapt_interfaces.cmake
-- Symlinking: /home/jliang/ros_ws/install/rosidl_adapter/lib/rosidl_adapter/msg2idl.py
-- Symlinking: /home/jliang/ros_ws/install/rosidl_adapter/lib/rosidl_adapter/srv2idl.py
Listing 'lib/python3.10/site-packages/rosidl_adapter'...
Can't list 'lib/python3.10/site-packages/rosidl_adapter'
