-- The C compiler identification is GNU 14.3.0
-- The CXX compiler identification is GNU 14.3.0
-- Detecting C compiler ABI info
-- Detecting C compiler ABI info - done
-- Check for working C compiler: /home/jliang/miniforge3/envs/ros_humble/bin/x86_64-conda-linux-gnu-cc - skipped
-- Detecting C compile features
-- Detecting C compile features - done
-- Detecting CXX compiler ABI info
-- Detecting CXX compiler ABI info - done
-- Check for working CXX compiler: /home/jliang/miniforge3/envs/ros_humble/bin/x86_64-conda-linux-gnu-c++ - skipped
-- Detecting CXX compile features
-- Detecting CXX compile features - done
-- Found ament_cmake: 1.3.3 (/home/jliang/miniforge3/envs/ros_humble/share/ament_cmake/cmake)
-- Found Python3: /home/jliang/miniforge3/envs/ros_humble/bin/python (found version "3.10.19") found components: Interpreter
-- Override CMake install command with custom implementation using symlinks instead of copying resources
-- Found ASIO: /home/jliang/miniforge3/envs/ros_humble/include
-- Copy mavlink_dialect.hpp to source tree
-- Configuring done (1.2s)
-- Generating done (0.0s)
-- Build files have been written to: /home/jliang/ros_ws/build/libmavconn
[ 16%] [32mBuilding CXX object CMakeFiles/mavconn.dir/src/serial.cpp.o[0m
[ 33%] [32mBuilding CXX object CMakeFiles/mavconn.dir/generated/src/mavlink_helpers.cpp.o[0m
[ 50%] [32mBuilding CXX object CMakeFiles/mavconn.dir/src/interface.cpp.o[0m
[ 66%] [32mBuilding CXX object CMakeFiles/mavconn.dir/src/tcp.cpp.o[0m
[ 83%] [32mBuilding CXX object CMakeFiles/mavconn.dir/src/udp.cpp.o[0m
