[0.469s] Invoking command in '/home/jliang/ros_ws/build/rosidl_typesupport_interface': CMAKE_PREFIX_PATH=${CMAKE_PREFIX_PATH}:/home/jliang/ros_ws/install/tf2_tools:/home/jliang/ros_ws/install/examples_tf2_py:/home/jliang/ros_ws/install/tf2_ros_py:/home/jliang/ros_ws/install/ros2plugin:/home/jliang/ros_ws/install/ravage_ros:/home/jliang/ros_ws/install/sensor_msgs_py:/home/jliang/ros_ws/install/rosidl_cli CONDA_PROMPT_MODIFIER=(ros_humble) /home/jliang/miniforge3/envs/ros_humble/bin/cmake /home/jliang/ros_ws/src/rosidl/rosidl_typesupport_interface -DCMAKE_BUILD_TYPE=Release -DBUILD_TESTING=OFF -DPython3_EXECUTABLE=/home/jliang/miniforge3/envs/ros_humble/bin/python -DPYTHON_EXECUTABLE=/home/jliang/miniforge3/envs/ros_humble/bin/python -DROS_DISTRO=humble -DCMAKE_POLICY_VERSION_MINIMUM=3.5 -Dmavlink_DIR=/home/jliang/ros_ws/install/mavlink/lib/cmake/MAVLink -DAMENT_CMAKE_SYMLINK_INSTALL=1 -DCMAKE_INSTALL_PREFIX=/home/jliang/ros_ws/install/rosidl_typesupport_interface
[0.514s] [0mCMake Deprecation Warning at CMakeLists.txt:1 (cmake_minimum_required):
[0.514s]   Compatibility with CMake < 3.10 will be removed from a future version of
[0.514s]   CMake.
[0.514s] 
[0.514s]   Update the VERSION argument <min> value.  Or, use the <min>...<max> syntax
[0.514s]   to tell CMake that the project requires at least <min> but has been updated
[0.514s]   to work with policies introduced by <max> or earlier.
[0.515s] 
[0.515s] [0m
[0.515s] -- Found ament_cmake: 1.3.3 (/home/jliang/miniforge3/envs/ros_humble/share/ament_cmake/cmake)
[0.603s] -- Override CMake install command with custom implementation using symlinks instead of copying resources
[0.699s] -- Configuring done (0.2s)
[0.704s] -- Generating done (0.0s)
[0.704s] [33mCMake Warning:
[0.704s]   Manually-specified variables were not used by the project:
[0.704s] 
[0.704s]     mavlink_DIR
[0.704s] 
[0.704s] [0m
[0.706s] -- Build files have been written to: /home/jliang/ros_ws/build/rosidl_typesupport_interface
[0.709s] Invoked command in '/home/jliang/ros_ws/build/rosidl_typesupport_interface' returned '0': CMAKE_PREFIX_PATH=${CMAKE_PREFIX_PATH}:/home/jliang/ros_ws/install/tf2_tools:/home/jliang/ros_ws/install/examples_tf2_py:/home/jliang/ros_ws/install/tf2_ros_py:/home/jliang/ros_ws/install/ros2plugin:/home/jliang/ros_ws/install/ravage_ros:/home/jliang/ros_ws/install/sensor_msgs_py:/home/jliang/ros_ws/install/rosidl_cli CONDA_PROMPT_MODIFIER=(ros_humble) /home/jliang/miniforge3/envs/ros_humble/bin/cmake /home/jliang/ros_ws/src/rosidl/rosidl_typesupport_interface -DCMAKE_BUILD_TYPE=Release -DBUILD_TESTING=OFF -DPython3_EXECUTABLE=/home/jliang/miniforge3/envs/ros_humble/bin/python -DPYTHON_EXECUTABLE=/home/jliang/miniforge3/envs/ros_humble/bin/python -DROS_DISTRO=humble -DCMAKE_POLICY_VERSION_MINIMUM=3.5 -Dmavlink_DIR=/home/jliang/ros_ws/install/mavlink/lib/cmake/MAVLink -DAMENT_CMAKE_SYMLINK_INSTALL=1 -DCMAKE_INSTALL_PREFIX=/home/jliang/ros_ws/install/rosidl_typesupport_interface
[0.710s] Invoking command in '/home/jliang/ros_ws/build/rosidl_typesupport_interface': CMAKE_PREFIX_PATH=${CMAKE_PREFIX_PATH}:/home/jliang/ros_ws/install/tf2_tools:/home/jliang/ros_ws/install/examples_tf2_py:/home/jliang/ros_ws/install/tf2_ros_py:/home/jliang/ros_ws/install/ros2plugin:/home/jliang/ros_ws/install/ravage_ros:/home/jliang/ros_ws/install/sensor_msgs_py:/home/jliang/ros_ws/install/rosidl_cli CONDA_PROMPT_MODIFIER=(ros_humble) /home/jliang/miniforge3/envs/ros_humble/bin/cmake --build /home/jliang/ros_ws/build/rosidl_typesupport_interface -- -j48 -l48
[0.755s] Invoked command in '/home/jliang/ros_ws/build/rosidl_typesupport_interface' returned '0': CMAKE_PREFIX_PATH=${CMAKE_PREFIX_PATH}:/home/jliang/ros_ws/install/tf2_tools:/home/jliang/ros_ws/install/examples_tf2_py:/home/jliang/ros_ws/install/tf2_ros_py:/home/jliang/ros_ws/install/ros2plugin:/home/jliang/ros_ws/install/ravage_ros:/home/jliang/ros_ws/install/sensor_msgs_py:/home/jliang/ros_ws/install/rosidl_cli CONDA_PROMPT_MODIFIER=(ros_humble) /home/jliang/miniforge3/envs/ros_humble/bin/cmake --build /home/jliang/ros_ws/build/rosidl_typesupport_interface -- -j48 -l48
[0.769s] Invoking command in '/home/jliang/ros_ws/build/rosidl_typesupport_interface': CMAKE_PREFIX_PATH=${CMAKE_PREFIX_PATH}:/home/jliang/ros_ws/install/tf2_tools:/home/jliang/ros_ws/install/examples_tf2_py:/home/jliang/ros_ws/install/tf2_ros_py:/home/jliang/ros_ws/install/ros2plugin:/home/jliang/ros_ws/install/ravage_ros:/home/jliang/ros_ws/install/sensor_msgs_py:/home/jliang/ros_ws/install/rosidl_cli CONDA_PROMPT_MODIFIER=(ros_humble) /home/jliang/miniforge3/envs/ros_humble/bin/cmake --install /home/jliang/ros_ws/build/rosidl_typesupport_interface
[0.778s] -- Install configuration: "Release"
[0.779s] -- Execute custom install script
[0.779s] -- Up-to-date symlink: /home/jliang/ros_ws/install/rosidl_typesupport_interface/share/ament_index/resource_index/package_run_dependencies/rosidl_typesupport_interface
[0.779s] -- Up-to-date symlink: /home/jliang/ros_ws/install/rosidl_typesupport_interface/share/ament_index/resource_index/parent_prefix_path/rosidl_typesupport_interface
[0.779s] -- Up-to-date symlink: /home/jliang/ros_ws/install/rosidl_typesupport_interface/share/rosidl_typesupport_interface/environment/ament_prefix_path.sh
[0.779s] -- Up-to-date symlink: /home/jliang/ros_ws/install/rosidl_typesupport_interface/share/rosidl_typesupport_interface/environment/ament_prefix_path.dsv
[0.780s] -- Up-to-date symlink: /home/jliang/ros_ws/install/rosidl_typesupport_interface/share/rosidl_typesupport_interface/environment/path.sh
[0.780s] -- Up-to-date symlink: /home/jliang/ros_ws/install/rosidl_typesupport_interface/share/rosidl_typesupport_interface/environment/path.dsv
[0.780s] -- Up-to-date symlink: /home/jliang/ros_ws/install/rosidl_typesupport_interface/share/rosidl_typesupport_interface/local_setup.bash
[0.780s] -- Up-to-date symlink: /home/jliang/ros_ws/install/rosidl_typesupport_interface/share/rosidl_typesupport_interface/local_setup.sh
[0.780s] -- Up-to-date symlink: /home/jliang/ros_ws/install/rosidl_typesupport_interface/share/rosidl_typesupport_interface/local_setup.zsh
[0.780s] -- Up-to-date symlink: /home/jliang/ros_ws/install/rosidl_typesupport_interface/share/rosidl_typesupport_interface/local_setup.dsv
[0.780s] -- Symlinking: /home/jliang/ros_ws/install/rosidl_typesupport_interface/share/rosidl_typesupport_interface/package.dsv
[0.790s] -- Up-to-date symlink: /home/jliang/ros_ws/install/rosidl_typesupport_interface/share/ament_index/resource_index/packages/rosidl_typesupport_interface
[0.790s] -- Up-to-date symlink: /home/jliang/ros_ws/install/rosidl_typesupport_interface/share/rosidl_typesupport_interface/cmake/ament_cmake_export_include_directories-extras.cmake
[0.790s] -- Up-to-date symlink: /home/jliang/ros_ws/install/rosidl_typesupport_interface/share/rosidl_typesupport_interface/cmake/ament_cmake_export_targets-extras.cmake
[0.790s] -- Up-to-date symlink: /home/jliang/ros_ws/install/rosidl_typesupport_interface/share/rosidl_typesupport_interface/cmake/rosidl_typesupport_interfaceConfig.cmake
[0.790s] -- Up-to-date symlink: /home/jliang/ros_ws/install/rosidl_typesupport_interface/share/rosidl_typesupport_interface/cmake/rosidl_typesupport_interfaceConfig-version.cmake
[0.790s] -- Up-to-date symlink: /home/jliang/ros_ws/install/rosidl_typesupport_interface/share/rosidl_typesupport_interface/package.xml
[0.791s] -- Up-to-date symlink: /home/jliang/ros_ws/install/rosidl_typesupport_interface/include/rosidl_typesupport_interface/rosidl_typesupport_interface/macros.h
[0.791s] -- Up-to-date: /home/jliang/ros_ws/install/rosidl_typesupport_interface/share/rosidl_typesupport_interface/cmake/rosidl_typesupport_interfaceExport.cmake
[0.794s] Invoked command in '/home/jliang/ros_ws/build/rosidl_typesupport_interface' returned '0': CMAKE_PREFIX_PATH=${CMAKE_PREFIX_PATH}:/home/jliang/ros_ws/install/tf2_tools:/home/jliang/ros_ws/install/examples_tf2_py:/home/jliang/ros_ws/install/tf2_ros_py:/home/jliang/ros_ws/install/ros2plugin:/home/jliang/ros_ws/install/ravage_ros:/home/jliang/ros_ws/install/sensor_msgs_py:/home/jliang/ros_ws/install/rosidl_cli CONDA_PROMPT_MODIFIER=(ros_humble) /home/jliang/miniforge3/envs/ros_humble/bin/cmake --install /home/jliang/ros_ws/build/rosidl_typesupport_interface
