[0.023s] Invoking command in '/home/jliang/ros_ws/build/libmavconn': CMAKE_PREFIX_PATH=/home/jliang/ros_ws/install/mavlink:/home/jliang/ros_ws/install/common_interfaces:/home/jliang/ros_ws/install/visualization_msgs:/home/jliang/ros_ws/install/uuid_msgs:/home/jliang/ros_ws/install/tf2_geometry_msgs:/home/jliang/ros_ws/install/tf2_eigen:/home/jliang/ros_ws/install/tf2_ros:/home/jliang/ros_ws/install/tf2_py:/home/jliang/ros_ws/install/tf2_msgs:/home/jliang/ros_ws/install/diagnostics:/home/jliang/ros_ws/install/self_test:/home/jliang/ros_ws/install/message_filters:/home/jliang/ros_ws/install/diagnostic_common_diagnostics:/home/jliang/ros_ws/install/diagnostic_updater:/home/jliang/ros_ws/install/diagnostic_aggregator:/home/jliang/ros_ws/install/rclpy:/home/jliang/ros_ws/install/rclcpp_action:/home/jliang/ros_ws/install/rcl_action:/home/jliang/ros_ws/install/mavros_msgs:/home/jliang/ros_ws/install/geographic_info:/home/jliang/ros_ws/install/geodesy:/home/jliang/ros_ws/install/geographic_msgs:/home/jliang/ros_ws/install/action_msgs:/home/jliang/ros_ws/install/unique_identifier_msgs:/home/jliang/ros_ws/install/trajectory_msgs:/home/jliang/ros_ws/install/tf2:/home/jliang/ros_ws/install/stereo_msgs:/home/jliang/ros_ws/install/std_srvs:/home/jliang/ros_ws/install/shape_msgs:/home/jliang/ros_ws/install/sensor_msgs:/home/jliang/ros_ws/install/nav_msgs:/home/jliang/ros_ws/install/diagnostic_msgs:/home/jliang/ros_ws/install/geometry_msgs:/home/jliang/ros_ws/install/actionlib_msgs:/home/jliang/ros_ws/install/std_msgs:/home/jliang/ros_ws/install/rclcpp_lifecycle:/home/jliang/ros_ws/install/rclcpp_components:/home/jliang/ros_ws/install/rclcpp:/home/jliang/ros_ws/install/statistics_msgs:/home/jliang/ros_ws/install/rosidl_typesupport_introspection_tests:/home/jliang/ros_ws/install/rosgraph_msgs:/home/jliang/ros_ws/install/rcl_lifecycle:/home/jliang/ros_ws/install/rcl:/home/jliang/ros_ws/install/composition_interfaces:/home/jliang/ros_ws/install/rcl_interfaces:/home/jliang/ros_ws/install/lifecycle_msgs:/home/jliang/ros_ws/install/builtin_interfaces:/home/jliang/ros_ws/install/rosidl_default_runtime:/home/jliang/ros_ws/install/rosidl_default_generators:/home/jliang/ros_ws/install/rosidl_typesupport_cpp:/home/jliang/ros_ws/install/rosidl_typesupport_introspection_cpp:/home/jliang/ros_ws/install/rosidl_generator_py:/home/jliang/ros_ws/install/rosidl_typesupport_c:/home/jliang/ros_ws/install/rosidl_typesupport_introspection_c:/home/jliang/ros_ws/install/rosidl_generator_cpp:/home/jliang/ros_ws/install/rosidl_runtime_cpp:/home/jliang/ros_ws/install/rosidl_runtime_c:/home/jliang/ros_ws/install/rosidl_generator_c:/home/jliang/ros_ws/install/rosidl_typesupport_interface:/home/jliang/ros_ws/install/rosidl_cmake:/home/jliang/ros_ws/install/rosidl_parser:/home/jliang/ros_ws/install/rosidl_adapter:/home/jliang/ros_ws/install/rcl_logging_spdlog:/home/jliang/ros_ws/install/rcl_logging_noop:/home/jliang/ros_ws/install/rcl_logging_interface:/home/jliang/ros_ws/install/pluginlib:/home/jliang/ros_ws/install/rcutils:/home/jliang/ros_ws/install/rcl_yaml_param_parser:/home/jliang/ros_ws/install/pybind11_vendor:/home/jliang/ros_ws/install/orocos_kdl_vendor:/home/jliang/ros_ws/install/eigen_stl_containers:/home/jliang/ros_ws/install/eigen3_cmake_module:/home/jliang/ros_ws/install/diagnostic_remote_logging:/home/jliang/ros_ws/install/console_bridge_vendor:/home/jliang/ros_ws/install/angles:/home/jliang/miniforge3/envs/ros_humble:/home/jliang/miniforge3/envs/ros_humble/x86_64-conda-linux-gnu/sysroot/usr:/home/jliang/ros_ws/install/tf2_tools:/home/jliang/ros_ws/install/examples_tf2_py:/home/jliang/ros_ws/install/tf2_ros_py:/home/jliang/ros_ws/install/ros2plugin:/home/jliang/ros_ws/install/ravage_ros:/home/jliang/ros_ws/install/sensor_msgs_py:/home/jliang/ros_ws/install/rosidl_cli CONDA_PROMPT_MODIFIER=(ros_humble) /home/jliang/miniforge3/envs/ros_humble/bin/cmake /home/jliang/ros_ws/src/mavros/libmavconn -DCMAKE_BUILD_TYPE=Release -DBUILD_TESTING=OFF -DPython3_EXECUTABLE=/home/jliang/miniforge3/envs/ros_humble/bin/python -DPYTHON_EXECUTABLE=/home/jliang/miniforge3/envs/ros_humble/bin/python -DROS_DISTRO=humble -DCMAKE_POLICY_VERSION_MINIMUM=3.5 -DAMENT_CMAKE_SYMLINK_INSTALL=1 -DCMAKE_INSTALL_PREFIX=/home/jliang/ros_ws/install/libmavconn
[0.071s] [0mCMake Deprecation Warning at CMakeLists.txt:1 (cmake_minimum_required):
[0.072s]   Compatibility with CMake < 3.10 will be removed from a future version of
[0.072s]   CMake.
[0.072s] 
[0.073s]   Update the VERSION argument <min> value.  Or, use the <min>...<max> syntax
[0.074s]   to tell CMake that the project requires at least <min> but has been updated
[0.075s]   to work with policies introduced by <max> or earlier.
[0.075s] 
[0.075s] [0m
[0.148s] -- The C compiler identification is GNU 14.3.0
[0.273s] -- The CXX compiler identification is GNU 14.3.0
[0.289s] -- Detecting C compiler ABI info
[0.409s] -- Detecting C compiler ABI info - done
[0.435s] -- Check for working C compiler: /home/jliang/miniforge3/envs/ros_humble/bin/x86_64-conda-linux-gnu-cc - skipped
[0.435s] -- Detecting C compile features
[0.436s] -- Detecting C compile features - done
[0.461s] -- Detecting CXX compiler ABI info
[0.591s] -- Detecting CXX compiler ABI info - done
[0.618s] -- Check for working CXX compiler: /home/jliang/miniforge3/envs/ros_humble/bin/x86_64-conda-linux-gnu-c++ - skipped
[0.619s] -- Detecting CXX compile features
[0.620s] -- Detecting CXX compile features - done
[0.645s] -- Found ament_cmake: 1.3.3 (/home/jliang/miniforge3/envs/ros_humble/share/ament_cmake/cmake)
[0.794s] -- Found Python3: /home/jliang/miniforge3/envs/ros_humble/bin/python (found version "3.10.19") found components: Interpreter
[0.857s] -- Override CMake install command with custom implementation using symlinks instead of copying resources
[0.953s] -- Found ASIO: /home/jliang/miniforge3/envs/ros_humble/include
[0.961s] [31mCMake Error at CMakeLists.txt:34 (find_package):
[0.961s]   By not providing "Findmavlink.cmake" in CMAKE_MODULE_PATH this project has
[0.961s]   asked CMake to find a package configuration file provided by "mavlink", but
[0.961s]   CMake did not find one.
[0.961s] 
[0.962s]   Could not find a package configuration file provided by "mavlink" with any
[0.962s]   of the following names:
[0.962s] 
[0.962s]     mavlinkConfig.cmake
[0.962s]     mavlink-config.cmake
[0.962s] 
[0.962s]   Add the installation prefix of "mavlink" to CMAKE_PREFIX_PATH or set
[0.962s]   "mavlink_DIR" to a directory containing one of the above files.  If
[0.962s]   "mavlink" provides a separate development package or SDK, be sure it has
[0.962s]   been installed.
[0.963s] 
[0.963s] [0m
[0.963s] -- Configuring incomplete, errors occurred!
[0.968s] Invoked command in '/home/jliang/ros_ws/build/libmavconn' returned '1': CMAKE_PREFIX_PATH=/home/jliang/ros_ws/install/mavlink:/home/jliang/ros_ws/install/common_interfaces:/home/jliang/ros_ws/install/visualization_msgs:/home/jliang/ros_ws/install/uuid_msgs:/home/jliang/ros_ws/install/tf2_geometry_msgs:/home/jliang/ros_ws/install/tf2_eigen:/home/jliang/ros_ws/install/tf2_ros:/home/jliang/ros_ws/install/tf2_py:/home/jliang/ros_ws/install/tf2_msgs:/home/jliang/ros_ws/install/diagnostics:/home/jliang/ros_ws/install/self_test:/home/jliang/ros_ws/install/message_filters:/home/jliang/ros_ws/install/diagnostic_common_diagnostics:/home/jliang/ros_ws/install/diagnostic_updater:/home/jliang/ros_ws/install/diagnostic_aggregator:/home/jliang/ros_ws/install/rclpy:/home/jliang/ros_ws/install/rclcpp_action:/home/jliang/ros_ws/install/rcl_action:/home/jliang/ros_ws/install/mavros_msgs:/home/jliang/ros_ws/install/geographic_info:/home/jliang/ros_ws/install/geodesy:/home/jliang/ros_ws/install/geographic_msgs:/home/jliang/ros_ws/install/action_msgs:/home/jliang/ros_ws/install/unique_identifier_msgs:/home/jliang/ros_ws/install/trajectory_msgs:/home/jliang/ros_ws/install/tf2:/home/jliang/ros_ws/install/stereo_msgs:/home/jliang/ros_ws/install/std_srvs:/home/jliang/ros_ws/install/shape_msgs:/home/jliang/ros_ws/install/sensor_msgs:/home/jliang/ros_ws/install/nav_msgs:/home/jliang/ros_ws/install/diagnostic_msgs:/home/jliang/ros_ws/install/geometry_msgs:/home/jliang/ros_ws/install/actionlib_msgs:/home/jliang/ros_ws/install/std_msgs:/home/jliang/ros_ws/install/rclcpp_lifecycle:/home/jliang/ros_ws/install/rclcpp_components:/home/jliang/ros_ws/install/rclcpp:/home/jliang/ros_ws/install/statistics_msgs:/home/jliang/ros_ws/install/rosidl_typesupport_introspection_tests:/home/jliang/ros_ws/install/rosgraph_msgs:/home/jliang/ros_ws/install/rcl_lifecycle:/home/jliang/ros_ws/install/rcl:/home/jliang/ros_ws/install/composition_interfaces:/home/jliang/ros_ws/install/rcl_interfaces:/home/jliang/ros_ws/install/lifecycle_msgs:/home/jliang/ros_ws/install/builtin_interfaces:/home/jliang/ros_ws/install/rosidl_default_runtime:/home/jliang/ros_ws/install/rosidl_default_generators:/home/jliang/ros_ws/install/rosidl_typesupport_cpp:/home/jliang/ros_ws/install/rosidl_typesupport_introspection_cpp:/home/jliang/ros_ws/install/rosidl_generator_py:/home/jliang/ros_ws/install/rosidl_typesupport_c:/home/jliang/ros_ws/install/rosidl_typesupport_introspection_c:/home/jliang/ros_ws/install/rosidl_generator_cpp:/home/jliang/ros_ws/install/rosidl_runtime_cpp:/home/jliang/ros_ws/install/rosidl_runtime_c:/home/jliang/ros_ws/install/rosidl_generator_c:/home/jliang/ros_ws/install/rosidl_typesupport_interface:/home/jliang/ros_ws/install/rosidl_cmake:/home/jliang/ros_ws/install/rosidl_parser:/home/jliang/ros_ws/install/rosidl_adapter:/home/jliang/ros_ws/install/rcl_logging_spdlog:/home/jliang/ros_ws/install/rcl_logging_noop:/home/jliang/ros_ws/install/rcl_logging_interface:/home/jliang/ros_ws/install/pluginlib:/home/jliang/ros_ws/install/rcutils:/home/jliang/ros_ws/install/rcl_yaml_param_parser:/home/jliang/ros_ws/install/pybind11_vendor:/home/jliang/ros_ws/install/orocos_kdl_vendor:/home/jliang/ros_ws/install/eigen_stl_containers:/home/jliang/ros_ws/install/eigen3_cmake_module:/home/jliang/ros_ws/install/diagnostic_remote_logging:/home/jliang/ros_ws/install/console_bridge_vendor:/home/jliang/ros_ws/install/angles:/home/jliang/miniforge3/envs/ros_humble:/home/jliang/miniforge3/envs/ros_humble/x86_64-conda-linux-gnu/sysroot/usr:/home/jliang/ros_ws/install/tf2_tools:/home/jliang/ros_ws/install/examples_tf2_py:/home/jliang/ros_ws/install/tf2_ros_py:/home/jliang/ros_ws/install/ros2plugin:/home/jliang/ros_ws/install/ravage_ros:/home/jliang/ros_ws/install/sensor_msgs_py:/home/jliang/ros_ws/install/rosidl_cli CONDA_PROMPT_MODIFIER=(ros_humble) /home/jliang/miniforge3/envs/ros_humble/bin/cmake /home/jliang/ros_ws/src/mavros/libmavconn -DCMAKE_BUILD_TYPE=Release -DBUILD_TESTING=OFF -DPython3_EXECUTABLE=/home/jliang/miniforge3/envs/ros_humble/bin/python -DPYTHON_EXECUTABLE=/home/jliang/miniforge3/envs/ros_humble/bin/python -DROS_DISTRO=humble -DCMAKE_POLICY_VERSION_MINIMUM=3.5 -DAMENT_CMAKE_SYMLINK_INSTALL=1 -DCMAKE_INSTALL_PREFIX=/home/jliang/ros_ws/install/libmavconn
