[0.317s] Invoking command in '/root/ros2_ws/src/ravage_ros': PYTHONPATH=/root/ros2_ws/build/ravage_ros/prefix_override:/usr/lib/python3/dist-packages/colcon_core/task/python/colcon_distutils_commands:/root/ros2_ws/install/ravage_ros/lib/python3.10/site-packages: /usr/bin/python3 -W ignore:setup.py install is deprecated -W ignore:easy_install command is deprecated setup.py egg_info --egg-base ../../build/ravage_ros build --build-base /root/ros2_ws/build/ravage_ros/build install --record /root/ros2_ws/build/ravage_ros/install.log --single-version-externally-managed install_data
[0.435s] running egg_info
[0.436s] writing ../../build/ravage_ros/ravage_ros.egg-info/PKG-INFO
[0.436s] writing dependency_links to ../../build/ravage_ros/ravage_ros.egg-info/dependency_links.txt
[0.436s] writing entry points to ../../build/ravage_ros/ravage_ros.egg-info/entry_points.txt
[0.436s] writing requirements to ../../build/ravage_ros/ravage_ros.egg-info/requires.txt
[0.436s] writing top-level names to ../../build/ravage_ros/ravage_ros.egg-info/top_level.txt
[0.437s] reading manifest file '../../build/ravage_ros/ravage_ros.egg-info/SOURCES.txt'
[0.438s] writing manifest file '../../build/ravage_ros/ravage_ros.egg-info/SOURCES.txt'
[0.438s] running build
[0.438s] running build_py
[0.438s] running install
[0.438s] running install_lib
[0.439s] running install_data
[0.439s] running install_egg_info
[0.440s] removing '/root/ros2_ws/install/ravage_ros/lib/python3.10/site-packages/ravage_ros-0.0.0-py3.10.egg-info' (and everything under it)
[0.440s] Copying ../../build/ravage_ros/ravage_ros.egg-info to /root/ros2_ws/install/ravage_ros/lib/python3.10/site-packages/ravage_ros-0.0.0-py3.10.egg-info
[0.441s] running install_scripts
[0.455s] Installing attack_engine script to /root/ros2_ws/install/ravage_ros/lib/ravage_ros
[0.455s] writing list of installed files to '/root/ros2_ws/build/ravage_ros/install.log'
[0.470s] Invoked command in '/root/ros2_ws/src/ravage_ros' returned '0': PYTHONPATH=/root/ros2_ws/build/ravage_ros/prefix_override:/usr/lib/python3/dist-packages/colcon_core/task/python/colcon_distutils_commands:/root/ros2_ws/install/ravage_ros/lib/python3.10/site-packages: /usr/bin/python3 -W ignore:setup.py install is deprecated -W ignore:easy_install command is deprecated setup.py egg_info --egg-base ../../build/ravage_ros build --build-base /root/ros2_ws/build/ravage_ros/build install --record /root/ros2_ws/build/ravage_ros/install.log --single-version-externally-managed install_data
