-- The C compiler identification is GNU 14.3.0
-- The CXX compiler identification is GNU 14.3.0
-- Detecting C compiler ABI info
-- Detecting C compiler ABI info - done
-- Check for working C compiler: /home/jliang/miniforge3/envs/ros_humble/bin/x86_64-conda-linux-gnu-cc - skipped
-- Detecting C compile features
-- Detecting C compile features - done
-- Detecting CXX compiler ABI info
-- Detecting CXX compiler ABI info - done
-- Check for working CXX compiler: /home/jliang/miniforge3/envs/ros_humble/bin/x86_64-conda-linux-gnu-c++ - skipped
-- Detecting CXX compile features
-- Detecting CXX compile features - done
-- Found ament_cmake_ros: 0.10.0 (/home/jliang/miniforge3/envs/ros_humble/share/ament_cmake_ros/cmake)
-- Found Python3: /home/jliang/miniforge3/envs/ros_humble/bin/python (found version "3.10.19") found components: Interpreter
-- Override CMake install command with custom implementation using symlinks instead of copying resources
-- Found rcutils: 5.1.8 (/home/jliang/ros_ws/install/rcutils/share/rcutils/cmake)
-- Found rmw: 6.1.1 (/home/jliang/miniforge3/envs/ros_humble/share/rmw/cmake)
-- Found libyaml_vendor: 1.2.2 (/home/jliang/miniforge3/envs/ros_humble/share/libyaml_vendor/cmake)
-- Checking for module 'yaml-0.1'
--   Found yaml-0.1, version 0.2.5
-- Configuring done (2.0s)
-- Generating done (0.0s)
-- Build files have been written to: /home/jliang/ros_ws/build/rcl_yaml_param_parser
[ 12%] [1m[34mGenerating rcl_yaml_param_parser/version.h[0m
[ 12%] Built target ament_generate_version_header__rcl_yaml_param_parser
[ 25%] [32mBuilding C object CMakeFiles/rcl_yaml_param_parser.dir/src/parse.c.o[0m
[ 37%] [32mBuilding C object CMakeFiles/rcl_yaml_param_parser.dir/src/add_to_arrays.c.o[0m
[ 62%] [32mBuilding C object CMakeFiles/rcl_yaml_param_parser.dir/src/parser.c.o[0m
[ 62%] [32mBuilding C object CMakeFiles/rcl_yaml_param_parser.dir/src/node_params.c.o[0m
[ 75%] [32mBuilding C object CMakeFiles/rcl_yaml_param_parser.dir/src/namespace.c.o[0m
[ 87%] [32mBuilding C object CMakeFiles/rcl_yaml_param_parser.dir/src/yaml_variant.c.o[0m
[100%] [1m[32mLinking C shared library librcl_yaml_param_parser.so[0m
[100%] Built target rcl_yaml_param_parser
-- Install configuration: "Release"
-- Execute custom install script
-- Symlinking: /home/jliang/ros_ws/install/rcl_yaml_param_parser/include/rcl_yaml_param_parser/rcl_yaml_param_parser/version.h
-- Symlinking: /home/jliang/ros_ws/install/rcl_yaml_param_parser/include/rcl_yaml_param_parser/rcl_yaml_param_parser/parser.h
-- Symlinking: /home/jliang/ros_ws/install/rcl_yaml_param_parser/include/rcl_yaml_param_parser/rcl_yaml_param_parser/types.h
-- Symlinking: /home/jliang/ros_ws/install/rcl_yaml_param_parser/include/rcl_yaml_param_parser/rcl_yaml_param_parser/visibility_control.h
-- Symlinking: /home/jliang/ros_ws/install/rcl_yaml_param_parser/share/ament_index/resource_index/package_run_dependencies/rcl_yaml_param_parser
-- Symlinking: /home/jliang/ros_ws/install/rcl_yaml_param_parser/share/ament_index/resource_index/parent_prefix_path/rcl_yaml_param_parser
-- Symlinking: /home/jliang/ros_ws/install/rcl_yaml_param_parser/share/rcl_yaml_param_parser/environment/ament_prefix_path.sh
-- Symlinking: /home/jliang/ros_ws/install/rcl_yaml_param_parser/share/rcl_yaml_param_parser/environment/ament_prefix_path.dsv
-- Symlinking: /home/jliang/ros_ws/install/rcl_yaml_param_parser/share/rcl_yaml_param_parser/environment/path.sh
-- Symlinking: /home/jliang/ros_ws/install/rcl_yaml_param_parser/share/rcl_yaml_param_parser/environment/path.dsv
-- Symlinking: /home/jliang/ros_ws/install/rcl_yaml_param_parser/share/rcl_yaml_param_parser/local_setup.bash
-- Symlinking: /home/jliang/ros_ws/install/rcl_yaml_param_parser/share/rcl_yaml_param_parser/local_setup.sh
-- Symlinking: /home/jliang/ros_ws/install/rcl_yaml_param_parser/share/rcl_yaml_param_parser/local_setup.zsh
-- Symlinking: /home/jliang/ros_ws/install/rcl_yaml_param_parser/share/rcl_yaml_param_parser/local_setup.dsv
-- Symlinking: /home/jliang/ros_ws/install/rcl_yaml_param_parser/share/rcl_yaml_param_parser/package.dsv
-- Symlinking: /home/jliang/ros_ws/install/rcl_yaml_param_parser/share/ament_index/resource_index/packages/rcl_yaml_param_parser
-- Symlinking: /home/jliang/ros_ws/install/rcl_yaml_param_parser/share/rcl_yaml_param_parser/cmake/ament_cmake_export_include_directories-extras.cmake
-- Symlinking: /home/jliang/ros_ws/install/rcl_yaml_param_parser/share/rcl_yaml_param_parser/cmake/ament_cmake_export_libraries-extras.cmake
-- Symlinking: /home/jliang/ros_ws/install/rcl_yaml_param_parser/share/rcl_yaml_param_parser/cmake/ament_cmake_export_targets-extras.cmake
-- Symlinking: /home/jliang/ros_ws/install/rcl_yaml_param_parser/share/rcl_yaml_param_parser/cmake/ament_cmake_export_dependencies-extras.cmake
-- Symlinking: /home/jliang/ros_ws/install/rcl_yaml_param_parser/share/rcl_yaml_param_parser/cmake/rcl_yaml_param_parserConfig.cmake
-- Symlinking: /home/jliang/ros_ws/install/rcl_yaml_param_parser/share/rcl_yaml_param_parser/cmake/rcl_yaml_param_parserConfig-version.cmake
-- Symlinking: /home/jliang/ros_ws/install/rcl_yaml_param_parser/share/rcl_yaml_param_parser/package.xml
-- Installing: /home/jliang/ros_ws/install/rcl_yaml_param_parser/lib/librcl_yaml_param_parser.so
-- Set non-toolchain portion of runtime path of "/home/jliang/ros_ws/install/rcl_yaml_param_parser/lib/librcl_yaml_param_parser.so" to ""
-- Installing: /home/jliang/ros_ws/install/rcl_yaml_param_parser/share/rcl_yaml_param_parser/cmake/rcl_yaml_param_parserExport.cmake
-- Installing: /home/jliang/ros_ws/install/rcl_yaml_param_parser/share/rcl_yaml_param_parser/cmake/rcl_yaml_param_parserExport-release.cmake
