[0.038s] Invoking command in '/home/jliang/ros_ws/build/rcutils': CMAKE_PREFIX_PATH=${CMAKE_PREFIX_PATH}:/home/jliang/ros_ws/install/tf2_tools:/home/jliang/ros_ws/install/examples_tf2_py:/home/jliang/ros_ws/install/tf2_ros_py:/home/jliang/ros_ws/install/ros2plugin:/home/jliang/ros_ws/install/ravage_ros:/home/jliang/ros_ws/install/sensor_msgs_py:/home/jliang/ros_ws/install/rosidl_cli CONDA_PROMPT_MODIFIER=(ros_humble) /home/jliang/miniforge3/envs/ros_humble/bin/cmake --build /home/jliang/ros_ws/build/rcutils -- -j48 -l48
[0.493s] [  0%] Built target ament_cmake_python_symlink_rcutils
[0.494s] [100%] Built target rcutils
[0.495s] running egg_info
[0.522s] writing rcutils.egg-info/PKG-INFO
[0.558s] writing dependency_links to rcutils.egg-info/dependency_links.txt
[0.775s] writing top-level names to rcutils.egg-info/top_level.txt
[0.833s] reading manifest file 'rcutils.egg-info/SOURCES.txt'
[0.833s] writing manifest file 'rcutils.egg-info/SOURCES.txt'
[0.860s] [100%] Built target ament_cmake_python_build_rcutils_egg
[0.875s] Invoked command in '/home/jliang/ros_ws/build/rcutils' returned '0': CMAKE_PREFIX_PATH=${CMAKE_PREFIX_PATH}:/home/jliang/ros_ws/install/tf2_tools:/home/jliang/ros_ws/install/examples_tf2_py:/home/jliang/ros_ws/install/tf2_ros_py:/home/jliang/ros_ws/install/ros2plugin:/home/jliang/ros_ws/install/ravage_ros:/home/jliang/ros_ws/install/sensor_msgs_py:/home/jliang/ros_ws/install/rosidl_cli CONDA_PROMPT_MODIFIER=(ros_humble) /home/jliang/miniforge3/envs/ros_humble/bin/cmake --build /home/jliang/ros_ws/build/rcutils -- -j48 -l48
[0.877s] Invoking command in '/home/jliang/ros_ws/build/rcutils': CMAKE_PREFIX_PATH=${CMAKE_PREFIX_PATH}:/home/jliang/ros_ws/install/tf2_tools:/home/jliang/ros_ws/install/examples_tf2_py:/home/jliang/ros_ws/install/tf2_ros_py:/home/jliang/ros_ws/install/ros2plugin:/home/jliang/ros_ws/install/ravage_ros:/home/jliang/ros_ws/install/sensor_msgs_py:/home/jliang/ros_ws/install/rosidl_cli CONDA_PROMPT_MODIFIER=(ros_humble) /home/jliang/miniforge3/envs/ros_humble/bin/cmake --install /home/jliang/ros_ws/build/rcutils
[0.882s] -- Install configuration: "Release"
[0.882s] -- Execute custom install script
[0.882s] -- Up-to-date symlink: /home/jliang/ros_ws/install/rcutils/share/rcutils/environment/pythonpath.sh
[0.882s] -- Up-to-date symlink: /home/jliang/ros_ws/install/rcutils/share/rcutils/environment/pythonpath.dsv
[0.883s] -- Up-to-date symlink: /home/jliang/ros_ws/install/rcutils/lib/python3.10/site-packages/rcutils-5.1.8-py3.10.egg-info/PKG-INFO
[0.883s] -- Up-to-date symlink: /home/jliang/ros_ws/install/rcutils/lib/python3.10/site-packages/rcutils-5.1.8-py3.10.egg-info/SOURCES.txt
[0.883s] -- Up-to-date symlink: /home/jliang/ros_ws/install/rcutils/lib/python3.10/site-packages/rcutils-5.1.8-py3.10.egg-info/dependency_links.txt
[0.883s] -- Up-to-date symlink: /home/jliang/ros_ws/install/rcutils/lib/python3.10/site-packages/rcutils-5.1.8-py3.10.egg-info/top_level.txt
[0.883s] -- Up-to-date symlink: /home/jliang/ros_ws/install/rcutils/lib/python3.10/site-packages/rcutils/__init__.py
[0.883s] -- Up-to-date symlink: /home/jliang/ros_ws/install/rcutils/lib/python3.10/site-packages/rcutils/logging.py
[0.883s] -- Up-to-date symlink: /home/jliang/ros_ws/install/rcutils/share/ament_index/resource_index/package_run_dependencies/rcutils
[0.884s] -- Up-to-date symlink: /home/jliang/ros_ws/install/rcutils/share/ament_index/resource_index/parent_prefix_path/rcutils
[0.884s] -- Up-to-date symlink: /home/jliang/ros_ws/install/rcutils/share/rcutils/environment/ament_prefix_path.sh
[0.884s] -- Up-to-date symlink: /home/jliang/ros_ws/install/rcutils/share/rcutils/environment/ament_prefix_path.dsv
[0.884s] -- Up-to-date symlink: /home/jliang/ros_ws/install/rcutils/share/rcutils/environment/path.sh
[0.884s] -- Up-to-date symlink: /home/jliang/ros_ws/install/rcutils/share/rcutils/environment/path.dsv
[0.885s] -- Up-to-date symlink: /home/jliang/ros_ws/install/rcutils/share/rcutils/local_setup.bash
[0.885s] -- Up-to-date symlink: /home/jliang/ros_ws/install/rcutils/share/rcutils/local_setup.sh
[0.885s] -- Up-to-date symlink: /home/jliang/ros_ws/install/rcutils/share/rcutils/local_setup.zsh
[0.885s] -- Up-to-date symlink: /home/jliang/ros_ws/install/rcutils/share/rcutils/local_setup.dsv
[0.885s] -- Symlinking: /home/jliang/ros_ws/install/rcutils/share/rcutils/package.dsv
[0.896s] -- Up-to-date symlink: /home/jliang/ros_ws/install/rcutils/share/ament_index/resource_index/packages/rcutils
[0.896s] -- Up-to-date symlink: /home/jliang/ros_ws/install/rcutils/share/rcutils/cmake/ament_cmake_export_link_flags-extras.cmake
[0.896s] -- Up-to-date symlink: /home/jliang/ros_ws/install/rcutils/share/rcutils/cmake/ament_cmake_export_include_directories-extras.cmake
[0.896s] -- Up-to-date symlink: /home/jliang/ros_ws/install/rcutils/share/rcutils/cmake/ament_cmake_export_libraries-extras.cmake
[0.896s] -- Up-to-date symlink: /home/jliang/ros_ws/install/rcutils/share/rcutils/cmake/ament_cmake_export_targets-extras.cmake
[0.896s] -- Up-to-date symlink: /home/jliang/ros_ws/install/rcutils/share/rcutils/cmake/ament_cmake_export_dependencies-extras.cmake
[0.897s] -- Up-to-date symlink: /home/jliang/ros_ws/install/rcutils/share/rcutils/cmake/rcutilsConfig.cmake
[0.897s] -- Up-to-date symlink: /home/jliang/ros_ws/install/rcutils/share/rcutils/cmake/rcutilsConfig-version.cmake
[0.897s] -- Up-to-date symlink: /home/jliang/ros_ws/install/rcutils/share/rcutils/package.xml
[0.898s] -- Up-to-date symlink: /home/jliang/ros_ws/install/rcutils/include/rcutils/rcutils/allocator.h
[0.898s] -- Up-to-date symlink: /home/jliang/ros_ws/install/rcutils/include/rcutils/rcutils/cmdline_parser.h
[0.898s] -- Up-to-date symlink: /home/jliang/ros_ws/install/rcutils/include/rcutils/rcutils/env.h
[0.898s] -- Up-to-date symlink: /home/jliang/ros_ws/install/rcutils/include/rcutils/rcutils/error_handling.h
[0.898s] -- Up-to-date symlink: /home/jliang/ros_ws/install/rcutils/include/rcutils/rcutils/filesystem.h
[0.898s] -- Up-to-date symlink: /home/jliang/ros_ws/install/rcutils/include/rcutils/rcutils/find.h
[0.898s] -- Up-to-date symlink: /home/jliang/ros_ws/install/rcutils/include/rcutils/rcutils/format_string.h
[0.899s] -- Up-to-date symlink: /home/jliang/ros_ws/install/rcutils/include/rcutils/rcutils/get_env.h
[0.899s] -- Up-to-date symlink: /home/jliang/ros_ws/install/rcutils/include/rcutils/rcutils/isalnum_no_locale.h
[0.899s] -- Up-to-date symlink: /home/jliang/ros_ws/install/rcutils/include/rcutils/rcutils/logging.h
[0.899s] -- Up-to-date symlink: /home/jliang/ros_ws/install/rcutils/include/rcutils/rcutils/macros.h
[0.899s] -- Up-to-date symlink: /home/jliang/ros_ws/install/rcutils/include/rcutils/rcutils/process.h
[0.899s] -- Up-to-date symlink: /home/jliang/ros_ws/install/rcutils/include/rcutils/rcutils/qsort.h
[0.899s] -- Up-to-date symlink: /home/jliang/ros_ws/install/rcutils/include/rcutils/rcutils/repl_str.h
[0.900s] -- Up-to-date symlink: /home/jliang/ros_ws/install/rcutils/include/rcutils/rcutils/shared_library.h
[0.900s] -- Up-to-date symlink: /home/jliang/ros_ws/install/rcutils/include/rcutils/rcutils/snprintf.h
[0.900s] -- Up-to-date symlink: /home/jliang/ros_ws/install/rcutils/include/rcutils/rcutils/split.h
[0.900s] -- Up-to-date symlink: /home/jliang/ros_ws/install/rcutils/include/rcutils/rcutils/stdatomic_helper.h
[0.900s] -- Up-to-date symlink: /home/jliang/ros_ws/install/rcutils/include/rcutils/rcutils/stdatomic_helper/gcc/stdatomic.h
[0.900s] -- Up-to-date symlink: /home/jliang/ros_ws/install/rcutils/include/rcutils/rcutils/stdatomic_helper/win32/stdatomic.h
[0.900s] -- Up-to-date symlink: /home/jliang/ros_ws/install/rcutils/include/rcutils/rcutils/strcasecmp.h
[0.900s] -- Up-to-date symlink: /home/jliang/ros_ws/install/rcutils/include/rcutils/rcutils/strdup.h
[0.901s] -- Up-to-date symlink: /home/jliang/ros_ws/install/rcutils/include/rcutils/rcutils/strerror.h
[0.901s] -- Up-to-date symlink: /home/jliang/ros_ws/install/rcutils/include/rcutils/rcutils/testing/fault_injection.h
[0.901s] -- Up-to-date symlink: /home/jliang/ros_ws/install/rcutils/include/rcutils/rcutils/time.h
[0.901s] -- Up-to-date symlink: /home/jliang/ros_ws/install/rcutils/include/rcutils/rcutils/types.h
[0.901s] -- Up-to-date symlink: /home/jliang/ros_ws/install/rcutils/include/rcutils/rcutils/types/array_list.h
[0.901s] -- Up-to-date symlink: /home/jliang/ros_ws/install/rcutils/include/rcutils/rcutils/types/char_array.h
[0.901s] -- Up-to-date symlink: /home/jliang/ros_ws/install/rcutils/include/rcutils/rcutils/types/hash_map.h
[0.901s] -- Up-to-date symlink: /home/jliang/ros_ws/install/rcutils/include/rcutils/rcutils/types/rcutils_ret.h
[0.902s] -- Up-to-date symlink: /home/jliang/ros_ws/install/rcutils/include/rcutils/rcutils/types/string_array.h
[0.902s] -- Up-to-date symlink: /home/jliang/ros_ws/install/rcutils/include/rcutils/rcutils/types/string_map.h
[0.902s] -- Up-to-date symlink: /home/jliang/ros_ws/install/rcutils/include/rcutils/rcutils/types/uint8_array.h
[0.902s] -- Up-to-date symlink: /home/jliang/ros_ws/install/rcutils/include/rcutils/rcutils/visibility_control.h
[0.902s] -- Up-to-date symlink: /home/jliang/ros_ws/install/rcutils/include/rcutils/rcutils/visibility_control_macros.h
[0.902s] -- Up-to-date symlink: /home/jliang/ros_ws/install/rcutils/include/rcutils/rcutils/logging_macros.h
[0.949s] Listing 'lib/python3.10/site-packages/rcutils'...
[0.950s] Can't list 'lib/python3.10/site-packages/rcutils'
[0.956s] -- Installing: /home/jliang/ros_ws/install/rcutils/lib/librcutils.so
[0.958s] -- Up-to-date: /home/jliang/ros_ws/install/rcutils/share/rcutils/cmake/rcutilsExport.cmake
[0.959s] -- Up-to-date: /home/jliang/ros_ws/install/rcutils/share/rcutils/cmake/rcutilsExport-release.cmake
[0.965s] Invoked command in '/home/jliang/ros_ws/build/rcutils' returned '0': CMAKE_PREFIX_PATH=${CMAKE_PREFIX_PATH}:/home/jliang/ros_ws/install/tf2_tools:/home/jliang/ros_ws/install/examples_tf2_py:/home/jliang/ros_ws/install/tf2_ros_py:/home/jliang/ros_ws/install/ros2plugin:/home/jliang/ros_ws/install/ravage_ros:/home/jliang/ros_ws/install/sensor_msgs_py:/home/jliang/ros_ws/install/rosidl_cli CONDA_PROMPT_MODIFIER=(ros_humble) /home/jliang/miniforge3/envs/ros_humble/bin/cmake --install /home/jliang/ros_ws/build/rcutils
