[0.453s] Invoking command in '/home/jliang/ros_ws/build/angles': CMAKE_PREFIX_PATH=${CMAKE_PREFIX_PATH}:/home/jliang/ros_ws/install/tf2_tools:/home/jliang/ros_ws/install/examples_tf2_py:/home/jliang/ros_ws/install/tf2_ros_py:/home/jliang/ros_ws/install/ros2plugin:/home/jliang/ros_ws/install/ravage_ros:/home/jliang/ros_ws/install/sensor_msgs_py:/home/jliang/ros_ws/install/rosidl_cli CONDA_PROMPT_MODIFIER=(ros_humble) /home/jliang/miniforge3/envs/ros_humble/bin/cmake /home/jliang/ros_ws/src/angles/angles -DCMAKE_BUILD_TYPE=Release -DBUILD_TESTING=OFF -DPython3_EXECUTABLE=/home/jliang/miniforge3/envs/ros_humble/bin/python -DPYTHON_EXECUTABLE=/home/jliang/miniforge3/envs/ros_humble/bin/python -DROS_DISTRO=humble -DCMAKE_POLICY_VERSION_MINIMUM=3.5 -DAMENT_CMAKE_SYMLINK_INSTALL=1 -DCMAKE_INSTALL_PREFIX=/home/jliang/ros_ws/install/angles
[0.502s] [0mCMake Deprecation Warning at CMakeLists.txt:1 (cmake_minimum_required):
[0.502s]   Compatibility with CMake < 3.10 will be removed from a future version of
[0.502s]   CMake.
[0.502s] 
[0.502s]   Update the VERSION argument <min> value.  Or, use the <min>...<max> syntax
[0.502s]   to tell CMake that the project requires at least <min> but has been updated
[0.502s]   to work with policies introduced by <max> or earlier.
[0.502s] 
[0.502s] [0m
[0.575s] -- The C compiler identification is GNU 14.3.0
[0.698s] -- The CXX compiler identification is GNU 14.3.0
[0.711s] -- Detecting C compiler ABI info
[0.828s] -- Detecting C compiler ABI info - done
[0.853s] -- Check for working C compiler: /home/jliang/miniforge3/envs/ros_humble/bin/x86_64-conda-linux-gnu-cc - skipped
[0.854s] -- Detecting C compile features
[0.857s] -- Detecting C compile features - done
[0.876s] -- Detecting CXX compiler ABI info
[1.008s] -- Detecting CXX compiler ABI info - done
[1.035s] -- Check for working CXX compiler: /home/jliang/miniforge3/envs/ros_humble/bin/x86_64-conda-linux-gnu-c++ - skipped
[1.035s] -- Detecting CXX compile features
[1.036s] -- Detecting CXX compile features - done
[1.050s] -- Found ament_cmake: 1.3.3 (/home/jliang/miniforge3/envs/ros_humble/share/ament_cmake/cmake)
[1.178s] -- Found Python3: /home/jliang/miniforge3/envs/ros_humble/bin/python (found version "3.10.19") found components: Interpreter
[1.241s] -- Override CMake install command with custom implementation using symlinks instead of copying resources
[1.475s] -- Configuring done (1.0s)
[1.482s] -- Generating done (0.0s)
[1.482s] [33mCMake Warning:
[1.482s]   Manually-specified variables were not used by the project:
[1.482s] 
[1.482s]     PYTHON_EXECUTABLE
[1.482s]     ROS_DISTRO
[1.482s] 
[1.482s] [0m
[1.483s] -- Build files have been written to: /home/jliang/ros_ws/build/angles
[1.488s] Invoked command in '/home/jliang/ros_ws/build/angles' returned '0': CMAKE_PREFIX_PATH=${CMAKE_PREFIX_PATH}:/home/jliang/ros_ws/install/tf2_tools:/home/jliang/ros_ws/install/examples_tf2_py:/home/jliang/ros_ws/install/tf2_ros_py:/home/jliang/ros_ws/install/ros2plugin:/home/jliang/ros_ws/install/ravage_ros:/home/jliang/ros_ws/install/sensor_msgs_py:/home/jliang/ros_ws/install/rosidl_cli CONDA_PROMPT_MODIFIER=(ros_humble) /home/jliang/miniforge3/envs/ros_humble/bin/cmake /home/jliang/ros_ws/src/angles/angles -DCMAKE_BUILD_TYPE=Release -DBUILD_TESTING=OFF -DPython3_EXECUTABLE=/home/jliang/miniforge3/envs/ros_humble/bin/python -DPYTHON_EXECUTABLE=/home/jliang/miniforge3/envs/ros_humble/bin/python -DROS_DISTRO=humble -DCMAKE_POLICY_VERSION_MINIMUM=3.5 -DAMENT_CMAKE_SYMLINK_INSTALL=1 -DCMAKE_INSTALL_PREFIX=/home/jliang/ros_ws/install/angles
[1.490s] Invoking command in '/home/jliang/ros_ws/build/angles': CMAKE_PREFIX_PATH=${CMAKE_PREFIX_PATH}:/home/jliang/ros_ws/install/tf2_tools:/home/jliang/ros_ws/install/examples_tf2_py:/home/jliang/ros_ws/install/tf2_ros_py:/home/jliang/ros_ws/install/ros2plugin:/home/jliang/ros_ws/install/ravage_ros:/home/jliang/ros_ws/install/sensor_msgs_py:/home/jliang/ros_ws/install/rosidl_cli CONDA_PROMPT_MODIFIER=(ros_humble) /home/jliang/miniforge3/envs/ros_humble/bin/cmake --build /home/jliang/ros_ws/build/angles -- -j48 -l48
[1.565s] Built target ament_cmake_python_symlink_angles
[1.942s] running egg_info
[1.943s] creating angles.egg-info
[1.985s] writing angles.egg-info/PKG-INFO
[2.022s] writing dependency_links to angles.egg-info/dependency_links.txt
[2.247s] writing top-level names to angles.egg-info/top_level.txt
[2.247s] writing manifest file 'angles.egg-info/SOURCES.txt'
[2.299s] reading manifest file 'angles.egg-info/SOURCES.txt'
[2.300s] writing manifest file 'angles.egg-info/SOURCES.txt'
[2.325s] Built target ament_cmake_python_build_angles_egg
[2.337s] Invoked command in '/home/jliang/ros_ws/build/angles' returned '0': CMAKE_PREFIX_PATH=${CMAKE_PREFIX_PATH}:/home/jliang/ros_ws/install/tf2_tools:/home/jliang/ros_ws/install/examples_tf2_py:/home/jliang/ros_ws/install/tf2_ros_py:/home/jliang/ros_ws/install/ros2plugin:/home/jliang/ros_ws/install/ravage_ros:/home/jliang/ros_ws/install/sensor_msgs_py:/home/jliang/ros_ws/install/rosidl_cli CONDA_PROMPT_MODIFIER=(ros_humble) /home/jliang/miniforge3/envs/ros_humble/bin/cmake --build /home/jliang/ros_ws/build/angles -- -j48 -l48
[2.340s] Invoking command in '/home/jliang/ros_ws/build/angles': CMAKE_PREFIX_PATH=${CMAKE_PREFIX_PATH}:/home/jliang/ros_ws/install/tf2_tools:/home/jliang/ros_ws/install/examples_tf2_py:/home/jliang/ros_ws/install/tf2_ros_py:/home/jliang/ros_ws/install/ros2plugin:/home/jliang/ros_ws/install/ravage_ros:/home/jliang/ros_ws/install/sensor_msgs_py:/home/jliang/ros_ws/install/rosidl_cli CONDA_PROMPT_MODIFIER=(ros_humble) /home/jliang/miniforge3/envs/ros_humble/bin/cmake --install /home/jliang/ros_ws/build/angles
[2.348s] -- Install configuration: "Release"
[2.349s] -- Execute custom install script
[2.349s] -- Symlinking: /home/jliang/ros_ws/install/angles/include/angles/angles/angles.h
[2.361s] -- Symlinking: /home/jliang/ros_ws/install/angles/share/angles/environment/pythonpath.sh
[2.372s] -- Symlinking: /home/jliang/ros_ws/install/angles/share/angles/environment/pythonpath.dsv
[2.383s] -- Symlinking: /home/jliang/ros_ws/install/angles/lib/python3.10/site-packages/angles-1.16.1-py3.10.egg-info/PKG-INFO
[2.393s] -- Symlinking: /home/jliang/ros_ws/install/angles/lib/python3.10/site-packages/angles-1.16.1-py3.10.egg-info/SOURCES.txt
[2.405s] -- Symlinking: /home/jliang/ros_ws/install/angles/lib/python3.10/site-packages/angles-1.16.1-py3.10.egg-info/dependency_links.txt
[2.414s] -- Symlinking: /home/jliang/ros_ws/install/angles/lib/python3.10/site-packages/angles-1.16.1-py3.10.egg-info/top_level.txt
[2.426s] -- Symlinking: /home/jliang/ros_ws/install/angles/lib/python3.10/site-packages/angles/__init__.py
[2.436s] -- Symlinking: /home/jliang/ros_ws/install/angles/share/ament_index/resource_index/package_run_dependencies/angles
[2.448s] -- Symlinking: /home/jliang/ros_ws/install/angles/share/ament_index/resource_index/parent_prefix_path/angles
[2.457s] -- Symlinking: /home/jliang/ros_ws/install/angles/share/angles/environment/ament_prefix_path.sh
[2.464s] -- Symlinking: /home/jliang/ros_ws/install/angles/share/angles/environment/ament_prefix_path.dsv
[2.474s] -- Symlinking: /home/jliang/ros_ws/install/angles/share/angles/environment/path.sh
[2.485s] -- Symlinking: /home/jliang/ros_ws/install/angles/share/angles/environment/path.dsv
[2.493s] -- Symlinking: /home/jliang/ros_ws/install/angles/share/angles/local_setup.bash
[2.505s] -- Symlinking: /home/jliang/ros_ws/install/angles/share/angles/local_setup.sh
[2.515s] -- Symlinking: /home/jliang/ros_ws/install/angles/share/angles/local_setup.zsh
[2.521s] -- Symlinking: /home/jliang/ros_ws/install/angles/share/angles/local_setup.dsv
[2.528s] -- Symlinking: /home/jliang/ros_ws/install/angles/share/angles/package.dsv
[2.536s] -- Symlinking: /home/jliang/ros_ws/install/angles/share/ament_index/resource_index/packages/angles
[2.548s] -- Symlinking: /home/jliang/ros_ws/install/angles/share/angles/cmake/ament_cmake_export_include_directories-extras.cmake
[2.558s] -- Symlinking: /home/jliang/ros_ws/install/angles/share/angles/cmake/ament_cmake_export_targets-extras.cmake
[2.566s] -- Symlinking: /home/jliang/ros_ws/install/angles/share/angles/cmake/anglesConfig.cmake
[2.572s] -- Symlinking: /home/jliang/ros_ws/install/angles/share/angles/cmake/anglesConfig-version.cmake
[2.579s] -- Symlinking: /home/jliang/ros_ws/install/angles/share/angles/package.xml
[2.622s] Listing 'lib/python3.10/site-packages/angles'...
[2.622s] Can't list 'lib/python3.10/site-packages/angles'
[2.625s] -- Installing: /home/jliang/ros_ws/install/angles/share/angles/cmake/export_anglesExport.cmake
[2.628s] Invoked command in '/home/jliang/ros_ws/build/angles' returned '0': CMAKE_PREFIX_PATH=${CMAKE_PREFIX_PATH}:/home/jliang/ros_ws/install/tf2_tools:/home/jliang/ros_ws/install/examples_tf2_py:/home/jliang/ros_ws/install/tf2_ros_py:/home/jliang/ros_ws/install/ros2plugin:/home/jliang/ros_ws/install/ravage_ros:/home/jliang/ros_ws/install/sensor_msgs_py:/home/jliang/ros_ws/install/rosidl_cli CONDA_PROMPT_MODIFIER=(ros_humble) /home/jliang/miniforge3/envs/ros_humble/bin/cmake --install /home/jliang/ros_ws/build/angles
