[0mCMake Deprecation Warning at CMakeLists.txt:1 (cmake_minimum_required):
  Compatibility with CMake < 3.10 will be removed from a future version of
  CMake.

  Update the VERSION argument <min> value.  Or, use the <min>...<max> syntax
  to tell CMake that the project requires at least <min> but has been updated
  to work with policies introduced by <max> or earlier.

[0m
-- Found ament_cmake: 1.3.3 (/home/jliang/miniforge3/envs/ros_humble/share/ament_cmake/cmake)
-- Override CMake install command with custom implementation using symlinks instead of copying resources
-- Configuring done (0.4s)
-- Generating done (0.0s)
[33mCMake Warning:
  Manually-specified variables were not used by the project:

    mavlink_DIR

[0m
-- Build files have been written to: /home/jliang/ros_ws/build/angles
Built target ament_cmake_python_symlink_angles
running egg_info
writing angles.egg-info/PKG-INFO
writing dependency_links to angles.egg-info/dependency_links.txt
writing top-level names to angles.egg-info/top_level.txt
reading manifest file 'angles.egg-info/SOURCES.txt'
writing manifest file 'angles.egg-info/SOURCES.txt'
Built target ament_cmake_python_build_angles_egg
