[0.043s] Invoking command in '/home/jliang/ros_ws/build/rcutils': CMAKE_PREFIX_PATH=${CMAKE_PREFIX_PATH}:/home/jliang/ros_ws/install/tf2_tools:/home/jliang/ros_ws/install/examples_tf2_py:/home/jliang/ros_ws/install/tf2_ros_py:/home/jliang/ros_ws/install/ros2plugin:/home/jliang/ros_ws/install/ravage_ros:/home/jliang/ros_ws/install/sensor_msgs_py:/home/jliang/ros_ws/install/rosidl_cli CONDA_PROMPT_MODIFIER=(ros_humble) /home/jliang/miniforge3/envs/ros_humble/bin/cmake /home/jliang/ros_ws/src/rcutils -DCMAKE_BUILD_TYPE=Release -DBUILD_TESTING=OFF -DPython3_EXECUTABLE=/home/jliang/miniforge3/envs/ros_humble/bin/python -DPYTHON_EXECUTABLE=/home/jliang/miniforge3/envs/ros_humble/bin/python -DROS_DISTRO=humble -DCMAKE_POLICY_VERSION_MINIMUM=3.5 -Dmavlink_DIR=/home/jliang/ros_ws/install/mavlink/lib/cmake/MAVLink -DAMENT_CMAKE_SYMLINK_INSTALL=1 -DCMAKE_INSTALL_PREFIX=/home/jliang/ros_ws/install/rcutils
[0.506s] -- Found ament_cmake_python: 1.3.3 (/home/jliang/miniforge3/envs/ros_humble/share/ament_cmake_python/cmake)
[0.506s] -- Found ament_cmake_ros: 0.10.0 (/home/jliang/miniforge3/envs/ros_humble/share/ament_cmake_ros/cmake)
[0.507s] -- Override CMake install command with custom implementation using symlinks instead of copying resources
[0.621s] -- Configuring done (0.6s)
[0.632s] -- Generating done (0.0s)
[0.634s] -- Build files have been written to: /home/jliang/ros_ws/build/rcutils
[0.638s] Invoked command in '/home/jliang/ros_ws/build/rcutils' returned '0': CMAKE_PREFIX_PATH=${CMAKE_PREFIX_PATH}:/home/jliang/ros_ws/install/tf2_tools:/home/jliang/ros_ws/install/examples_tf2_py:/home/jliang/ros_ws/install/tf2_ros_py:/home/jliang/ros_ws/install/ros2plugin:/home/jliang/ros_ws/install/ravage_ros:/home/jliang/ros_ws/install/sensor_msgs_py:/home/jliang/ros_ws/install/rosidl_cli CONDA_PROMPT_MODIFIER=(ros_humble) /home/jliang/miniforge3/envs/ros_humble/bin/cmake /home/jliang/ros_ws/src/rcutils -DCMAKE_BUILD_TYPE=Release -DBUILD_TESTING=OFF -DPython3_EXECUTABLE=/home/jliang/miniforge3/envs/ros_humble/bin/python -DPYTHON_EXECUTABLE=/home/jliang/miniforge3/envs/ros_humble/bin/python -DROS_DISTRO=humble -DCMAKE_POLICY_VERSION_MINIMUM=3.5 -Dmavlink_DIR=/home/jliang/ros_ws/install/mavlink/lib/cmake/MAVLink -DAMENT_CMAKE_SYMLINK_INSTALL=1 -DCMAKE_INSTALL_PREFIX=/home/jliang/ros_ws/install/rcutils
[0.641s] Invoking command in '/home/jliang/ros_ws/build/rcutils': CMAKE_PREFIX_PATH=${CMAKE_PREFIX_PATH}:/home/jliang/ros_ws/install/tf2_tools:/home/jliang/ros_ws/install/examples_tf2_py:/home/jliang/ros_ws/install/tf2_ros_py:/home/jliang/ros_ws/install/ros2plugin:/home/jliang/ros_ws/install/ravage_ros:/home/jliang/ros_ws/install/sensor_msgs_py:/home/jliang/ros_ws/install/rosidl_cli CONDA_PROMPT_MODIFIER=(ros_humble) /home/jliang/miniforge3/envs/ros_humble/bin/cmake --build /home/jliang/ros_ws/build/rcutils -- -j48 -l48
[0.715s] [  0%] Built target ament_cmake_python_symlink_rcutils
[0.721s] [100%] Built target rcutils
[1.109s] running egg_info
[1.151s] writing rcutils.egg-info/PKG-INFO
[1.188s] writing dependency_links to rcutils.egg-info/dependency_links.txt
[1.409s] writing top-level names to rcutils.egg-info/top_level.txt
[1.468s] reading manifest file 'rcutils.egg-info/SOURCES.txt'
[1.468s] writing manifest file 'rcutils.egg-info/SOURCES.txt'
[1.497s] [100%] Built target ament_cmake_python_build_rcutils_egg
[1.508s] Invoked command in '/home/jliang/ros_ws/build/rcutils' returned '0': CMAKE_PREFIX_PATH=${CMAKE_PREFIX_PATH}:/home/jliang/ros_ws/install/tf2_tools:/home/jliang/ros_ws/install/examples_tf2_py:/home/jliang/ros_ws/install/tf2_ros_py:/home/jliang/ros_ws/install/ros2plugin:/home/jliang/ros_ws/install/ravage_ros:/home/jliang/ros_ws/install/sensor_msgs_py:/home/jliang/ros_ws/install/rosidl_cli CONDA_PROMPT_MODIFIER=(ros_humble) /home/jliang/miniforge3/envs/ros_humble/bin/cmake --build /home/jliang/ros_ws/build/rcutils -- -j48 -l48
[1.511s] Invoking command in '/home/jliang/ros_ws/build/rcutils': CMAKE_PREFIX_PATH=${CMAKE_PREFIX_PATH}:/home/jliang/ros_ws/install/tf2_tools:/home/jliang/ros_ws/install/examples_tf2_py:/home/jliang/ros_ws/install/tf2_ros_py:/home/jliang/ros_ws/install/ros2plugin:/home/jliang/ros_ws/install/ravage_ros:/home/jliang/ros_ws/install/sensor_msgs_py:/home/jliang/ros_ws/install/rosidl_cli CONDA_PROMPT_MODIFIER=(ros_humble) /home/jliang/miniforge3/envs/ros_humble/bin/cmake --install /home/jliang/ros_ws/build/rcutils
[1.521s] -- Install configuration: "Release"
[1.521s] -- Execute custom install script
[1.522s] -- Up-to-date symlink: /home/jliang/ros_ws/install/rcutils/share/rcutils/environment/pythonpath.sh
[1.522s] -- Up-to-date symlink: /home/jliang/ros_ws/install/rcutils/share/rcutils/environment/pythonpath.dsv
[1.522s] -- Up-to-date symlink: /home/jliang/ros_ws/install/rcutils/lib/python3.10/site-packages/rcutils-5.1.8-py3.10.egg-info/PKG-INFO
[1.522s] -- Up-to-date symlink: /home/jliang/ros_ws/install/rcutils/lib/python3.10/site-packages/rcutils-5.1.8-py3.10.egg-info/SOURCES.txt
[1.522s] -- Up-to-date symlink: /home/jliang/ros_ws/install/rcutils/lib/python3.10/site-packages/rcutils-5.1.8-py3.10.egg-info/dependency_links.txt
[1.522s] -- Up-to-date symlink: /home/jliang/ros_ws/install/rcutils/lib/python3.10/site-packages/rcutils-5.1.8-py3.10.egg-info/top_level.txt
[1.523s] -- Up-to-date symlink: /home/jliang/ros_ws/install/rcutils/lib/python3.10/site-packages/rcutils/__init__.py
[1.523s] -- Up-to-date symlink: /home/jliang/ros_ws/install/rcutils/lib/python3.10/site-packages/rcutils/logging.py
[1.523s] -- Up-to-date symlink: /home/jliang/ros_ws/install/rcutils/share/ament_index/resource_index/package_run_dependencies/rcutils
[1.523s] -- Up-to-date symlink: /home/jliang/ros_ws/install/rcutils/share/ament_index/resource_index/parent_prefix_path/rcutils
[1.523s] -- Up-to-date symlink: /home/jliang/ros_ws/install/rcutils/share/rcutils/environment/ament_prefix_path.sh
[1.523s] -- Up-to-date symlink: /home/jliang/ros_ws/install/rcutils/share/rcutils/environment/ament_prefix_path.dsv
[1.524s] -- Up-to-date symlink: /home/jliang/ros_ws/install/rcutils/share/rcutils/environment/path.sh
[1.524s] -- Up-to-date symlink: /home/jliang/ros_ws/install/rcutils/share/rcutils/environment/path.dsv
[1.524s] -- Up-to-date symlink: /home/jliang/ros_ws/install/rcutils/share/rcutils/local_setup.bash
[1.524s] -- Up-to-date symlink: /home/jliang/ros_ws/install/rcutils/share/rcutils/local_setup.sh
[1.524s] -- Up-to-date symlink: /home/jliang/ros_ws/install/rcutils/share/rcutils/local_setup.zsh
[1.524s] -- Up-to-date symlink: /home/jliang/ros_ws/install/rcutils/share/rcutils/local_setup.dsv
[1.524s] -- Symlinking: /home/jliang/ros_ws/install/rcutils/share/rcutils/package.dsv
[1.535s] -- Up-to-date symlink: /home/jliang/ros_ws/install/rcutils/share/ament_index/resource_index/packages/rcutils
[1.535s] -- Up-to-date symlink: /home/jliang/ros_ws/install/rcutils/share/rcutils/cmake/ament_cmake_export_link_flags-extras.cmake
[1.535s] -- Up-to-date symlink: /home/jliang/ros_ws/install/rcutils/share/rcutils/cmake/ament_cmake_export_include_directories-extras.cmake
[1.535s] -- Up-to-date symlink: /home/jliang/ros_ws/install/rcutils/share/rcutils/cmake/ament_cmake_export_libraries-extras.cmake
[1.535s] -- Up-to-date symlink: /home/jliang/ros_ws/install/rcutils/share/rcutils/cmake/ament_cmake_export_targets-extras.cmake
[1.535s] -- Up-to-date symlink: /home/jliang/ros_ws/install/rcutils/share/rcutils/cmake/ament_cmake_export_dependencies-extras.cmake
[1.536s] -- Up-to-date symlink: /home/jliang/ros_ws/install/rcutils/share/rcutils/cmake/rcutilsConfig.cmake
[1.536s] -- Up-to-date symlink: /home/jliang/ros_ws/install/rcutils/share/rcutils/cmake/rcutilsConfig-version.cmake
[1.536s] -- Up-to-date symlink: /home/jliang/ros_ws/install/rcutils/share/rcutils/package.xml
[1.537s] -- Up-to-date symlink: /home/jliang/ros_ws/install/rcutils/include/rcutils/rcutils/allocator.h
[1.537s] -- Up-to-date symlink: /home/jliang/ros_ws/install/rcutils/include/rcutils/rcutils/cmdline_parser.h
[1.537s] -- Up-to-date symlink: /home/jliang/ros_ws/install/rcutils/include/rcutils/rcutils/env.h
[1.537s] -- Up-to-date symlink: /home/jliang/ros_ws/install/rcutils/include/rcutils/rcutils/error_handling.h
[1.537s] -- Up-to-date symlink: /home/jliang/ros_ws/install/rcutils/include/rcutils/rcutils/filesystem.h
[1.537s] -- Up-to-date symlink: /home/jliang/ros_ws/install/rcutils/include/rcutils/rcutils/find.h
[1.537s] -- Up-to-date symlink: /home/jliang/ros_ws/install/rcutils/include/rcutils/rcutils/format_string.h
[1.538s] -- Up-to-date symlink: /home/jliang/ros_ws/install/rcutils/include/rcutils/rcutils/get_env.h
[1.538s] -- Up-to-date symlink: /home/jliang/ros_ws/install/rcutils/include/rcutils/rcutils/isalnum_no_locale.h
[1.538s] -- Up-to-date symlink: /home/jliang/ros_ws/install/rcutils/include/rcutils/rcutils/logging.h
[1.538s] -- Up-to-date symlink: /home/jliang/ros_ws/install/rcutils/include/rcutils/rcutils/macros.h
[1.538s] -- Up-to-date symlink: /home/jliang/ros_ws/install/rcutils/include/rcutils/rcutils/process.h
[1.538s] -- Up-to-date symlink: /home/jliang/ros_ws/install/rcutils/include/rcutils/rcutils/qsort.h
[1.538s] -- Up-to-date symlink: /home/jliang/ros_ws/install/rcutils/include/rcutils/rcutils/repl_str.h
[1.538s] -- Up-to-date symlink: /home/jliang/ros_ws/install/rcutils/include/rcutils/rcutils/shared_library.h
[1.539s] -- Up-to-date symlink: /home/jliang/ros_ws/install/rcutils/include/rcutils/rcutils/snprintf.h
[1.539s] -- Up-to-date symlink: /home/jliang/ros_ws/install/rcutils/include/rcutils/rcutils/split.h
[1.539s] -- Up-to-date symlink: /home/jliang/ros_ws/install/rcutils/include/rcutils/rcutils/stdatomic_helper.h
[1.539s] -- Up-to-date symlink: /home/jliang/ros_ws/install/rcutils/include/rcutils/rcutils/stdatomic_helper/gcc/stdatomic.h
[1.539s] -- Up-to-date symlink: /home/jliang/ros_ws/install/rcutils/include/rcutils/rcutils/stdatomic_helper/win32/stdatomic.h
[1.539s] -- Up-to-date symlink: /home/jliang/ros_ws/install/rcutils/include/rcutils/rcutils/strcasecmp.h
[1.539s] -- Up-to-date symlink: /home/jliang/ros_ws/install/rcutils/include/rcutils/rcutils/strdup.h
[1.539s] -- Up-to-date symlink: /home/jliang/ros_ws/install/rcutils/include/rcutils/rcutils/strerror.h
[1.540s] -- Up-to-date symlink: /home/jliang/ros_ws/install/rcutils/include/rcutils/rcutils/testing/fault_injection.h
[1.540s] -- Up-to-date symlink: /home/jliang/ros_ws/install/rcutils/include/rcutils/rcutils/time.h
[1.540s] -- Up-to-date symlink: /home/jliang/ros_ws/install/rcutils/include/rcutils/rcutils/types.h
[1.540s] -- Up-to-date symlink: /home/jliang/ros_ws/install/rcutils/include/rcutils/rcutils/types/array_list.h
[1.540s] -- Up-to-date symlink: /home/jliang/ros_ws/install/rcutils/include/rcutils/rcutils/types/char_array.h
[1.540s] -- Up-to-date symlink: /home/jliang/ros_ws/install/rcutils/include/rcutils/rcutils/types/hash_map.h
[1.540s] -- Up-to-date symlink: /home/jliang/ros_ws/install/rcutils/include/rcutils/rcutils/types/rcutils_ret.h
[1.541s] -- Up-to-date symlink: /home/jliang/ros_ws/install/rcutils/include/rcutils/rcutils/types/string_array.h
[1.541s] -- Up-to-date symlink: /home/jliang/ros_ws/install/rcutils/include/rcutils/rcutils/types/string_map.h
[1.541s] -- Up-to-date symlink: /home/jliang/ros_ws/install/rcutils/include/rcutils/rcutils/types/uint8_array.h
[1.541s] -- Up-to-date symlink: /home/jliang/ros_ws/install/rcutils/include/rcutils/rcutils/visibility_control.h
[1.541s] -- Up-to-date symlink: /home/jliang/ros_ws/install/rcutils/include/rcutils/rcutils/visibility_control_macros.h
[1.541s] -- Up-to-date symlink: /home/jliang/ros_ws/install/rcutils/include/rcutils/rcutils/logging_macros.h
[1.574s] Listing 'lib/python3.10/site-packages/rcutils'...
[1.574s] Can't list 'lib/python3.10/site-packages/rcutils'
[1.578s] -- Installing: /home/jliang/ros_ws/install/rcutils/lib/librcutils.so
[1.579s] -- Up-to-date: /home/jliang/ros_ws/install/rcutils/share/rcutils/cmake/rcutilsExport.cmake
[1.579s] -- Up-to-date: /home/jliang/ros_ws/install/rcutils/share/rcutils/cmake/rcutilsExport-release.cmake
[1.582s] Invoked command in '/home/jliang/ros_ws/build/rcutils' returned '0': CMAKE_PREFIX_PATH=${CMAKE_PREFIX_PATH}:/home/jliang/ros_ws/install/tf2_tools:/home/jliang/ros_ws/install/examples_tf2_py:/home/jliang/ros_ws/install/tf2_ros_py:/home/jliang/ros_ws/install/ros2plugin:/home/jliang/ros_ws/install/ravage_ros:/home/jliang/ros_ws/install/sensor_msgs_py:/home/jliang/ros_ws/install/rosidl_cli CONDA_PROMPT_MODIFIER=(ros_humble) /home/jliang/miniforge3/envs/ros_humble/bin/cmake --install /home/jliang/ros_ws/build/rcutils
