/home/jliang/miniforge3/envs/ros_env/lib/python3.11/site-packages/setuptools/_distutils/dist.py:289: UserWarning: Unknown distribution option: 'tests_require'
  warnings.warn(msg)
running egg_info
creating ../../build/ravage_ros/ravage_ros.egg-info
writing ../../build/ravage_ros/ravage_ros.egg-info/PKG-INFO
writing dependency_links to ../../build/ravage_ros/ravage_ros.egg-info/dependency_links.txt
writing entry points to ../../build/ravage_ros/ravage_ros.egg-info/entry_points.txt
writing requirements to ../../build/ravage_ros/ravage_ros.egg-info/requires.txt
writing top-level names to ../../build/ravage_ros/ravage_ros.egg-info/top_level.txt
writing manifest file '../../build/ravage_ros/ravage_ros.egg-info/SOURCES.txt'
reading manifest file '../../build/ravage_ros/ravage_ros.egg-info/SOURCES.txt'
writing manifest file '../../build/ravage_ros/ravage_ros.egg-info/SOURCES.txt'
running build
running build_py
creating /home/jliang/ros_ws/build/ravage_ros/build/lib/ravage_ros
copying ravage_ros/ravage_node.py -> /home/jliang/ros_ws/build/ravage_ros/build/lib/ravage_ros
copying ravage_ros/__init__.py -> /home/jliang/ros_ws/build/ravage_ros/build/lib/ravage_ros
running install
running install_lib
creating /home/jliang/ros_ws/install/ravage_ros/lib/python3.11/site-packages/ravage_ros
copying /home/jliang/ros_ws/build/ravage_ros/build/lib/ravage_ros/ravage_node.py -> /home/jliang/ros_ws/install/ravage_ros/lib/python3.11/site-packages/ravage_ros
copying /home/jliang/ros_ws/build/ravage_ros/build/lib/ravage_ros/__init__.py -> /home/jliang/ros_ws/install/ravage_ros/lib/python3.11/site-packages/ravage_ros
byte-compiling /home/jliang/ros_ws/install/ravage_ros/lib/python3.11/site-packages/ravage_ros/ravage_node.py to ravage_node.cpython-311.pyc
byte-compiling /home/jliang/ros_ws/install/ravage_ros/lib/python3.11/site-packages/ravage_ros/__init__.py to __init__.cpython-311.pyc
running install_data
creating /home/jliang/ros_ws/install/ravage_ros/share/ament_index/resource_index/packages
copying resource/ravage_ros -> /home/jliang/ros_ws/install/ravage_ros/share/ament_index/resource_index/packages
copying package.xml -> /home/jliang/ros_ws/install/ravage_ros/share/ravage_ros
creating /home/jliang/ros_ws/install/ravage_ros/share/ravage_ros/launch
copying launch/ravage.launch.py -> /home/jliang/ros_ws/install/ravage_ros/share/ravage_ros/launch
creating /home/jliang/ros_ws/install/ravage_ros/share/ravage_ros/config
copying config/attack_profile.yaml -> /home/jliang/ros_ws/install/ravage_ros/share/ravage_ros/config
copying config/param_config.yaml -> /home/jliang/ros_ws/install/ravage_ros/share/ravage_ros/config
copying config/autopilot_config.yaml -> /home/jliang/ros_ws/install/ravage_ros/share/ravage_ros/config
running install_egg_info
Copying ../../build/ravage_ros/ravage_ros.egg-info to /home/jliang/ros_ws/install/ravage_ros/lib/python3.11/site-packages/ravage_ros-0.0.0-py3.11.egg-info
running install_scripts
Installing attack_engine script to /home/jliang/ros_ws/install/ravage_ros/lib/ravage_ros
writing list of installed files to '/home/jliang/ros_ws/build/ravage_ros/install.log'
