[0.406s] Invoking command in '/home/jliang/ros_ws/src/ravage_ros': CONDA_PROMPT_MODIFIER=(ros_env) PYTHONPATH=/home/jliang/ros_ws/build/ravage_ros/prefix_override:/home/jliang/miniforge3/envs/ros_env/lib/python3.11/site-packages/colcon_core/task/python/colcon_distutils_commands:/home/jliang/ros_ws/install/ravage_ros/lib/python3.11/site-packages:${PYTHONPATH} /home/jliang/miniforge3/envs/ros_env/bin/python3.11 -W ignore:setup.py install is deprecated -W ignore:easy_install command is deprecated setup.py egg_info --egg-base ../../build/ravage_ros build --build-base /home/jliang/ros_ws/build/ravage_ros/build install --record /home/jliang/ros_ws/build/ravage_ros/install.log --single-version-externally-managed install_data
[0.581s] /home/jliang/miniforge3/envs/ros_env/lib/python3.11/site-packages/setuptools/_distutils/dist.py:289: UserWarning: Unknown distribution option: 'tests_require'
[0.581s]   warnings.warn(msg)
[0.636s] running egg_info
[0.645s] creating ../../build/ravage_ros/ravage_ros.egg-info
[0.645s] writing ../../build/ravage_ros/ravage_ros.egg-info/PKG-INFO
[0.645s] writing dependency_links to ../../build/ravage_ros/ravage_ros.egg-info/dependency_links.txt
[0.645s] writing entry points to ../../build/ravage_ros/ravage_ros.egg-info/entry_points.txt
[0.645s] writing requirements to ../../build/ravage_ros/ravage_ros.egg-info/requires.txt
[0.645s] writing top-level names to ../../build/ravage_ros/ravage_ros.egg-info/top_level.txt
[0.646s] writing manifest file '../../build/ravage_ros/ravage_ros.egg-info/SOURCES.txt'
[0.703s] reading manifest file '../../build/ravage_ros/ravage_ros.egg-info/SOURCES.txt'
[0.703s] writing manifest file '../../build/ravage_ros/ravage_ros.egg-info/SOURCES.txt'
[0.704s] running build
[0.704s] running build_py
[0.704s] creating /home/jliang/ros_ws/build/ravage_ros/build/lib/ravage_ros
[0.704s] copying ravage_ros/ravage_node.py -> /home/jliang/ros_ws/build/ravage_ros/build/lib/ravage_ros
[0.704s] copying ravage_ros/__init__.py -> /home/jliang/ros_ws/build/ravage_ros/build/lib/ravage_ros
[0.704s] running install
[0.708s] running install_lib
[0.717s] creating /home/jliang/ros_ws/install/ravage_ros/lib/python3.11/site-packages/ravage_ros
[0.717s] copying /home/jliang/ros_ws/build/ravage_ros/build/lib/ravage_ros/ravage_node.py -> /home/jliang/ros_ws/install/ravage_ros/lib/python3.11/site-packages/ravage_ros
[0.718s] copying /home/jliang/ros_ws/build/ravage_ros/build/lib/ravage_ros/__init__.py -> /home/jliang/ros_ws/install/ravage_ros/lib/python3.11/site-packages/ravage_ros
[0.718s] byte-compiling /home/jliang/ros_ws/install/ravage_ros/lib/python3.11/site-packages/ravage_ros/ravage_node.py to ravage_node.cpython-311.pyc
[0.720s] byte-compiling /home/jliang/ros_ws/install/ravage_ros/lib/python3.11/site-packages/ravage_ros/__init__.py to __init__.cpython-311.pyc
[0.720s] running install_data
[0.720s] creating /home/jliang/ros_ws/install/ravage_ros/share/ament_index/resource_index/packages
[0.720s] copying resource/ravage_ros -> /home/jliang/ros_ws/install/ravage_ros/share/ament_index/resource_index/packages
[0.720s] copying package.xml -> /home/jliang/ros_ws/install/ravage_ros/share/ravage_ros
[0.720s] creating /home/jliang/ros_ws/install/ravage_ros/share/ravage_ros/launch
[0.720s] copying launch/ravage.launch.py -> /home/jliang/ros_ws/install/ravage_ros/share/ravage_ros/launch
[0.720s] creating /home/jliang/ros_ws/install/ravage_ros/share/ravage_ros/config
[0.720s] copying config/attack_profile.yaml -> /home/jliang/ros_ws/install/ravage_ros/share/ravage_ros/config
[0.721s] copying config/param_config.yaml -> /home/jliang/ros_ws/install/ravage_ros/share/ravage_ros/config
[0.721s] copying config/autopilot_config.yaml -> /home/jliang/ros_ws/install/ravage_ros/share/ravage_ros/config
[0.721s] running install_egg_info
[0.731s] Copying ../../build/ravage_ros/ravage_ros.egg-info to /home/jliang/ros_ws/install/ravage_ros/lib/python3.11/site-packages/ravage_ros-0.0.0-py3.11.egg-info
[0.732s] running install_scripts
[0.750s] Installing attack_engine script to /home/jliang/ros_ws/install/ravage_ros/lib/ravage_ros
[0.751s] writing list of installed files to '/home/jliang/ros_ws/build/ravage_ros/install.log'
[0.772s] Invoked command in '/home/jliang/ros_ws/src/ravage_ros' returned '0': CONDA_PROMPT_MODIFIER=(ros_env) PYTHONPATH=/home/jliang/ros_ws/build/ravage_ros/prefix_override:/home/jliang/miniforge3/envs/ros_env/lib/python3.11/site-packages/colcon_core/task/python/colcon_distutils_commands:/home/jliang/ros_ws/install/ravage_ros/lib/python3.11/site-packages:${PYTHONPATH} /home/jliang/miniforge3/envs/ros_env/bin/python3.11 -W ignore:setup.py install is deprecated -W ignore:easy_install command is deprecated setup.py egg_info --egg-base ../../build/ravage_ros build --build-base /home/jliang/ros_ws/build/ravage_ros/build install --record /home/jliang/ros_ws/build/ravage_ros/install.log --single-version-externally-managed install_data
