-- Found ament_cmake: 1.3.3 (/home/jliang/miniforge3/envs/ros_humble/share/ament_cmake/cmake)
-- Override CMake install command with custom implementation using symlinks instead of copying resources
-- Found ament_index_cpp: 1.4.0 (/home/jliang/miniforge3/envs/ros_humble/share/ament_index_cpp/cmake)
-- Found class_loader: 2.2.0 (/home/jliang/miniforge3/envs/ros_humble/share/class_loader/cmake)
-- Found tinyxml2_vendor: 0.7.5 (/home/jliang/miniforge3/envs/ros_humble/share/tinyxml2_vendor/cmake)
-- Found TinyXML2 via Config file: /home/jliang/miniforge3/envs/ros_humble/lib/cmake/tinyxml2
-- Configuring done (0.3s)
-- Generating done (0.0s)
-- Build files have been written to: /home/jliang/ros_ws/build/pluginlib
[100%] Built target list_plugins
-- Install configuration: "Release"
-- Execute custom install script
-- Up-to-date symlink: /home/jliang/ros_ws/install/pluginlib/lib/pluginlib/list_plugins
-- Up-to-date symlink: /home/jliang/ros_ws/install/pluginlib/share/pluginlib/cmake/blank.in
-- Up-to-date symlink: /home/jliang/ros_ws/install/pluginlib/share/pluginlib/cmake/pluginlib_enable_plugin_testing.cmake
-- Up-to-date symlink: /home/jliang/ros_ws/install/pluginlib/share/pluginlib/cmake/pluginlib_export_plugin_description_file.cmake
-- Up-to-date symlink: /home/jliang/ros_ws/install/pluginlib/share/pluginlib/cmake/pluginlib_package_hook.cmake
-- Up-to-date symlink: /home/jliang/ros_ws/install/pluginlib/include/pluginlib/pluginlib/class_desc.hpp
-- Up-to-date symlink: /home/jliang/ros_ws/install/pluginlib/include/pluginlib/pluginlib/class_list_macros.hpp
-- Up-to-date symlink: /home/jliang/ros_ws/install/pluginlib/include/pluginlib/pluginlib/class_loader.hpp
-- Up-to-date symlink: /home/jliang/ros_ws/install/pluginlib/include/pluginlib/pluginlib/class_loader_base.hpp
-- Up-to-date symlink: /home/jliang/ros_ws/install/pluginlib/include/pluginlib/pluginlib/class_loader_imp.hpp
-- Up-to-date symlink: /home/jliang/ros_ws/install/pluginlib/include/pluginlib/pluginlib/exceptions.hpp
-- Up-to-date symlink: /home/jliang/ros_ws/install/pluginlib/include/pluginlib/pluginlib/impl/split.hpp
-- Up-to-date symlink: /home/jliang/ros_ws/install/pluginlib/share/ament_index/resource_index/package_run_dependencies/pluginlib
-- Up-to-date symlink: /home/jliang/ros_ws/install/pluginlib/share/ament_index/resource_index/parent_prefix_path/pluginlib
-- Up-to-date symlink: /home/jliang/ros_ws/install/pluginlib/share/pluginlib/environment/ament_prefix_path.sh
-- Up-to-date symlink: /home/jliang/ros_ws/install/pluginlib/share/pluginlib/environment/ament_prefix_path.dsv
-- Up-to-date symlink: /home/jliang/ros_ws/install/pluginlib/share/pluginlib/environment/path.sh
-- Up-to-date symlink: /home/jliang/ros_ws/install/pluginlib/share/pluginlib/environment/path.dsv
-- Up-to-date symlink: /home/jliang/ros_ws/install/pluginlib/share/pluginlib/local_setup.bash
-- Up-to-date symlink: /home/jliang/ros_ws/install/pluginlib/share/pluginlib/local_setup.sh
-- Up-to-date symlink: /home/jliang/ros_ws/install/pluginlib/share/pluginlib/local_setup.zsh
-- Up-to-date symlink: /home/jliang/ros_ws/install/pluginlib/share/pluginlib/local_setup.dsv
-- Symlinking: /home/jliang/ros_ws/install/pluginlib/share/pluginlib/package.dsv
-- Up-to-date symlink: /home/jliang/ros_ws/install/pluginlib/share/ament_index/resource_index/packages/pluginlib
-- Up-to-date symlink: /home/jliang/ros_ws/install/pluginlib/share/pluginlib/cmake/pluginlib-extras.cmake
-- Up-to-date symlink: /home/jliang/ros_ws/install/pluginlib/share/pluginlib/cmake/ament_cmake_export_dependencies-extras.cmake
-- Up-to-date symlink: /home/jliang/ros_ws/install/pluginlib/share/pluginlib/cmake/ament_cmake_export_targets-extras.cmake
-- Up-to-date symlink: /home/jliang/ros_ws/install/pluginlib/share/pluginlib/cmake/pluginlibConfig.cmake
-- Up-to-date symlink: /home/jliang/ros_ws/install/pluginlib/share/pluginlib/cmake/pluginlibConfig-version.cmake
-- Up-to-date symlink: /home/jliang/ros_ws/install/pluginlib/share/pluginlib/package.xml
-- Up-to-date: /home/jliang/ros_ws/install/pluginlib/share/pluginlib/cmake/export_pluginlibExport.cmake
