-- Install configuration: "Release"
-- Execute custom install script
-- Up-to-date symlink: /home/jliang/ros_ws/install/eigen_stl_containers/include/eigen_stl_containers/eigen_stl_containers/eigen_stl_containers.h
-- Up-to-date symlink: /home/jliang/ros_ws/install/eigen_stl_containers/include/eigen_stl_containers/eigen_stl_containers/eigen_stl_map_container.h
-- Up-to-date symlink: /home/jliang/ros_ws/install/eigen_stl_containers/include/eigen_stl_containers/eigen_stl_containers/eigen_stl_vector_container.h
-- Up-to-date symlink: /home/jliang/ros_ws/install/eigen_stl_containers/share/ament_index/resource_index/package_run_dependencies/eigen_stl_containers
-- Up-to-date symlink: /home/jliang/ros_ws/install/eigen_stl_containers/share/ament_index/resource_index/parent_prefix_path/eigen_stl_containers
-- Up-to-date symlink: /home/jliang/ros_ws/install/eigen_stl_containers/share/eigen_stl_containers/environment/ament_prefix_path.sh
-- Up-to-date symlink: /home/jliang/ros_ws/install/eigen_stl_containers/share/eigen_stl_containers/environment/ament_prefix_path.dsv
-- Up-to-date symlink: /home/jliang/ros_ws/install/eigen_stl_containers/share/eigen_stl_containers/environment/path.sh
-- Up-to-date symlink: /home/jliang/ros_ws/install/eigen_stl_containers/share/eigen_stl_containers/environment/path.dsv
-- Up-to-date symlink: /home/jliang/ros_ws/install/eigen_stl_containers/share/eigen_stl_containers/local_setup.bash
-- Up-to-date symlink: /home/jliang/ros_ws/install/eigen_stl_containers/share/eigen_stl_containers/local_setup.sh
-- Up-to-date symlink: /home/jliang/ros_ws/install/eigen_stl_containers/share/eigen_stl_containers/local_setup.zsh
-- Up-to-date symlink: /home/jliang/ros_ws/install/eigen_stl_containers/share/eigen_stl_containers/local_setup.dsv
-- Symlinking: /home/jliang/ros_ws/install/eigen_stl_containers/share/eigen_stl_containers/package.dsv
-- Up-to-date symlink: /home/jliang/ros_ws/install/eigen_stl_containers/share/ament_index/resource_index/packages/eigen_stl_containers
-- Up-to-date symlink: /home/jliang/ros_ws/install/eigen_stl_containers/share/eigen_stl_containers/cmake/ament_cmake_export_include_directories-extras.cmake
-- Up-to-date symlink: /home/jliang/ros_ws/install/eigen_stl_containers/share/eigen_stl_containers/cmake/ament_cmake_export_targets-extras.cmake
-- Up-to-date symlink: /home/jliang/ros_ws/install/eigen_stl_containers/share/eigen_stl_containers/cmake/ament_cmake_export_dependencies-extras.cmake
-- Up-to-date symlink: /home/jliang/ros_ws/install/eigen_stl_containers/share/eigen_stl_containers/cmake/eigen_stl_containersConfig.cmake
-- Up-to-date symlink: /home/jliang/ros_ws/install/eigen_stl_containers/share/eigen_stl_containers/cmake/eigen_stl_containersConfig-version.cmake
-- Up-to-date symlink: /home/jliang/ros_ws/install/eigen_stl_containers/share/eigen_stl_containers/package.xml
-- Up-to-date: /home/jliang/ros_ws/install/eigen_stl_containers/share/eigen_stl_containers/cmake/eigen_stl_containersTargetsExport.cmake
