[0.472s] Invoking command in '/home/jliang/ros_ws/build/eigen_stl_containers': CMAKE_PREFIX_PATH=${CMAKE_PREFIX_PATH}:/home/jliang/ros_ws/install/tf2_tools:/home/jliang/ros_ws/install/examples_tf2_py:/home/jliang/ros_ws/install/tf2_ros_py:/home/jliang/ros_ws/install/ros2plugin:/home/jliang/ros_ws/install/ravage_ros:/home/jliang/ros_ws/install/sensor_msgs_py:/home/jliang/ros_ws/install/rosidl_cli CONDA_PROMPT_MODIFIER=(ros_humble) /home/jliang/miniforge3/envs/ros_humble/bin/cmake --build /home/jliang/ros_ws/build/eigen_stl_containers -- -j48 -l48
[0.538s] Invoked command in '/home/jliang/ros_ws/build/eigen_stl_containers' returned '0': CMAKE_PREFIX_PATH=${CMAKE_PREFIX_PATH}:/home/jliang/ros_ws/install/tf2_tools:/home/jliang/ros_ws/install/examples_tf2_py:/home/jliang/ros_ws/install/tf2_ros_py:/home/jliang/ros_ws/install/ros2plugin:/home/jliang/ros_ws/install/ravage_ros:/home/jliang/ros_ws/install/sensor_msgs_py:/home/jliang/ros_ws/install/rosidl_cli CONDA_PROMPT_MODIFIER=(ros_humble) /home/jliang/miniforge3/envs/ros_humble/bin/cmake --build /home/jliang/ros_ws/build/eigen_stl_containers -- -j48 -l48
[0.541s] Invoking command in '/home/jliang/ros_ws/build/eigen_stl_containers': CMAKE_PREFIX_PATH=${CMAKE_PREFIX_PATH}:/home/jliang/ros_ws/install/tf2_tools:/home/jliang/ros_ws/install/examples_tf2_py:/home/jliang/ros_ws/install/tf2_ros_py:/home/jliang/ros_ws/install/ros2plugin:/home/jliang/ros_ws/install/ravage_ros:/home/jliang/ros_ws/install/sensor_msgs_py:/home/jliang/ros_ws/install/rosidl_cli CONDA_PROMPT_MODIFIER=(ros_humble) /home/jliang/miniforge3/envs/ros_humble/bin/cmake --install /home/jliang/ros_ws/build/eigen_stl_containers
[0.543s] -- Install configuration: "Release"
[0.543s] -- Execute custom install script
[0.543s] -- Up-to-date symlink: /home/jliang/ros_ws/install/eigen_stl_containers/include/eigen_stl_containers/eigen_stl_containers/eigen_stl_containers.h
[0.543s] -- Up-to-date symlink: /home/jliang/ros_ws/install/eigen_stl_containers/include/eigen_stl_containers/eigen_stl_containers/eigen_stl_map_container.h
[0.544s] -- Up-to-date symlink: /home/jliang/ros_ws/install/eigen_stl_containers/include/eigen_stl_containers/eigen_stl_containers/eigen_stl_vector_container.h
[0.544s] -- Up-to-date symlink: /home/jliang/ros_ws/install/eigen_stl_containers/share/ament_index/resource_index/package_run_dependencies/eigen_stl_containers
[0.545s] -- Up-to-date symlink: /home/jliang/ros_ws/install/eigen_stl_containers/share/ament_index/resource_index/parent_prefix_path/eigen_stl_containers
[0.545s] -- Up-to-date symlink: /home/jliang/ros_ws/install/eigen_stl_containers/share/eigen_stl_containers/environment/ament_prefix_path.sh
[0.545s] -- Up-to-date symlink: /home/jliang/ros_ws/install/eigen_stl_containers/share/eigen_stl_containers/environment/ament_prefix_path.dsv
[0.546s] -- Up-to-date symlink: /home/jliang/ros_ws/install/eigen_stl_containers/share/eigen_stl_containers/environment/path.sh
[0.546s] -- Up-to-date symlink: /home/jliang/ros_ws/install/eigen_stl_containers/share/eigen_stl_containers/environment/path.dsv
[0.546s] -- Up-to-date symlink: /home/jliang/ros_ws/install/eigen_stl_containers/share/eigen_stl_containers/local_setup.bash
[0.546s] -- Up-to-date symlink: /home/jliang/ros_ws/install/eigen_stl_containers/share/eigen_stl_containers/local_setup.sh
[0.547s] -- Up-to-date symlink: /home/jliang/ros_ws/install/eigen_stl_containers/share/eigen_stl_containers/local_setup.zsh
[0.548s] -- Up-to-date symlink: /home/jliang/ros_ws/install/eigen_stl_containers/share/eigen_stl_containers/local_setup.dsv
[0.548s] -- Symlinking: /home/jliang/ros_ws/install/eigen_stl_containers/share/eigen_stl_containers/package.dsv
[0.553s] -- Up-to-date symlink: /home/jliang/ros_ws/install/eigen_stl_containers/share/ament_index/resource_index/packages/eigen_stl_containers
[0.553s] -- Up-to-date symlink: /home/jliang/ros_ws/install/eigen_stl_containers/share/eigen_stl_containers/cmake/ament_cmake_export_include_directories-extras.cmake
[0.554s] -- Up-to-date symlink: /home/jliang/ros_ws/install/eigen_stl_containers/share/eigen_stl_containers/cmake/ament_cmake_export_targets-extras.cmake
[0.555s] -- Up-to-date symlink: /home/jliang/ros_ws/install/eigen_stl_containers/share/eigen_stl_containers/cmake/ament_cmake_export_dependencies-extras.cmake
[0.555s] -- Up-to-date symlink: /home/jliang/ros_ws/install/eigen_stl_containers/share/eigen_stl_containers/cmake/eigen_stl_containersConfig.cmake
[0.555s] -- Up-to-date symlink: /home/jliang/ros_ws/install/eigen_stl_containers/share/eigen_stl_containers/cmake/eigen_stl_containersConfig-version.cmake
[0.556s] -- Up-to-date symlink: /home/jliang/ros_ws/install/eigen_stl_containers/share/eigen_stl_containers/package.xml
[0.556s] -- Up-to-date: /home/jliang/ros_ws/install/eigen_stl_containers/share/eigen_stl_containers/cmake/eigen_stl_containersTargetsExport.cmake
[0.569s] Invoked command in '/home/jliang/ros_ws/build/eigen_stl_containers' returned '0': CMAKE_PREFIX_PATH=${CMAKE_PREFIX_PATH}:/home/jliang/ros_ws/install/tf2_tools:/home/jliang/ros_ws/install/examples_tf2_py:/home/jliang/ros_ws/install/tf2_ros_py:/home/jliang/ros_ws/install/ros2plugin:/home/jliang/ros_ws/install/ravage_ros:/home/jliang/ros_ws/install/sensor_msgs_py:/home/jliang/ros_ws/install/rosidl_cli CONDA_PROMPT_MODIFIER=(ros_humble) /home/jliang/miniforge3/envs/ros_humble/bin/cmake --install /home/jliang/ros_ws/build/eigen_stl_containers
