[0mCMake Deprecation Warning at CMakeLists.txt:1 (cmake_minimum_required):
  Compatibility with CMake < 3.10 will be removed from a future version of
  CMake.

  Update the VERSION argument <min> value.  Or, use the <min>...<max> syntax
  to tell CMake that the project requires at least <min> but has been updated
  to work with policies introduced by <max> or earlier.

[0m
-- Found ament_cmake: 1.3.3 (/home/jliang/miniforge3/envs/ros_humble/share/ament_cmake/cmake)
-- Override CMake install command with custom implementation using symlinks instead of copying resources
-- Configuring done (0.3s)
-- Generating done (0.0s)
-- Build files have been written to: /home/jliang/ros_ws/build/console_bridge_vendor
-- Install configuration: "Release"
-- Execute custom install script
-- Up-to-date symlink: /home/jliang/ros_ws/install/console_bridge_vendor/share/ament_index/resource_index/package_run_dependencies/console_bridge_vendor
-- Up-to-date symlink: /home/jliang/ros_ws/install/console_bridge_vendor/share/ament_index/resource_index/parent_prefix_path/console_bridge_vendor
-- Up-to-date symlink: /home/jliang/ros_ws/install/console_bridge_vendor/share/console_bridge_vendor/environment/ament_prefix_path.sh
-- Up-to-date symlink: /home/jliang/ros_ws/install/console_bridge_vendor/share/console_bridge_vendor/environment/ament_prefix_path.dsv
-- Up-to-date symlink: /home/jliang/ros_ws/install/console_bridge_vendor/share/console_bridge_vendor/environment/path.sh
-- Up-to-date symlink: /home/jliang/ros_ws/install/console_bridge_vendor/share/console_bridge_vendor/environment/path.dsv
-- Up-to-date symlink: /home/jliang/ros_ws/install/console_bridge_vendor/share/console_bridge_vendor/local_setup.bash
-- Up-to-date symlink: /home/jliang/ros_ws/install/console_bridge_vendor/share/console_bridge_vendor/local_setup.sh
-- Up-to-date symlink: /home/jliang/ros_ws/install/console_bridge_vendor/share/console_bridge_vendor/local_setup.zsh
-- Up-to-date symlink: /home/jliang/ros_ws/install/console_bridge_vendor/share/console_bridge_vendor/local_setup.dsv
-- Symlinking: /home/jliang/ros_ws/install/console_bridge_vendor/share/console_bridge_vendor/package.dsv
-- Up-to-date symlink: /home/jliang/ros_ws/install/console_bridge_vendor/share/ament_index/resource_index/packages/console_bridge_vendor
-- Up-to-date symlink: /home/jliang/ros_ws/install/console_bridge_vendor/share/console_bridge_vendor/cmake/console_bridge_vendorConfig.cmake
-- Up-to-date symlink: /home/jliang/ros_ws/install/console_bridge_vendor/share/console_bridge_vendor/cmake/console_bridge_vendorConfig-version.cmake
-- Up-to-date symlink: /home/jliang/ros_ws/install/console_bridge_vendor/share/console_bridge_vendor/package.xml
