[0.477s] Invoking command in '/home/jliang/ros_ws/build/console_bridge_vendor': CMAKE_PREFIX_PATH=${CMAKE_PREFIX_PATH}:/home/jliang/ros_ws/install/tf2_tools:/home/jliang/ros_ws/install/examples_tf2_py:/home/jliang/ros_ws/install/tf2_ros_py:/home/jliang/ros_ws/install/ros2plugin:/home/jliang/ros_ws/install/ravage_ros:/home/jliang/ros_ws/install/sensor_msgs_py:/home/jliang/ros_ws/install/rosidl_cli CONDA_PROMPT_MODIFIER=(ros_humble) /home/jliang/miniforge3/envs/ros_humble/bin/cmake /home/jliang/ros_ws/src/console_bridge_vendor -DCMAKE_BUILD_TYPE=Release -DBUILD_TESTING=OFF -DPython3_EXECUTABLE=/home/jliang/miniforge3/envs/ros_humble/bin/python -DPYTHON_EXECUTABLE=/home/jliang/miniforge3/envs/ros_humble/bin/python -DROS_DISTRO=humble -DCMAKE_POLICY_VERSION_MINIMUM=3.5 -Dmavlink_DIR=/home/jliang/ros_ws/install/mavlink/lib/cmake/MAVLink -DAMENT_CMAKE_SYMLINK_INSTALL=1 -DCMAKE_INSTALL_PREFIX=/home/jliang/ros_ws/install/console_bridge_vendor
[0.519s] [0mCMake Deprecation Warning at CMakeLists.txt:1 (cmake_minimum_required):
[0.519s]   Compatibility with CMake < 3.10 will be removed from a future version of
[0.519s]   CMake.
[0.519s] 
[0.519s]   Update the VERSION argument <min> value.  Or, use the <min>...<max> syntax
[0.519s]   to tell CMake that the project requires at least <min> but has been updated
[0.519s]   to work with policies introduced by <max> or earlier.
[0.519s] 
[0.519s] [0m
[0.527s] -- Found ament_cmake: 1.3.3 (/home/jliang/miniforge3/envs/ros_humble/share/ament_cmake/cmake)
[0.719s] -- Override CMake install command with custom implementation using symlinks instead of copying resources
[0.813s] -- Configuring done (0.3s)
[0.817s] -- Generating done (0.0s)
[0.819s] -- Build files have been written to: /home/jliang/ros_ws/build/console_bridge_vendor
[0.823s] Invoked command in '/home/jliang/ros_ws/build/console_bridge_vendor' returned '0': CMAKE_PREFIX_PATH=${CMAKE_PREFIX_PATH}:/home/jliang/ros_ws/install/tf2_tools:/home/jliang/ros_ws/install/examples_tf2_py:/home/jliang/ros_ws/install/tf2_ros_py:/home/jliang/ros_ws/install/ros2plugin:/home/jliang/ros_ws/install/ravage_ros:/home/jliang/ros_ws/install/sensor_msgs_py:/home/jliang/ros_ws/install/rosidl_cli CONDA_PROMPT_MODIFIER=(ros_humble) /home/jliang/miniforge3/envs/ros_humble/bin/cmake /home/jliang/ros_ws/src/console_bridge_vendor -DCMAKE_BUILD_TYPE=Release -DBUILD_TESTING=OFF -DPython3_EXECUTABLE=/home/jliang/miniforge3/envs/ros_humble/bin/python -DPYTHON_EXECUTABLE=/home/jliang/miniforge3/envs/ros_humble/bin/python -DROS_DISTRO=humble -DCMAKE_POLICY_VERSION_MINIMUM=3.5 -Dmavlink_DIR=/home/jliang/ros_ws/install/mavlink/lib/cmake/MAVLink -DAMENT_CMAKE_SYMLINK_INSTALL=1 -DCMAKE_INSTALL_PREFIX=/home/jliang/ros_ws/install/console_bridge_vendor
[0.825s] Invoking command in '/home/jliang/ros_ws/build/console_bridge_vendor': CMAKE_PREFIX_PATH=${CMAKE_PREFIX_PATH}:/home/jliang/ros_ws/install/tf2_tools:/home/jliang/ros_ws/install/examples_tf2_py:/home/jliang/ros_ws/install/tf2_ros_py:/home/jliang/ros_ws/install/ros2plugin:/home/jliang/ros_ws/install/ravage_ros:/home/jliang/ros_ws/install/sensor_msgs_py:/home/jliang/ros_ws/install/rosidl_cli CONDA_PROMPT_MODIFIER=(ros_humble) /home/jliang/miniforge3/envs/ros_humble/bin/cmake --build /home/jliang/ros_ws/build/console_bridge_vendor -- -j48 -l48
[0.868s] Invoked command in '/home/jliang/ros_ws/build/console_bridge_vendor' returned '0': CMAKE_PREFIX_PATH=${CMAKE_PREFIX_PATH}:/home/jliang/ros_ws/install/tf2_tools:/home/jliang/ros_ws/install/examples_tf2_py:/home/jliang/ros_ws/install/tf2_ros_py:/home/jliang/ros_ws/install/ros2plugin:/home/jliang/ros_ws/install/ravage_ros:/home/jliang/ros_ws/install/sensor_msgs_py:/home/jliang/ros_ws/install/rosidl_cli CONDA_PROMPT_MODIFIER=(ros_humble) /home/jliang/miniforge3/envs/ros_humble/bin/cmake --build /home/jliang/ros_ws/build/console_bridge_vendor -- -j48 -l48
[0.870s] Invoking command in '/home/jliang/ros_ws/build/console_bridge_vendor': CMAKE_PREFIX_PATH=${CMAKE_PREFIX_PATH}:/home/jliang/ros_ws/install/tf2_tools:/home/jliang/ros_ws/install/examples_tf2_py:/home/jliang/ros_ws/install/tf2_ros_py:/home/jliang/ros_ws/install/ros2plugin:/home/jliang/ros_ws/install/ravage_ros:/home/jliang/ros_ws/install/sensor_msgs_py:/home/jliang/ros_ws/install/rosidl_cli CONDA_PROMPT_MODIFIER=(ros_humble) /home/jliang/miniforge3/envs/ros_humble/bin/cmake --install /home/jliang/ros_ws/build/console_bridge_vendor
[0.875s] -- Install configuration: "Release"
[0.875s] -- Execute custom install script
[0.875s] -- Up-to-date symlink: /home/jliang/ros_ws/install/console_bridge_vendor/share/ament_index/resource_index/package_run_dependencies/console_bridge_vendor
[0.876s] -- Up-to-date symlink: /home/jliang/ros_ws/install/console_bridge_vendor/share/ament_index/resource_index/parent_prefix_path/console_bridge_vendor
[0.876s] -- Up-to-date symlink: /home/jliang/ros_ws/install/console_bridge_vendor/share/console_bridge_vendor/environment/ament_prefix_path.sh
[0.876s] -- Up-to-date symlink: /home/jliang/ros_ws/install/console_bridge_vendor/share/console_bridge_vendor/environment/ament_prefix_path.dsv
[0.877s] -- Up-to-date symlink: /home/jliang/ros_ws/install/console_bridge_vendor/share/console_bridge_vendor/environment/path.sh
[0.877s] -- Up-to-date symlink: /home/jliang/ros_ws/install/console_bridge_vendor/share/console_bridge_vendor/environment/path.dsv
[0.877s] -- Up-to-date symlink: /home/jliang/ros_ws/install/console_bridge_vendor/share/console_bridge_vendor/local_setup.bash
[0.877s] -- Up-to-date symlink: /home/jliang/ros_ws/install/console_bridge_vendor/share/console_bridge_vendor/local_setup.sh
[0.877s] -- Up-to-date symlink: /home/jliang/ros_ws/install/console_bridge_vendor/share/console_bridge_vendor/local_setup.zsh
[0.877s] -- Up-to-date symlink: /home/jliang/ros_ws/install/console_bridge_vendor/share/console_bridge_vendor/local_setup.dsv
[0.877s] -- Symlinking: /home/jliang/ros_ws/install/console_bridge_vendor/share/console_bridge_vendor/package.dsv
[0.888s] -- Up-to-date symlink: /home/jliang/ros_ws/install/console_bridge_vendor/share/ament_index/resource_index/packages/console_bridge_vendor
[0.888s] -- Up-to-date symlink: /home/jliang/ros_ws/install/console_bridge_vendor/share/console_bridge_vendor/cmake/console_bridge_vendorConfig.cmake
[0.888s] -- Up-to-date symlink: /home/jliang/ros_ws/install/console_bridge_vendor/share/console_bridge_vendor/cmake/console_bridge_vendorConfig-version.cmake
[0.888s] -- Up-to-date symlink: /home/jliang/ros_ws/install/console_bridge_vendor/share/console_bridge_vendor/package.xml
[0.902s] Invoked command in '/home/jliang/ros_ws/build/console_bridge_vendor' returned '0': CMAKE_PREFIX_PATH=${CMAKE_PREFIX_PATH}:/home/jliang/ros_ws/install/tf2_tools:/home/jliang/ros_ws/install/examples_tf2_py:/home/jliang/ros_ws/install/tf2_ros_py:/home/jliang/ros_ws/install/ros2plugin:/home/jliang/ros_ws/install/ravage_ros:/home/jliang/ros_ws/install/sensor_msgs_py:/home/jliang/ros_ws/install/rosidl_cli CONDA_PROMPT_MODIFIER=(ros_humble) /home/jliang/miniforge3/envs/ros_humble/bin/cmake --install /home/jliang/ros_ws/build/console_bridge_vendor
